Log file open, 12/09/17 18:50:52
LogWindows: Failed to load 'aqProf.dll' (GetLastError=126)
LogWindows: File 'aqProf.dll' does not exist
LogWindows: Failed to load 'VtuneApi.dll' (GetLastError=126)
LogWindows: File 'VtuneApi.dll' does not exist
LogWindows: Failed to load 'VtuneApi32e.dll' (GetLastError=126)
LogWindows: File 'VtuneApi32e.dll' does not exist
LogInit: Display: Running engine for game: ThumbWars
LogPlatformFile: Not using cached read wrapper
LogInit: Display: RandInit(794655433) SRandInit(794655433).
LogInit: Read version file with build ID '3709383'
LogInit: Overriding engine version to CL 3754814, compatible CL 3709383
LogInit: Registered custom module enumerator with build ID '3709383'
LogTaskGraph: Started task graph with 5 named threads and 14 total threads with 3 sets of task threads.
LogStats: Stats thread started at 3.498173
LogD3D11RHI: Aftermath initialized
LogPluginManager: Mounting plugin Paper2D
LogPluginManager: Mounting plugin LightPropagationVolume
LogPluginManager: Mounting plugin CodeLiteSourceCodeAccess
LogPluginManager: Mounting plugin GitSourceControl
LogPluginManager: Mounting plugin KDevelopSourceCodeAccess
LogPluginManager: Mounting plugin NullSourceCodeAccess
LogPluginManager: Mounting plugin PerforceSourceControl
LogPluginManager: Mounting plugin SubversionSourceControl
LogPluginManager: Mounting plugin UObjectPlugin
LogPluginManager: Mounting plugin VisualStudioCodeSourceCodeAccess
LogPluginManager: Mounting plugin VisualStudioSourceCodeAccess
LogPluginManager: Mounting plugin XCodeSourceCodeAccess
LogPluginManager: Mounting plugin AssetManagerEditor
LogPluginManager: Mounting plugin AudioCapture
LogPluginManager: Mounting plugin FacialAnimation
LogPluginManager: Mounting plugin GameplayTagsEditor
LogPluginManager: Mounting plugin MobileLauncherProfileWizard
LogPluginManager: Mounting plugin PluginBrowser
LogPluginManager: Mounting plugin SpeedTreeImporter
LogPluginManager: Mounting plugin AlembicImporter
LogPluginManager: Mounting plugin CharacterAI
LogPluginManager: Mounting plugin HTML5Networking
LogPluginManager: Mounting plugin AndroidMedia
LogPluginManager: Mounting plugin AvfMedia
LogPluginManager: Mounting plugin ImgMedia
LogPluginManager: Mounting plugin MediaCompositing
LogPluginManager: Mounting plugin MediaPlayerEditor
LogPluginManager: Mounting plugin WmfMedia
LogPluginManager: Mounting plugin TcpMessaging
LogPluginManager: Mounting plugin UdpMessaging
LogPluginManager: Mounting plugin ActorSequence
LogPluginManager: Mounting plugin LevelSequenceEditor
LogPluginManager: Mounting plugin MatineeToLevelSequence
LogPluginManager: Mounting plugin OnlineSubsystemGooglePlay
LogPluginManager: Mounting plugin OnlineSubsystemIOS
LogPluginManager: Mounting plugin OnlineSubsystem
LogPluginManager: Mounting plugin OnlineSubsystemNull
LogPluginManager: Mounting plugin OnlineSubsystemUtils
LogPluginManager: Mounting plugin AndroidDeviceProfileSelector
LogPluginManager: Mounting plugin AndroidMoviePlayer
LogPluginManager: Mounting plugin AndroidPermission
LogPluginManager: Mounting plugin AppleARKit
LogPluginManager: Mounting plugin AppleMoviePlayer
LogPluginManager: Mounting plugin ArchVisCharacter
LogPluginManager: Mounting plugin CableComponent
LogPluginManager: Mounting plugin CustomMeshComponent
LogPluginManager: Mounting plugin ExampleDeviceProfileSelector
LogPluginManager: Mounting plugin GoogleCloudMessaging
LogPluginManager: Mounting plugin ImmediatePhysics
LogPluginManager: Mounting plugin IOSDeviceProfileSelector
LogPluginManager: Mounting plugin LinuxDeviceProfileSelector
LogPluginManager: Mounting plugin LocationServicesBPLibrary
LogPluginManager: Mounting plugin MobilePatchingUtils
LogPluginManager: Mounting plugin OculusVR
LogPluginManager: Plugin shader directory ../../../Engine/Plugins/Runtime/Oculus/OculusVR/Shaders found
LogPluginManager: Mapping shader source directory ../../../Engine/Plugins/Runtime/Oculus/OculusVR/Shaders to virtual directory /Plugin/OculusVR
LogPluginManager: Mounting plugin PhysXVehicles
LogPluginManager: Mounting plugin ProceduralMeshComponent
LogPluginManager: Mounting plugin RuntimePhysXCooking
LogPluginManager: Mounting plugin SteamVR
LogPluginManager: Mounting plugin WindowsMoviePlayer
LogModuleManager: Display: Found up-to-date module file ../../../../../../Users/Default.SixCore-PC/Desktop/Thumb_Wars/ThumbWars/Binaries/Win64/UE4Editor-ThumbWars-4714.dll (API version 3709383).
LogModuleManager: Display: Found up-to-date module file ../../../Engine/Plugins/2D/Paper2D/Binaries/Win64/UE4Editor-Paper2D.dll (API version 3709383).
LogModuleManager: Display: Found up-to-date module file ../../../Engine/Plugins/2D/Paper2D/Binaries/Win64/UE4Editor-Paper2DEditor.dll (API version 3709383).
LogModuleManager: Display: Found up-to-date module file ../../../Engine/Plugins/2D/Paper2D/Binaries/Win64/UE4Editor-PaperSpriteSheetImporter.dll (API version 3709383).
LogModuleManager: Display: Found up-to-date module file ../../../Engine/Plugins/2D/Paper2D/Binaries/Win64/UE4Editor-PaperTiledImporter.dll (API version 3709383).
LogModuleManager: Display: Found up-to-date module file ../../../Engine/Plugins/2D/Paper2D/Binaries/Win64/UE4Editor-SmartSnapping.dll (API version 3709383).
LogModuleManager: Display: Found up-to-date module file ../../../Engine/Plugins/Blendables/LightPropagationVolume/Binaries/Win64/UE4Editor-LightPropagationVolumeRuntime.dll (API version 3709383).
LogModuleManager: Display: Found up-to-date module file ../../../Engine/Plugins/Blendables/LightPropagationVolume/Binaries/Win64/UE4Editor-LightPropagationVolumeEditor.dll (API version 3709383).
LogModuleManager: Display: Found up-to-date module file ../../../Engine/Plugins/Developer/GitSourceControl/Binaries/Win64/UE4Editor-GitSourceControl.dll (API version 3709383).
LogModuleManager: Display: Found up-to-date module file ../../../Engine/Plugins/Developer/PerforceSourceControl/Binaries/Win64/UE4Editor-PerforceSourceControl.dll (API version 3709383).
LogModuleManager: Display: Found up-to-date module file ../../../Engine/Plugins/Developer/SubversionSourceControl/Binaries/Win64/UE4Editor-SubversionSourceControl.dll (API version 3709383).
LogModuleManager: Display: Found up-to-date module file ../../../Engine/Plugins/Developer/UObjectPlugin/Binaries/Win64/UE4Editor-UObjectPlugin.dll (API version 3709383).
LogModuleManager: Display: Found up-to-date module file ../../../Engine/Plugins/Developer/VisualStudioCodeSourceCodeAccess/Binaries/Win64/UE4Editor-VisualStudioCodeSourceCodeAccess.dll (API version 3709383).
LogModuleManager: Display: Found up-to-date module file ../../../Engine/Plugins/Developer/VisualStudioSourceCodeAccess/Binaries/Win64/UE4Editor-VisualStudioSourceCodeAccess.dll (API version 3709383).
LogModuleManager: Display: Found up-to-date module file ../../../Engine/Plugins/Editor/AssetManagerEditor/Binaries/Win64/UE4Editor-AssetManagerEditor.dll (API version 3709383).
LogModuleManager: Display: Found up-to-date module file ../../../Engine/Plugins/Editor/AudioCapture/Binaries/Win64/UE4Editor-AudioCapture.dll (API version 3709383).
LogModuleManager: Display: Found up-to-date module file ../../../Engine/Plugins/Editor/FacialAnimation/Binaries/Win64/UE4Editor-FacialAnimation.dll (API version 3709383).
LogModuleManager: Display: Found up-to-date module file ../../../Engine/Plugins/Editor/FacialAnimation/Binaries/Win64/UE4Editor-FacialAnimationEditor.dll (API version 3709383).
LogModuleManager: Display: Found up-to-date module file ../../../Engine/Plugins/Editor/GameplayTagsEditor/Binaries/Win64/UE4Editor-GameplayTagsEditor.dll (API version 3709383).
LogModuleManager: Display: Found up-to-date module file ../../../Engine/Plugins/Editor/MobileLauncherProfileWizard/Binaries/Win64/UE4Editor-MobileLauncherProfileWizard.dll (API version 3709383).
LogModuleManager: Display: Found up-to-date module file ../../../Engine/Plugins/Editor/PluginBrowser/Binaries/Win64/UE4Editor-PluginBrowser.dll (API version 3709383).
LogModuleManager: Display: Found up-to-date module file ../../../Engine/Plugins/Editor/SpeedTreeImporter/Binaries/Win64/UE4Editor-SpeedTreeImporter.dll (API version 3709383).
LogModuleManager: Display: Found up-to-date module file ../../../Engine/Plugins/Experimental/AlembicImporter/Binaries/Win64/UE4Editor-AlembicImporter.dll (API version 3709383).
LogModuleManager: Display: Found up-to-date module file ../../../Engine/Plugins/Experimental/AlembicImporter/Binaries/Win64/UE4Editor-AlembicLibrary.dll (API version 3709383).
LogModuleManager: Display: Found up-to-date module file ../../../Engine/Plugins/Experimental/CharacterAI/Binaries/Win64/UE4Editor-CharacterAI.dll (API version 3709383).
LogModuleManager: Display: Found up-to-date module file ../../../Engine/Plugins/Experimental/HTML5Networking/Binaries/Win64/UE4Editor-HTML5Networking.dll (API version 3709383).
LogModuleManager: Display: Found up-to-date module file ../../../Engine/Plugins/Media/AndroidMedia/Binaries/Win64/UE4Editor-AndroidMediaEditor.dll (API version 3709383).
LogModuleManager: Display: Found up-to-date module file ../../../Engine/Plugins/Media/AndroidMedia/Binaries/Win64/UE4Editor-AndroidMediaFactory.dll (API version 3709383).
LogModuleManager: Display: Found up-to-date module file ../../../Engine/Plugins/Media/AvfMedia/Binaries/Win64/UE4Editor-AvfMediaEditor.dll (API version 3709383).
LogModuleManager: Display: Found up-to-date module file ../../../Engine/Plugins/Media/AvfMedia/Binaries/Win64/UE4Editor-AvfMediaFactory.dll (API version 3709383).
LogModuleManager: Display: Found up-to-date module file ../../../Engine/Plugins/Media/AvfMedia/Binaries/Win64/UE4Editor-AvfMediaFactory.dll (API version 3709383).
LogModuleManager: Display: Found up-to-date module file ../../../Engine/Plugins/Media/ImgMedia/Binaries/Win64/UE4Editor-ImgMedia.dll (API version 3709383).
LogModuleManager: Display: Found up-to-date module file ../../../Engine/Plugins/Media/ImgMedia/Binaries/Win64/UE4Editor-ImgMediaEditor.dll (API version 3709383).
LogModuleManager: Display: Found up-to-date module file ../../../Engine/Plugins/Media/ImgMedia/Binaries/Win64/UE4Editor-ImgMediaFactory.dll (API version 3709383).
LogModuleManager: Display: Found up-to-date module file ../../../Engine/Plugins/Media/ImgMedia/Binaries/Win64/UE4Editor-ImgMediaFactory.dll (API version 3709383).
LogModuleManager: Display: Found up-to-date module file ../../../Engine/Plugins/Media/ImgMedia/Binaries/Win64/UE4Editor-OpenExrWrapper.dll (API version 3709383).
LogModuleManager: Display: Found up-to-date module file ../../../Engine/Plugins/Media/MediaCompositing/Binaries/Win64/UE4Editor-MediaCompositing.dll (API version 3709383).
LogModuleManager: Display: Found up-to-date module file ../../../Engine/Plugins/Media/MediaCompositing/Binaries/Win64/UE4Editor-MediaCompositingEditor.dll (API version 3709383).
LogModuleManager: Display: Found up-to-date module file ../../../Engine/Plugins/Media/MediaPlayerEditor/Binaries/Win64/UE4Editor-MediaPlayerEditor.dll (API version 3709383).
LogModuleManager: Display: Found up-to-date module file ../../../Engine/Plugins/Media/WmfMedia/Binaries/Win64/UE4Editor-WmfMedia.dll (API version 3709383).
LogModuleManager: Display: Found up-to-date module file ../../../Engine/Plugins/Media/WmfMedia/Binaries/Win64/UE4Editor-WmfMediaEditor.dll (API version 3709383).
LogModuleManager: Display: Found up-to-date module file ../../../Engine/Plugins/Media/WmfMedia/Binaries/Win64/UE4Editor-WmfMediaFactory.dll (API version 3709383).
LogModuleManager: Display: Found up-to-date module file ../../../Engine/Plugins/Media/WmfMedia/Binaries/Win64/UE4Editor-WmfMediaFactory.dll (API version 3709383).
LogModuleManager: Display: Found up-to-date module file ../../../Engine/Plugins/Messaging/TcpMessaging/Binaries/Win64/UE4Editor-TcpMessaging.dll (API version 3709383).
LogModuleManager: Display: Found up-to-date module file ../../../Engine/Plugins/Messaging/UdpMessaging/Binaries/Win64/UE4Editor-UdpMessaging.dll (API version 3709383).
LogModuleManager: Display: Found up-to-date module file ../../../Engine/Plugins/MovieScene/ActorSequence/Binaries/Win64/UE4Editor-ActorSequence.dll (API version 3709383).
LogModuleManager: Display: Found up-to-date module file ../../../Engine/Plugins/MovieScene/LevelSequenceEditor/Binaries/Win64/UE4Editor-LevelSequenceEditor.dll (API version 3709383).
LogModuleManager: Display: Found up-to-date module file ../../../Engine/Plugins/MovieScene/MatineeToLevelSequence/Binaries/Win64/UE4Editor-MatineeToLevelSequence.dll (API version 3709383).
LogModuleManager: Display: Found up-to-date module file ../../../Engine/Plugins/Online/OnlineSubsystem/Binaries/Win64/UE4Editor-OnlineSubsystem.dll (API version 3709383).
LogModuleManager: Display: Found up-to-date module file ../../../Engine/Plugins/Online/OnlineSubsystemNull/Binaries/Win64/UE4Editor-OnlineSubsystemNull.dll (API version 3709383).
LogModuleManager: Display: Found up-to-date module file ../../../Engine/Plugins/Online/OnlineSubsystemUtils/Binaries/Win64/UE4Editor-OnlineSubsystemUtils.dll (API version 3709383).
LogModuleManager: Display: Found up-to-date module file ../../../Engine/Plugins/Online/OnlineSubsystemUtils/Binaries/Win64/UE4Editor-OnlineBlueprintSupport.dll (API version 3709383).
LogModuleManager: Display: Found up-to-date module file ../../../Engine/Plugins/Runtime/AndroidDeviceProfileSelector/Binaries/Win64/UE4Editor-AndroidDeviceProfileSelector.dll (API version 3709383).
LogModuleManager: Display: Found up-to-date module file ../../../Engine/Plugins/Runtime/AndroidPermission/Binaries/Win64/UE4Editor-AndroidPermission.dll (API version 3709383).
LogModuleManager: Display: Found up-to-date module file ../../../Engine/Plugins/Runtime/AppleARKit/Binaries/Win64/UE4Editor-AppleARKit.dll (API version 3709383).
LogModuleManager: Display: Found up-to-date module file ../../../Engine/Plugins/Runtime/ArchVisCharacter/Binaries/Win64/UE4Editor-ArchVisCharacter.dll (API version 3709383).
LogModuleManager: Display: Found up-to-date module file ../../../Engine/Plugins/Runtime/CableComponent/Binaries/Win64/UE4Editor-CableComponent.dll (API version 3709383).
LogModuleManager: Display: Found up-to-date module file ../../../Engine/Plugins/Runtime/CustomMeshComponent/Binaries/Win64/UE4Editor-CustomMeshComponent.dll (API version 3709383).
LogModuleManager: Display: Found up-to-date module file ../../../Engine/Plugins/Runtime/ExampleDeviceProfileSelector/Binaries/Win64/UE4Editor-ExampleDeviceProfileSelector.dll (API version 3709383).
LogModuleManager: Display: Found up-to-date module file ../../../Engine/Plugins/Runtime/ImmediatePhysics/Binaries/Win64/UE4Editor-ImmediatePhysics.dll (API version 3709383).
LogModuleManager: Display: Found up-to-date module file ../../../Engine/Plugins/Runtime/ImmediatePhysics/Binaries/Win64/UE4Editor-ImmediatePhysicsEditor.dll (API version 3709383).
LogModuleManager: Display: Found up-to-date module file ../../../Engine/Plugins/Runtime/LocationServicesBPLibrary/Binaries/Win64/UE4Editor-LocationServicesBPLibrary.dll (API version 3709383).
LogModuleManager: Display: Found up-to-date module file ../../../Engine/Plugins/Runtime/MobilePatchingUtils/Binaries/Win64/UE4Editor-MobilePatchingUtils.dll (API version 3709383).
LogModuleManager: Display: Found up-to-date module file ../../../Engine/Plugins/Runtime/Oculus/OculusVR/Binaries/Win64/UE4Editor-OculusHMD.dll (API version 3709383).
LogModuleManager: Display: Found up-to-date module file ../../../Engine/Plugins/Runtime/Oculus/OculusVR/Binaries/Win64/UE4Editor-OculusInput.dll (API version 3709383).
LogModuleManager: Display: Found up-to-date module file ../../../Engine/Plugins/Runtime/Oculus/OculusVR/Binaries/Win64/UE4Editor-OculusEditor.dll (API version 3709383).
LogModuleManager: Display: Found up-to-date module file ../../../Engine/Plugins/Runtime/PhysXVehicles/Binaries/Win64/UE4Editor-PhysXVehicles.dll (API version 3709383).
LogModuleManager: Display: Found up-to-date module file ../../../Engine/Plugins/Runtime/PhysXVehicles/Binaries/Win64/UE4Editor-PhysXVehiclesEditor.dll (API version 3709383).
LogModuleManager: Display: Found up-to-date module file ../../../Engine/Plugins/Runtime/ProceduralMeshComponent/Binaries/Win64/UE4Editor-ProceduralMeshComponent.dll (API version 3709383).
LogModuleManager: Display: Found up-to-date module file ../../../Engine/Plugins/Runtime/ProceduralMeshComponent/Binaries/Win64/UE4Editor-ProceduralMeshComponentEditor.dll (API version 3709383).
LogModuleManager: Display: Found up-to-date module file ../../../Engine/Plugins/Runtime/RuntimePhysXCooking/Binaries/Win64/UE4Editor-RuntimePhysXCooking.dll (API version 3709383).
LogModuleManager: Display: Found up-to-date module file ../../../Engine/Plugins/Runtime/Steam/SteamVR/Binaries/Win64/UE4Editor-SteamVR.dll (API version 3709383).
LogModuleManager: Display: Found up-to-date module file ../../../Engine/Plugins/Runtime/Steam/SteamVR/Binaries/Win64/UE4Editor-SteamVRController.dll (API version 3709383).
LogModuleManager: Display: Found up-to-date module file ../../../Engine/Plugins/Runtime/WindowsMoviePlayer/Binaries/Win64/UE4Editor-WindowsMoviePlayer.dll (API version 3709383).
LogInit: Using libcurl 7.47.1
LogInit:  - built for x86_64-pc-win32
LogInit:  - supports SSL with OpenSSL/1.0.2g
LogInit:  - supports HTTP deflate (compression) using libz 1.2.8
LogInit:  - other features:
LogInit:      CURL_VERSION_SSL
LogInit:      CURL_VERSION_LIBZ
LogInit:      CURL_VERSION_IPV6
LogInit:      CURL_VERSION_ASYNCHDNS
LogInit:      CURL_VERSION_LARGEFILE
LogInit:      CURL_VERSION_IDN
LogInit:  CurlRequestOptions (configurable via config and command line):
LogInit:  - bVerifyPeer = false  - Libcurl will NOT verify peer certificate
LogInit:  - bUseHttpProxy = false  - Libcurl will NOT use HTTP proxy
LogInit:  - bDontReuseConnections = false  - Libcurl will reuse connections
LogInit:  - CertBundlePath = nullptr  - Libcurl will use whatever was configured at build time.
LogInit: Build: ++UE4+Release-4.18-CL-3754814
LogInit: Engine Version: 4.18.1-3754814+++UE4+Release-4.18
LogInit: Compatible Engine Version: 4.18.0-3709383+++UE4+Release-4.18
LogInit: Net CL: 3709383
LogDevObjectVersion: Number of dev versions registered: 16
LogDevObjectVersion:   Dev-Blueprints (B0D832E4-1F89-4F0D-ACCF-7EB736FD4AA2): 10
LogDevObjectVersion:   Dev-Build (E1C64328-A22C-4D53-A36C-8E866417BD8C): 0
LogDevObjectVersion:   Dev-Core (375EC13C-06E4-48FB-B500-84F0262A717E): 2
LogDevObjectVersion:   Dev-Editor (E4B068ED-F494-42E9-A231-DA0B2E46BB41): 20
LogDevObjectVersion:   Dev-Framework (CFFC743F-43B0-4480-9391-14DF171D2073): 30
LogDevObjectVersion:   Dev-Mobile (B02B49B5-BB20-44E9-A304-32B752E40360): 0
LogDevObjectVersion:   Dev-Networking (A4E4105C-59A1-49B5-A7C5-40C4547EDFEE): 0
LogDevObjectVersion:   Dev-Online (39C831C9-5AE6-47DC-9A44-9C173E1C8E7C): 0
LogDevObjectVersion:   Dev-Physics (78F01B33-EBEA-4F98-B9B4-84EACCB95AA2): 0
LogDevObjectVersion:   Dev-Platform (6631380F-2D4D-43E0-8009-CF276956A95A): 0
LogDevObjectVersion:   Dev-Rendering (12F88B9F-8875-4AFC-A67C-D90C383ABD29): 20
LogDevObjectVersion:   Dev-Sequencer (7B5AE74C-D270-4C10-A958-57980B212A5A): 4
LogDevObjectVersion:   Dev-VR (D7296918-1DD6-4BDD-9DE2-64A83CC13884): 0
LogDevObjectVersion:   Dev-LoadTimes (C2A15278-BFE7-4AFE-6C17-90FF531DF755): 1
LogDevObjectVersion:   Private-Geometry (6EACA3D4-40EC-4CC1-B786-8BED09428FC5): 1
LogDevObjectVersion:   Dev-AnimPhys (29E575DD-E0A3-4627-9D10-D276232CDCEA): 12
LogInit: Compiled (64-bit): Nov 14 2017 02:05:55
LogInit: Compiled with Visual C++: 19.00.24215.01
LogInit: Build Configuration: Development
LogInit: Branch Name: ++UE4+Release-4.18
LogInit: Command line:  
LogInit: Base directory: C:/Program Files/Epic Games/UE_4.18/Engine/Binaries/Win64/
LogInit: Installed Engine Build: 1
LogInit: Presizing for max 8388607 objects, including 0 objects not considered by GC, pre-allocating 0 bytes for permanent pool.
LogInit: Object subsystem initialized
[2017.12.09-23.51.05:017][  0]LogInit: Selected Device Profile: [Windows]
[2017.12.09-23.51.05:017][  0]LogInit: Applying CVar settings loaded from the selected device profile: [Windows]
[2017.12.09-23.51.05:737][  0]LogInit: Computer: SIXCORE-PC
[2017.12.09-23.51.05:737][  0]LogInit: User: Default
[2017.12.09-23.51.05:737][  0]LogInit: CPU Page size=4096, Cores=4
[2017.12.09-23.51.05:737][  0]LogInit: High frequency timer resolution =3.433203 MHz
[2017.12.09-23.51.05:915][  0]LogMemory: Memory total: Physical=16.0GB (16GB approx)
[2017.12.09-23.51.05:915][  0]LogMemory: Platform Memory Stats for Windows
[2017.12.09-23.51.05:915][  0]LogMemory: Process Physical Memory: 273.48 MB used, 273.48 MB peak
[2017.12.09-23.51.05:915][  0]LogMemory: Process Virtual Memory: 272.73 MB used, 272.73 MB peak
[2017.12.09-23.51.05:915][  0]LogMemory: Physical Memory: 7462.51 MB used,  8903.04 MB free, 16365.55 MB total
[2017.12.09-23.51.05:915][  0]LogMemory: Virtual Memory: 628.48 MB used,  8903.04 MB free, 8388608.00 MB total
[2017.12.09-23.51.08:754][  0]LogInit: Using OS detected language (en-US).
[2017.12.09-23.51.08:754][  0]LogInit: Using OS detected locale (en-US).
[2017.12.09-23.51.09:140][  0]LogTextLocalizationManager: No specific localization for 'en-US' exists, so the 'en' localization will be used.
[2017.12.09-23.51.10:982][  0]LogWindows: Failed to load 'shcore.dll' (GetLastError=126)
[2017.12.09-23.51.10:982][  0]LogWindows: File 'shcore.dll' does not exist
[2017.12.09-23.51.10:982][  0]LogInit: Setting process to DPI aware
[2017.12.09-23.51.11:338][  0]LogWindows: Failed to load 'shcore.dll' (GetLastError=126)
[2017.12.09-23.51.11:338][  0]LogWindows: File 'shcore.dll' does not exist
[2017.12.09-23.51.11:338][  0]LogInit: Setting process to DPI aware
[2017.12.09-23.51.16:519][  0]LogD3D11RHI: D3D11 adapters:
[2017.12.09-23.51.16:553][  0]LogD3D11RHI:    0. 'NVIDIA GeForce GTX 950' (Feature Level 11_0)
[2017.12.09-23.51.16:553][  0]LogD3D11RHI:       1970/0/7926 MB DedicatedVideo/DedicatedSystem/SharedSystem, Outputs:2, VendorId:0x10de
[2017.12.09-23.51.16:553][  0]LogD3D11RHI: Chosen D3D11 Adapter: 0
[2017.12.09-23.51.16:562][  0]LogD3D11RHI: Creating new Direct3DDevice
[2017.12.09-23.51.16:563][  0]LogD3D11RHI:     GPU DeviceId: 0x1402 (for the marketing name, search the web for "GPU Device Id")
[2017.12.09-23.51.16:563][  0]LogWindows: EnumDisplayDevices:
[2017.12.09-23.51.16:563][  0]LogWindows:    0. 'NVIDIA GeForce GTX 950' (P:1 D:1)
[2017.12.09-23.51.16:581][  0]LogWindows:    1. 'NVIDIA GeForce GTX 950' (P:0 D:1)
[2017.12.09-23.51.16:582][  0]LogWindows:    2. 'NVIDIA GeForce GTX 950' (P:0 D:0)
[2017.12.09-23.51.16:582][  0]LogWindows:    3. 'NVIDIA GeForce GTX 950' (P:0 D:0)
[2017.12.09-23.51.16:582][  0]LogWindows:    4. 'RDPDD Chained DD' (P:0 D:0)
[2017.12.09-23.51.16:583][  0]LogWindows:    5. 'RDP Encoder Mirror Driver' (P:0 D:0)
[2017.12.09-23.51.16:583][  0]LogWindows:    6. 'RDP Reflector Display Driver' (P:0 D:0)
[2017.12.09-23.51.16:583][  0]LogWindows: DebugString: GetVideoDriverDetailsInvalid PrimaryIsNotTheChoosenAdapter GetVideoDriverDetailsInvalid PrimaryIsNotTheChoosenAdapter GetVideoDriverDetailsInvalid PrimaryIsNotTheChoosenAdapter FoundDriverCount:4 
[2017.12.09-23.51.16:583][  0]LogD3D11RHI:     Adapter Name: NVIDIA GeForce GTX 950
[2017.12.09-23.51.16:583][  0]LogD3D11RHI:   Driver Version: 385.69 (internal:22.21.13.8569, unified:385.69)
[2017.12.09-23.51.16:583][  0]LogD3D11RHI:      Driver Date: 9-16-2017
[2017.12.09-23.51.16:583][  0]LogRHI: Texture pool is 1379 MB (70% of 1970 MB)
[2017.12.09-23.51.16:597][  0]LogD3D11RHI: Async texture creation enabled
[2017.12.09-23.51.17:752][  0]LogD3D11RHI: GPU Timing Frequency: 1000.000000 (Debug: 2 2)
[2017.12.09-23.51.18:003][  0]LogShaderCompilers: Guid format shader working directory is -13 characters bigger than the processId version (../../../../../../Users/Default.SixCore-PC/Desktop/Thumb_Wars/ThumbWars/Intermediate/Shaders/WorkingDirectory/10980/).
[2017.12.09-23.51.18:004][  0]LogShaderCompilers: Cleaned the shader compiler working directory 'C:/Users/Default.SixCore-PC/AppData/Local/Temp/UnrealShaderWorkingDir/6AA26287483D5AE76811E296DC1AC621/'.
[2017.12.09-23.51.18:043][  0]LogShaderCompilers: Display: Using Local Shader Compiler.
[2017.12.09-23.51.30:287][  0]LogTemp: Display: Loaded TP AllDesktopTargetPlatform
[2017.12.09-23.51.30:400][  0]LogTemp: Display: Loaded TP MacClientTargetPlatform
[2017.12.09-23.51.30:493][  0]LogTemp: Display: Loaded TP MacNoEditorTargetPlatform
[2017.12.09-23.51.30:598][  0]LogTemp: Display: Loaded TP MacServerTargetPlatform
[2017.12.09-23.51.30:815][  0]LogTemp: Display: Loaded TP MacTargetPlatform
[2017.12.09-23.51.30:944][  0]LogTemp: Display: Loaded TP WindowsClientTargetPlatform
[2017.12.09-23.51.31:055][  0]LogTemp: Display: Loaded TP WindowsNoEditorTargetPlatform
[2017.12.09-23.51.31:161][  0]LogTemp: Display: Loaded TP WindowsServerTargetPlatform
[2017.12.09-23.51.31:265][  0]LogTemp: Display: Loaded TP WindowsTargetPlatform
[2017.12.09-23.51.31:402][  0]LogTemp: Display: Loaded TP Android_ASTCTargetPlatform
[2017.12.09-23.51.31:533][  0]LogTemp: Display: Loaded TP Android_ATCTargetPlatform
[2017.12.09-23.51.31:660][  0]LogTemp: Display: Loaded TP Android_DXTTargetPlatform
[2017.12.09-23.51.31:772][  0]LogTemp: Display: Loaded TP Android_ETC1TargetPlatform
[2017.12.09-23.51.31:905][  0]LogTemp: Display: Loaded TP Android_ETC2TargetPlatform
[2017.12.09-23.51.32:183][  0]LogTemp: Display: Loaded TP Android_MultiTargetPlatform
[2017.12.09-23.51.32:183][  0]LogTemp: Display: Loaded TP Android_PVRTCTargetPlatform
[2017.12.09-23.51.32:344][  0]LogTemp: Display: Loaded TP AndroidTargetPlatform
[2017.12.09-23.51.32:460][  0]LogTemp: Display: Loaded TP HTML5TargetPlatform
[2017.12.09-23.51.32:745][  0]LogTemp: Display: Loaded TP IOSTargetPlatform
[2017.12.09-23.51.32:806][  0]LogTemp: Display: Loaded TP TVOSTargetPlatform
[2017.12.09-23.51.32:953][  0]LogTemp: Display: Loaded TP LinuxClientTargetPlatform
[2017.12.09-23.51.33:100][  0]LogTemp: Display: Loaded TP LinuxNoEditorTargetPlatform
[2017.12.09-23.51.33:231][  0]LogTemp: Display: Loaded TP LinuxServerTargetPlatform
[2017.12.09-23.51.33:364][  0]LogTemp: Display: Loaded TP LinuxTargetPlatform
[2017.12.09-23.51.33:364][  0]LogTargetPlatformManager: Display: Building Assets For Windows
[2017.12.09-23.51.35:627][  0]LogDerivedDataCache: Display: Max Cache Size: 512 MB
[2017.12.09-23.51.37:313][  0]LogDerivedDataCache: Loaded boot cache 1.62s 78MB C:/Users/Default.SixCore-PC/AppData/Local/UnrealEngine/4.18/DerivedDataCache/Boot.ddc.
[2017.12.09-23.51.37:313][  0]LogDerivedDataCache: Display: Loaded Boot cache: C:/Users/Default.SixCore-PC/AppData/Local/UnrealEngine/4.18/DerivedDataCache/Boot.ddc
[2017.12.09-23.51.37:313][  0]LogDerivedDataCache: FDerivedDataBackendGraph:  Pak pak cache file ../../../../../../Users/Default.SixCore-PC/Desktop/Thumb_Wars/ThumbWars/DerivedDataCache/DDC.ddp not found, will not use a pak cache.
[2017.12.09-23.51.37:313][  0]LogDerivedDataCache: Unable to find inner node Pak for hierarchical cache Hierarchy.
[2017.12.09-23.51.37:313][  0]LogDerivedDataCache: FDerivedDataBackendGraph:  CompressedPak pak cache file ../../../../../../Users/Default.SixCore-PC/Desktop/Thumb_Wars/ThumbWars/DerivedDataCache/Compressed.ddp not found, will not use a pak cache.
[2017.12.09-23.51.37:313][  0]LogDerivedDataCache: Unable to find inner node CompressedPak for hierarchical cache Hierarchy.
[2017.12.09-23.51.37:427][  0]LogDerivedDataCache: Display: Pak cache opened for reading ../../../Engine/DerivedDataCache/Compressed.ddp.
[2017.12.09-23.51.37:510][  0]LogDerivedDataCache: Using Local data cache path C:/Users/Default.SixCore-PC/AppData/Local/UnrealEngine/Common/DerivedDataCache: Writable
[2017.12.09-23.51.37:664][  0]LogMaterial: Verifying Global Shaders for PCD3D_SM5
[2017.12.09-23.51.37:774][  0]LogSlate: Using Freetype 2.6.0
[2017.12.09-23.51.37:918][  0]LogSlate: SlateFontCache - WITH_FREETYPE: 1, WITH_HARFBUZZ: 1
[2017.12.09-23.51.37:938][  0]LogSlate: SlateFontCache - WITH_FREETYPE: 1, WITH_HARFBUZZ: 1
[2017.12.09-23.51.51:647][  0]LogInit: Selected Device Profile: [Windows]
[2017.12.09-23.51.55:064][  0]LogSimplygon: Simplygon DLL not present - disabling.
[2017.12.09-23.51.55:210][  0]LogMeshReduction: Using SimplygonSwarm for distributed automatic mesh merging
[2017.12.09-23.51.55:248][  0]LogMeshReduction: Using QuadricMeshReduction for automatic static mesh reduction
[2017.12.09-23.51.55:248][  0]LogMeshReduction: No automatic skeletal mesh reduction module available
[2017.12.09-23.51.55:248][  0]LogMeshReduction: No automatic mesh merging module available
[2017.12.09-23.51.55:248][  0]LogMeshMerging: No automatic mesh merging module available
[2017.12.09-23.51.57:146][  0]LogNetVersion: ThumbWars , NetCL: 3709383, EngineNetVer: 2, GameNetVer: 0 (Checksum: 4286042774)
[2017.12.09-23.52.00:919][  0]LogAssetRegistry: FAssetRegistry took 0.1151 seconds to start up
[2017.12.09-23.52.14:166][  0]LogPackageLocalizationCache: Processed 7 localized package path(s) for 2 prioritized culture(s) in 0.307263 seconds
[2017.12.09-23.52.14:198][  0]LogUObjectArray: 35900 objects as part of root set at end of initial load.
[2017.12.09-23.52.14:198][  0]LogUObjectAllocator: 7372024 out of 0 bytes used by permanent object pool.
[2017.12.09-23.52.14:198][  0]LogUObjectArray: CloseDisregardForGC: 0/0 objects in disregard for GC pool
[2017.12.09-23.52.14:321][  0]LogInit: WinSock: version 1.1 (2.2), MaxSocks=32767, MaxUdp=65467
[2017.12.09-23.52.59:015][  0]LogTcpMessaging: Initializing TcpMessaging bridge
[2017.12.09-23.52.59:098][  0]LogUdpMessaging: Initializing bridge on interface 0.0.0.0:0 to multicast group 230.0.0.1:6666.
[2017.12.09-23.53.02:499][  0]LogMaterial: Uniform references updated for custom material expression Custom.
[2017.12.09-23.53.04:876][  0]SourceControl: Source control is disabled
[2017.12.09-23.53.04:901][  0]SourceControl: Source control is disabled
[2017.12.09-23.53.05:329][  0]SourceControl: Source control is disabled
[2017.12.09-23.53.05:513][  0]SourceControl: Source control is disabled
[2017.12.09-23.53.08:046][  0]LogAndroidPermission: UAndroidPermissionCallbackProxy::GetInstance
[2017.12.09-23.53.08:542][  0]LogOcInput: OculusInput pre-init called
[2017.12.09-23.53.09:885][  0]LogEngine: Initializing Engine...
[2017.12.09-23.53.10:123][  0]LogHMD: Failed to initialize OpenVR with code 105
[2017.12.09-23.53.12:237][  0]LogStats: UGameplayTagsManager::ConstructGameplayTagTree: Construct from data asset -  0.000 s
[2017.12.09-23.53.12:245][  0]LogStats: UGameplayTagsManager::ConstructGameplayTagTree: GameplayTagTreeChangedEvent.Broadcast -  0.001 s
[2017.12.09-23.53.13:055][  0]LogAIModule: Creating AISystem for world Untitled
[2017.12.09-23.53.13:391][  0]LogInit: XAudio2 using 'Speakers (Plantronics GameCom 818)' : 2 channels at 44.1 kHz using 16 bits per sample (channel mask 0x3)
[2017.12.09-23.53.13:444][  0]LogInit: FAudioDevice initialized.
[2017.12.09-23.53.13:729][  0]LogDerivedDataCache: Saved boot cache 0.27s 78MB C:/Users/Default.SixCore-PC/AppData/Local/UnrealEngine/4.18/DerivedDataCache/Boot.ddc.
[2017.12.09-23.53.13:769][  0]LogInit: Texture streaming: Enabled
[2017.12.09-23.53.14:105][  0]LogEngineSessionManager: EngineSessionManager initialized
[2017.12.09-23.53.14:616][  0]LogInit: Transaction tracking system initialized
[2017.12.09-23.53.16:075][  0]BlueprintLog: New page: Editor Load
[2017.12.09-23.53.19:874][  0]LocalizationService: Localization service is disabled
[2017.12.09-23.53.22:730][  0]LogConsoleResponse: Display: 
[2017.12.09-23.53.28:123][  0]LogFileCache: Scanning file cache for directory 'C:/Users/Default.SixCore-PC/Desktop/Thumb_Wars/ThumbWars/Content/' took 0.03s
[2017.12.09-23.53.28:123][  0]LogCook: Display: Max memory allowance for cook 16384mb min free memory 0mb
[2017.12.09-23.53.28:123][  0]LogCook: Display: Mobile HDR setting 1
[2017.12.09-23.53.28:144][  0]LogGameplayTags: Display: UGameplayTagsManager::DoneAddingNativeTags. DelegateIsBound: 0
[2017.12.09-23.53.32:799][  0]SourceControl: Source control is disabled
[2017.12.09-23.53.32:987][  0]Cmd: MAP LOAD FILE="../../../Engine/Content/Maps/Templates/Template_Default.umap" TEMPLATE=1 SHOWPROGRESS=1 FEATURELEVEL=3
[2017.12.09-23.53.33:131][  0]LightingResults: New page: Lighting Build
[2017.12.09-23.53.33:357][  0]MapCheck: New page: Map Check
[2017.12.09-23.53.33:357][  0]LightingResults: New page: Lighting Build
[2017.12.09-23.53.36:205][  0]LogAIModule: Creating AISystem for world Untitled_1
[2017.12.09-23.53.37:088][  0]LogEditorServer: Finished looking for orphan Actors (0.000 secs)
[2017.12.09-23.53.37:233][  0]Cmd: MAP CHECKDEP NOCLEARLOG
[2017.12.09-23.53.37:352][  0]MapCheck: Map check complete: 0 Error(s), 0 Warning(s), took 119.326ms to complete.
[2017.12.09-23.53.37:352][  0]LogFileHelpers: Loading map 'Template_Default' took 4.481
[2017.12.09-23.53.39:952][  0]LogCollectionManager: Loaded 0 collections in 0.002521 seconds
[2017.12.09-23.53.40:334][  0]LogFileCache: Scanning file cache for directory 'C:/Users/Default.SixCore-PC/Desktop/Thumb_Wars/ThumbWars/Saved/Collections/' took 0.01s
[2017.12.09-23.53.40:334][  0]LogFileCache: Scanning file cache for directory 'C:/Users/Default.SixCore-PC/Desktop/Thumb_Wars/ThumbWars/Content/Developers/Default/Collections/' took 0.01s
[2017.12.09-23.53.40:334][  0]LogFileCache: Scanning file cache for directory 'C:/Users/Default.SixCore-PC/Desktop/Thumb_Wars/ThumbWars/Content/Collections/' took 0.01s
[2017.12.09-23.53.40:334][  0]LogCollectionManager: Rebuilt the GUID cache for 0 collections in 0.000000 seconds
[2017.12.09-23.53.40:447][  0]LogContentBrowser: Native class hierarchy populated in 0.0977 seconds. Added 2364 classes and 521 folders.
[2017.12.09-23.53.40:773][  0]LogContentBrowser: Native class hierarchy updated for 'WidgetCarousel' in 0.0007 seconds. Added 0 classes and 0 folders.
[2017.12.09-23.53.43:507][  0]LogContentBrowser: Native class hierarchy updated for 'AddContentDialog' in 0.0008 seconds. Added 0 classes and 0 folders.
[2017.12.09-23.53.43:714][  0]LogContentBrowser: Native class hierarchy updated for 'SceneOutliner' in 0.0008 seconds. Added 1 classes and 2 folders.
[2017.12.09-23.53.46:401][  0]LogSlate: Took 0.015026 seconds to synchronously load lazily loaded font '../../../Engine/Content/Slate/Fonts/Roboto-Regular.ttf' (155K)
[2017.12.09-23.53.46:447][  0]LogSlate: Took 0.028476 seconds to synchronously load lazily loaded font '../../../Engine/Content/Slate/Fonts/Roboto-Bold.ttf' (160K)
[2017.12.09-23.53.46:554][  0]LogSlate: Took 0.024149 seconds to synchronously load lazily loaded font '../../../Engine/Content/Editor/Slate/Fonts/FontAwesome.ttf' (139K)
[2017.12.09-23.53.47:732][  0]LogRenderer: Reallocating scene render targets to support 844x420 Format 10 NumSamples 1 (Frame:1).
[2017.12.09-23.53.49:150][  0]LogContentBrowser: Native class hierarchy updated for 'HierarchicalLODOutliner' in 0.0008 seconds. Added 1 classes and 2 folders.
[2017.12.09-23.53.49:150][  0]LogLoad: (Engine Initialization) Total time: 225.92 seconds
[2017.12.09-23.53.49:150][  0]LogLoad: (Engine Initialization) Total Blueprint compile time: 0.00 seconds
[2017.12.09-23.53.49:187][  0]LogExternalProfiler: Found external profiler: VSPerf
[2017.12.09-23.53.49:187][  0]LogExternalProfiler: Using external profiler: VSPerf
[2017.12.09-23.53.49:835][  0]LogContentStreaming: Texture pool size now 1000 MB
[2017.12.09-23.53.50:407][  2]LogAssetRegistry: Asset discovery search completed in 109.5287 seconds
[2017.12.09-23.53.50:409][  2]LogCollectionManager: Rebuilt the object cache for 0 collections in 0.000000 seconds (found 0 objects)
[2017.12.09-23.53.50:409][  2]LogCollectionManager: Fixed up redirectors for 0 collections in 0.000044 seconds (updated 0 objects)
[2017.12.09-23.53.54:128][ 13]LogSlate: Took 0.026335 seconds to synchronously load lazily loaded font '../../../Engine/Content/Slate/Fonts/Roboto-Light.ttf' (159K)
[2017.12.09-23.54.35:708][547]LogSlate: Took 0.000220 seconds to synchronously load lazily loaded font '../../../Engine/Content/Slate/Fonts/Roboto-Light.ttf' (159K)
[2017.12.09-23.54.35:882][547]LogAIModule: Creating AISystem for world TestLevel
[2017.12.09-23.54.36:005][547]Cmd: MAP LOAD FILE="../../../../../../Users/Default.SixCore-PC/Desktop/Thumb_Wars/ThumbWars/Content/Levels/TestLevel.umap" TEMPLATE=0 SHOWPROGRESS=1 FEATURELEVEL=3
[2017.12.09-23.54.36:005][547]LightingResults: New page: Lighting Build
[2017.12.09-23.54.36:006][547]LoadErrors: New page: Loading map: TestLevel.umap
[2017.12.09-23.54.36:018][547]MapCheck: New page: Map Check
[2017.12.09-23.54.36:018][547]LightingResults: New page: Lighting Build
[2017.12.09-23.54.36:268][547]LogEditorServer: Finished looking for orphan Actors (0.000 secs)
[2017.12.09-23.54.36:363][547]Cmd: MAP CHECKDEP NOCLEARLOG
[2017.12.09-23.54.36:433][547]MapCheck: Map check complete: 0 Error(s), 0 Warning(s), took 69.634ms to complete.
[2017.12.09-23.54.36:433][547]LogFileHelpers: Loading map 'TestLevel' took 0.470
[2017.12.09-23.54.46:000][645]LogTemp: Repeating last play command: Selected Viewport
[2017.12.09-23.54.46:119][645]LogPlayLevel: PlayLevel: No blueprints needed recompiling
[2017.12.09-23.54.46:143][645]PIE: New page: PIE session: TestLevel (Dec 9, 2017, 1:54:46 PM)
[2017.12.09-23.54.46:143][645]LogPlayLevel: Creating play world package: /Game/Levels/UEDPIE_0_TestLevel
[2017.12.09-23.54.46:172][645]LogPlayLevel: PIE: StaticDuplicateObject took: (0.028679s)
[2017.12.09-23.54.46:172][645]LogAIModule: Creating AISystem for world TestLevel
[2017.12.09-23.54.46:173][645]LogPlayLevel: PIE: World Init took: (0.000933s)
[2017.12.09-23.54.46:173][645]LogPlayLevel: PIE: Created PIE world by copying editor world from /Game/Levels/TestLevel.TestLevel to /Game/Levels/UEDPIE_0_TestLevel.TestLevel (0.029909s)
[2017.12.09-23.54.46:240][645]LogInit: XAudio2 using 'Speakers (Plantronics GameCom 818)' : 2 channels at 44.1 kHz using 16 bits per sample (channel mask 0x3)
[2017.12.09-23.54.46:249][645]LogInit: FAudioDevice initialized.
[2017.12.09-23.54.46:322][645]LogLoad: Game class is 'BP_FPSGameMode_C'
[2017.12.09-23.54.46:357][645]LogWorld: Bringing World /Game/Levels/UEDPIE_0_TestLevel.TestLevel up for play (max tick rate 0) at 2017.12.09-18.54.46
[2017.12.09-23.54.46:376][645]LogWorld: Bringing up level for play took: 0.020381
[2017.12.09-23.54.46:560][645]LogContentBrowser: Native class hierarchy updated for 'MovieSceneCapture' in 0.0009 seconds. Added 11 classes and 0 folders.
[2017.12.09-23.54.46:686][645]PIE: Play in editor start time for /Game/Levels/UEDPIE_0_TestLevel 0.673
[2017.12.09-23.55.06:228][639]LogSlate: Only BGRA pngs, bmps or icos are supported in by External Image Picker
[2017.12.09-23.55.06:450][640]LogTemp: Executing iPhonePackager certificates Engine -bundlename com.YourCompany.ThumbWars
[2017.12.09-23.55.06:450][640]LogTemp: CWD: C:\Program Files\Epic Games\UE_4.18\Engine\Binaries\DotNET\IOS
[2017.12.09-23.55.06:450][640]LogTemp: Initial Dir: C:\Program Files\Epic Games\UE_4.18
[2017.12.09-23.55.06:451][640]LogTemp: Env CWD: C:\Program Files\Epic Games\UE_4.18\Engine\Binaries\DotNET\IOS
[2017.12.09-23.55.06:451][640]LogTemp: BranchPath = SIXCORE-PC/C/Program Files/Epic Games/UE_4.18/Engine/Binaries --- GameBranchPath = SIXCORE-PC/C/Program Files/Epic Games/UE_4.18/Engine/Binaries
[2017.12.09-23.55.06:475][641]LogTemp: IPP ERROR: Could not find provision directory 'C:\Users\Default.SixCore-PC\AppData\Local/Apple Computer/MobileDevice/Provisioning Profiles/'.
[2017.12.10-00.10.02:691][148]LogTemp: Repeating last play command: Selected Viewport
[2017.12.10-00.10.02:717][148]LogPlayLevel: PlayLevel: No blueprints needed recompiling
[2017.12.10-00.10.02:718][148]PIE: New page: PIE session: TestLevel (Dec 9, 2017, 2:10:02 PM)
[2017.12.10-00.10.02:718][148]LogPlayLevel: Creating play world package: /Game/Levels/UEDPIE_0_TestLevel
[2017.12.10-00.10.02:727][148]LogPlayLevel: PIE: StaticDuplicateObject took: (0.008980s)
[2017.12.10-00.10.02:728][148]LogAIModule: Creating AISystem for world TestLevel
[2017.12.10-00.10.02:728][148]LogPlayLevel: PIE: World Init took: (0.001417s)
[2017.12.10-00.10.02:729][148]LogPlayLevel: PIE: Created PIE world by copying editor world from /Game/Levels/TestLevel.TestLevel to /Game/Levels/UEDPIE_0_TestLevel.TestLevel (0.010786s)
[2017.12.10-00.10.02:801][148]LogInit: XAudio2 using 'Speakers (Plantronics GameCom 818)' : 2 channels at 44.1 kHz using 16 bits per sample (channel mask 0x3)
[2017.12.10-00.10.02:810][148]LogInit: FAudioDevice initialized.
[2017.12.10-00.10.02:839][148]LogLoad: Game class is 'BP_FPSGameMode_C'
[2017.12.10-00.10.02:840][148]LogWorld: Bringing World /Game/Levels/UEDPIE_0_TestLevel.TestLevel up for play (max tick rate 0) at 2017.12.09-19.10.02
[2017.12.10-00.10.02:841][148]LogWorld: Bringing up level for play took: 0.001178
[2017.12.10-00.10.02:842][148]PIE: Play in editor start time for /Game/Levels/UEDPIE_0_TestLevel 0.816
[2017.12.10-00.11.48:404][779]LogHotReload: New module detected: UE4Editor-ThumbWars-8544.dll
[2017.12.10-00.11.50:624][934]LogHotReload: Starting Hot-Reload from IDE
[2017.12.10-00.11.50:775][934]LogClass: Could not find existing class FPSCharacter in package /Script/ThumbWars for HotReload, assuming new class
[2017.12.10-00.11.50:776][934]LogClass: Function MoveForward is new.
[2017.12.10-00.11.50:776][934]LogClass: Function MoveRight is new.
[2017.12.10-00.11.50:780][934]LogHotReload: Re-instancing FPSCharacter after hot-reload.
[2017.12.10-00.11.51:248][934]LogContentBrowser: Native class hierarchy updated for 'ThumbWars' in 0.0007 seconds. Added 1 classes and 2 folders.
[2017.12.10-00.11.51:251][934]Display: HotReload successful (0 functions remapped  0 scriptstructs remapped)
[2017.12.10-00.11.51:301][934]LogContentBrowser: Native class hierarchy populated in 0.0194 seconds. Added 2366 classes and 525 folders.
[2017.12.10-00.11.51:478][934]Display: HotReload took  0.9s.
[2017.12.10-00.12.05:857][634]LogTemp: Repeating last play command: Selected Viewport
[2017.12.10-00.12.05:881][634]LogPlayLevel: PlayLevel: No blueprints needed recompiling
[2017.12.10-00.12.05:882][634]PIE: New page: PIE session: TestLevel (Dec 9, 2017, 2:12:05 PM)
[2017.12.10-00.12.05:882][634]LogPlayLevel: Creating play world package: /Game/Levels/UEDPIE_0_TestLevel
[2017.12.10-00.12.05:889][634]LogPlayLevel: PIE: StaticDuplicateObject took: (0.007463s)
[2017.12.10-00.12.05:890][634]LogAIModule: Creating AISystem for world TestLevel
[2017.12.10-00.12.05:890][634]LogPlayLevel: PIE: World Init took: (0.000890s)
[2017.12.10-00.12.05:890][634]LogPlayLevel: PIE: Created PIE world by copying editor world from /Game/Levels/TestLevel.TestLevel to /Game/Levels/UEDPIE_0_TestLevel.TestLevel (0.008631s)
[2017.12.10-00.12.05:948][634]LogInit: XAudio2 using 'Speakers (Plantronics GameCom 818)' : 2 channels at 44.1 kHz using 16 bits per sample (channel mask 0x3)
[2017.12.10-00.12.05:957][634]LogInit: FAudioDevice initialized.
[2017.12.10-00.12.05:991][634]LogLoad: Game class is 'BP_FPSGameMode_C'
[2017.12.10-00.12.05:992][634]LogWorld: Bringing World /Game/Levels/UEDPIE_0_TestLevel.TestLevel up for play (max tick rate 0) at 2017.12.09-19.12.05
[2017.12.10-00.12.05:993][634]LogWorld: Bringing up level for play took: 0.000786
[2017.12.10-00.12.05:994][634]PIE: Play in editor start time for /Game/Levels/UEDPIE_0_TestLevel -0.034
[2017.12.10-00.14.01:505][263]LogSlate: Only BGRA pngs, bmps or icos are supported in by External Image Picker
[2017.12.10-00.14.01:578][265]LogTemp: Executing iPhonePackager certificates Engine -bundlename com.YourCompany.ThumbWars
[2017.12.10-00.14.01:579][265]LogTemp: CWD: C:\Program Files\Epic Games\UE_4.18\Engine\Binaries\DotNET\IOS
[2017.12.10-00.14.01:579][265]LogTemp: Initial Dir: C:\Program Files\Epic Games\UE_4.18
[2017.12.10-00.14.01:579][265]LogTemp: Env CWD: C:\Program Files\Epic Games\UE_4.18\Engine\Binaries\DotNET\IOS
[2017.12.10-00.14.01:581][265]LogTemp: BranchPath = SIXCORE-PC/C/Program Files/Epic Games/UE_4.18/Engine/Binaries --- GameBranchPath = SIXCORE-PC/C/Program Files/Epic Games/UE_4.18/Engine/Binaries
[2017.12.10-00.14.01:596][265]LogTemp: IPP ERROR: Could not find provision directory 'C:\Users\Default.SixCore-PC\AppData\Local/Apple Computer/MobileDevice/Provisioning Profiles/'.
[2017.12.10-00.19.30:551][132]LogHotReload: New module detected: UE4Editor-ThumbWars-8886.dll
[2017.12.10-00.19.31:234][135]LogHotReload: Starting Hot-Reload from IDE
[2017.12.10-00.19.31:369][135]LogContentBrowser: Native class hierarchy updated for 'ThumbWars' in 0.0007 seconds. Added 1 classes and 2 folders.
[2017.12.10-00.19.31:371][135]Display: HotReload successful (2 functions remapped  0 scriptstructs remapped)
[2017.12.10-00.19.31:505][135]LogContentBrowser: Native class hierarchy populated in 0.0166 seconds. Added 2366 classes and 525 folders.
[2017.12.10-00.19.31:519][135]Display: HotReload took  0.3s.
[2017.12.10-00.19.40:787][421]LogTemp: Repeating last play command: Selected Viewport
[2017.12.10-00.19.40:813][421]LogPlayLevel: PlayLevel: No blueprints needed recompiling
[2017.12.10-00.19.40:814][421]PIE: New page: PIE session: TestLevel (Dec 9, 2017, 2:19:40 PM)
[2017.12.10-00.19.40:814][421]LogPlayLevel: Creating play world package: /Game/Levels/UEDPIE_0_TestLevel
[2017.12.10-00.19.40:822][421]LogPlayLevel: PIE: StaticDuplicateObject took: (0.008445s)
[2017.12.10-00.19.40:823][421]LogAIModule: Creating AISystem for world TestLevel
[2017.12.10-00.19.40:823][421]LogPlayLevel: PIE: World Init took: (0.000901s)
[2017.12.10-00.19.40:823][421]LogPlayLevel: PIE: Created PIE world by copying editor world from /Game/Levels/TestLevel.TestLevel to /Game/Levels/UEDPIE_0_TestLevel.TestLevel (0.009632s)
[2017.12.10-00.19.40:883][421]LogInit: XAudio2 using 'Speakers (Plantronics GameCom 818)' : 2 channels at 44.1 kHz using 16 bits per sample (channel mask 0x3)
[2017.12.10-00.19.40:892][421]LogInit: FAudioDevice initialized.
[2017.12.10-00.19.40:925][421]LogLoad: Game class is 'BP_FPSGameMode_C'
[2017.12.10-00.19.40:927][421]LogWorld: Bringing World /Game/Levels/UEDPIE_0_TestLevel.TestLevel up for play (max tick rate 0) at 2017.12.09-19.19.40
[2017.12.10-00.19.40:928][421]LogWorld: Bringing up level for play took: 0.000921
[2017.12.10-00.19.40:929][421]PIE: Play in editor start time for /Game/Levels/UEDPIE_0_TestLevel 0.895
[2017.12.10-01.09.10:500][ 99]LogD3D11RHI: Timed out while waiting for GPU to catch up. (0.5 s)
[2017.12.10-01.09.11:004][100]LogD3D11RHI: Timed out while waiting for GPU to catch up. (0.5 s)
[2017.12.10-01.09.11:506][101]LogD3D11RHI: Timed out while waiting for GPU to catch up. (0.5 s)
[2017.12.10-01.09.12:007][102]LogD3D11RHI: Timed out while waiting for GPU to catch up. (0.5 s)
[2017.12.10-01.09.12:508][103]LogD3D11RHI: Timed out while waiting for GPU to catch up. (500 ms)
[2017.12.10-01.09.18:186][117]LogD3D11RHI: Timed out while waiting for GPU to catch up. (0.5 s)
[2017.12.10-01.09.18:688][118]LogD3D11RHI: Timed out while waiting for GPU to catch up. (0.5 s)
[2017.12.10-01.09.19:190][119]LogD3D11RHI: Timed out while waiting for GPU to catch up. (0.5 s)
[2017.12.10-01.09.19:690][120]LogD3D11RHI: Timed out while waiting for GPU to catch up. (500 ms)
[2017.12.10-01.09.20:294][120]LogD3D11RHI: Timed out while waiting for GPU to catch up. (0.5 s)
[2017.12.10-01.09.20:795][121]LogD3D11RHI: Timed out while waiting for GPU to catch up. (0.5 s)
[2017.12.10-01.09.22:014][125]LogD3D11RHI: Timed out while waiting for GPU to catch up. (0.5 s)
[2017.12.10-01.09.22:516][126]LogD3D11RHI: Timed out while waiting for GPU to catch up. (0.5 s)
[2017.12.10-01.09.23:019][127]LogD3D11RHI: Timed out while waiting for GPU to catch up. (0.5 s)
[2017.12.10-01.20.00:902][ 41]LogD3D11RHI: Timed out while waiting for GPU to catch up. (0.5 s)
[2017.12.10-01.30.20:992][937]LogD3D11RHI: Timed out while waiting for GPU to catch up. (0.5 s)
[2017.12.10-01.30.21:494][938]LogD3D11RHI: Timed out while waiting for GPU to catch up. (0.5 s)
[2017.12.10-01.31.08:011][ 78]LogD3D11RHI: Timed out while waiting for GPU to catch up. (0.5 s)
[2017.12.10-01.31.08:513][ 79]LogD3D11RHI: Timed out while waiting for GPU to catch up. (0.5 s)
[2017.12.10-01.31.09:014][ 80]LogD3D11RHI: Timed out while waiting for GPU to catch up. (0.5 s)
[2017.12.10-01.31.10:328][ 81]LogD3D11RHI: Timed out while waiting for GPU to catch up. (0.5 s)
[2017.12.10-01.31.34:509][154]LogD3D11RHI: Timed out while waiting for GPU to catch up. (0.5 s)
[2017.12.10-01.31.51:175][204]LogD3D11RHI: Timed out while waiting for GPU to catch up. (0.5 s)
[2017.12.10-01.37.01:187][134]LogD3D11RHI: Timed out while waiting for GPU to catch up. (0.5 s)
[2017.12.10-01.37.01:690][135]LogD3D11RHI: Timed out while waiting for GPU to catch up. (0.5 s)
[2017.12.10-01.37.02:191][136]LogD3D11RHI: Timed out while waiting for GPU to catch up. (0.5 s)
[2017.12.10-01.37.02:692][137]LogD3D11RHI: Timed out while waiting for GPU to catch up. (500 ms)
[2017.12.10-01.45.16:138][613]LogD3D11RHI: Timed out while waiting for GPU to catch up. (0.5 s)
[2017.12.10-01.47.42:145][ 51]LogD3D11RHI: Timed out while waiting for GPU to catch up. (0.5 s)
[2017.12.10-01.47.42:648][ 52]LogD3D11RHI: Timed out while waiting for GPU to catch up. (0.5 s)
[2017.12.10-01.50.03:992][476]LogD3D11RHI: Timed out while waiting for GPU to catch up. (0.5 s)
[2017.12.10-02.12.08:459][449]LogD3D11RHI: Timed out while waiting for GPU to catch up. (0.5 s)
[2017.12.10-06.02.38:392][909]LogD3D11RHI: Timed out while waiting for GPU to catch up. (0.5 s)
[2017.12.10-06.04.01:402][158]LogD3D11RHI: Timed out while waiting for GPU to catch up. (0.5 s)
[2017.12.10-06.04.01:904][159]LogD3D11RHI: Timed out while waiting for GPU to catch up. (0.5 s)
[2017.12.10-06.26.13:240][153]LogD3D11RHI: Timed out while waiting for GPU to catch up. (0.5 s)
[2017.12.10-06.26.13:742][154]LogD3D11RHI: Timed out while waiting for GPU to catch up. (0.5 s)
[2017.12.10-06.26.16:046][161]LogD3D11RHI: Timed out while waiting for GPU to catch up. (0.5 s)
[2017.12.10-06.45.08:442][558]LogD3D11RHI: Timed out while waiting for GPU to catch up. (0.5 s)
[2017.12.10-06.45.08:944][559]LogD3D11RHI: Timed out while waiting for GPU to catch up. (0.5 s)
[2017.12.10-06.45.09:447][560]LogD3D11RHI: Timed out while waiting for GPU to catch up. (0.5 s)
[2017.12.10-06.50.48:452][699]LogTemp: Repeating last play command: Selected Viewport
[2017.12.10-06.50.48:486][699]LogPlayLevel: PlayLevel: No blueprints needed recompiling
[2017.12.10-06.50.48:486][699]PIE: New page: PIE session: TestLevel (Dec 9, 2017, 8:50:48 PM)
[2017.12.10-06.50.48:486][699]LogPlayLevel: Creating play world package: /Game/Levels/UEDPIE_0_TestLevel
[2017.12.10-06.50.48:712][699]LogPlayLevel: PIE: StaticDuplicateObject took: (0.225970s)
[2017.12.10-06.50.48:713][699]LogAIModule: Creating AISystem for world TestLevel
[2017.12.10-06.50.48:713][699]LogPlayLevel: PIE: World Init took: (0.001024s)
[2017.12.10-06.50.48:714][699]LogPlayLevel: PIE: Created PIE world by copying editor world from /Game/Levels/TestLevel.TestLevel to /Game/Levels/UEDPIE_0_TestLevel.TestLevel (0.227315s)
[2017.12.10-06.50.48:766][699]LogInit: XAudio2 using 'Speakers (Plantronics GameCom 818)' : 2 channels at 44.1 kHz using 16 bits per sample (channel mask 0x3)
[2017.12.10-06.50.48:775][699]LogInit: FAudioDevice initialized.
[2017.12.10-06.50.48:824][699]LogLoad: Game class is 'BP_FPSGameMode_C'
[2017.12.10-06.50.48:825][699]LogWorld: Bringing World /Game/Levels/UEDPIE_0_TestLevel.TestLevel up for play (max tick rate 0) at 2017.12.10-01.50.48
[2017.12.10-06.50.48:826][699]LogWorld: Bringing up level for play took: 0.000928
[2017.12.10-06.50.48:828][699]PIE: Play in editor start time for /Game/Levels/UEDPIE_0_TestLevel 0.461
[2017.12.10-06.51.16:622][564]LogSlate: Only BGRA pngs, bmps or icos are supported in by External Image Picker
[2017.12.10-06.51.18:525][568]LogTemp: Executing iPhonePackager certificates Engine -bundlename com.YourCompany.ThumbWars
[2017.12.10-06.51.18:525][568]LogTemp: CWD: C:\Program Files\Epic Games\UE_4.18\Engine\Binaries\DotNET\IOS
[2017.12.10-06.51.18:525][568]LogTemp: Initial Dir: C:\Program Files\Epic Games\UE_4.18
[2017.12.10-06.51.18:525][568]LogTemp: Env CWD: C:\Program Files\Epic Games\UE_4.18\Engine\Binaries\DotNET\IOS
[2017.12.10-06.51.18:525][568]LogTemp: BranchPath = SIXCORE-PC/C/Program Files/Epic Games/UE_4.18/Engine/Binaries --- GameBranchPath = SIXCORE-PC/C/Program Files/Epic Games/UE_4.18/Engine/Binaries
[2017.12.10-06.51.18:525][568]LogTemp: IPP ERROR: Could not find provision directory 'C:\Users\Default.SixCore-PC\AppData\Local/Apple Computer/MobileDevice/Provisioning Profiles/'.
[2017.12.10-07.01.45:776][492]LogHotReload: New module detected: UE4Editor-ThumbWars-8956.dll
[2017.12.10-07.01.47:460][498]LogHotReload: Starting Hot-Reload from IDE
[2017.12.10-07.01.53:038][498]LogClass: Could not find existing class FPSCharacter in package /Script/ThumbWars for HotReload, assuming new class
[2017.12.10-07.01.53:038][498]LogClass: Function MoveForward is new.
[2017.12.10-07.01.53:038][498]LogClass: Function MoveRight is new.
[2017.12.10-07.01.53:038][498]LogClass: Function StartJump is new.
[2017.12.10-07.01.53:038][498]LogClass: Function StopJump is new.
[2017.12.10-07.01.53:043][498]LogHotReload: Re-instancing FPSCharacter after hot-reload.
[2017.12.10-07.01.53:136][498]LogContentBrowser: Native class hierarchy updated for 'ThumbWars' in 0.0008 seconds. Added 1 classes and 2 folders.
[2017.12.10-07.01.53:138][498]Display: HotReload successful (0 functions remapped  0 scriptstructs remapped)
[2017.12.10-07.01.53:188][498]LogContentBrowser: Native class hierarchy populated in 0.0151 seconds. Added 2366 classes and 525 folders.
[2017.12.10-07.01.53:216][498]Display: HotReload took  5.8s.
[2017.12.10-07.01.57:489][767]LogTemp: Repeating last play command: Selected Viewport
[2017.12.10-07.01.57:514][767]LogPlayLevel: PlayLevel: No blueprints needed recompiling
[2017.12.10-07.01.57:514][767]PIE: New page: PIE session: TestLevel (Dec 9, 2017, 9:01:57 PM)
[2017.12.10-07.01.57:514][767]LogPlayLevel: Creating play world package: /Game/Levels/UEDPIE_0_TestLevel
[2017.12.10-07.01.57:522][767]LogPlayLevel: PIE: StaticDuplicateObject took: (0.007400s)
[2017.12.10-07.01.57:522][767]LogAIModule: Creating AISystem for world TestLevel
[2017.12.10-07.01.57:523][767]LogPlayLevel: PIE: World Init took: (0.000929s)
[2017.12.10-07.01.57:523][767]LogPlayLevel: PIE: Created PIE world by copying editor world from /Game/Levels/TestLevel.TestLevel to /Game/Levels/UEDPIE_0_TestLevel.TestLevel (0.008624s)
[2017.12.10-07.01.57:578][767]LogInit: XAudio2 using 'Speakers (Plantronics GameCom 818)' : 2 channels at 44.1 kHz using 16 bits per sample (channel mask 0x3)
[2017.12.10-07.01.57:588][767]LogInit: FAudioDevice initialized.
[2017.12.10-07.01.57:621][767]LogLoad: Game class is 'BP_FPSGameMode_C'
[2017.12.10-07.01.57:623][767]LogWorld: Bringing World /Game/Levels/UEDPIE_0_TestLevel.TestLevel up for play (max tick rate 0) at 2017.12.10-02.01.57
[2017.12.10-07.01.57:623][767]LogWorld: Bringing up level for play took: 0.000806
[2017.12.10-07.01.57:624][767]PIE: Play in editor start time for /Game/Levels/UEDPIE_0_TestLevel -0.751
[2017.12.10-09.03.19:959][374]LogSavePackage: Save=256.60ms
[2017.12.10-09.03.19:959][374]LogSavePackage: Moving '../../../../../../Users/Default.SixCore-PC/Desktop/Thumb_Wars/ThumbWars/Saved/TestLevelB7B1EBB84EC26B7B76CBE4B752F8089C.tmp' to '../../../../../../Users/Default.SixCore-PC/Desktop/Thumb_Wars/ThumbWars/Content/Levels/TestLevel.umap'
[2017.12.10-09.03.20:013][374]LogSavePackage: Display: Finished SavePackage ../../../../../../Users/Default.SixCore-PC/Desktop/Thumb_Wars/ThumbWars/Content/Levels/TestLevel.umap
[2017.12.10-09.03.20:314][374]Cmd: OBJ SAVEPACKAGE PACKAGE="/Game/Levels/TestLevel_BuiltData" FILE="../../../../../../Users/Default.SixCore-PC/Desktop/Thumb_Wars/ThumbWars/Content/Levels/TestLevel_BuiltData.uasset" SILENT=true
[2017.12.10-09.03.20:442][374]LogSavePackage: Save=118.18ms
[2017.12.10-09.03.20:442][374]LogSavePackage: Moving '../../../../../../Users/Default.SixCore-PC/Desktop/Thumb_Wars/ThumbWars/Saved/TestLevel_BuiltData741E76124C02B7BFB314D9A471646F64.tmp' to '../../../../../../Users/Default.SixCore-PC/Desktop/Thumb_Wars/ThumbWars/Content/Levels/TestLevel_BuiltData.uasset'
[2017.12.10-09.03.20:444][374]LogSavePackage: Display: Finished SavePackage ../../../../../../Users/Default.SixCore-PC/Desktop/Thumb_Wars/ThumbWars/Content/Levels/TestLevel_BuiltData.uasset
[2017.12.10-09.03.24:462][481]Cmd: QUIT_EDITOR
[2017.12.10-09.03.25:760][481]LogExit: Preparing to exit.
[2017.12.10-09.03.30:528][481]LogDirectoryWatcher: A directory notification for 'C:/Users/Default.SixCore-PC/Desktop/Thumb_Wars/ThumbWars/Content/' was aborted.
[2017.12.10-09.03.31:613][481]LogExit: Editor shut down
[2017.12.10-09.03.31:620][481]LogExit: Transaction tracking system shut down
[2017.12.10-09.03.35:328][481]LogDirectoryWatcher: A directory notification for '../../../Engine/Content/' was aborted.
[2017.12.10-09.03.35:328][481]LogDirectoryWatcher: A directory notification for '../../../../../../Users/Default.SixCore-PC/Desktop/Thumb_Wars/ThumbWars/Content/' was aborted.
[2017.12.10-09.03.35:328][481]LogDirectoryWatcher: A directory notification for '../../../Engine/Plugins/2D/Paper2D/Content/' was aborted.
[2017.12.10-09.03.35:328][481]LogDirectoryWatcher: A directory notification for '../../../Engine/Plugins/Media/MediaCompositing/Content/' was aborted.
[2017.12.10-09.03.35:328][481]LogDirectoryWatcher: A directory notification for '../../../Engine/Plugins/Runtime/AppleARKit/Content/' was aborted.
[2017.12.10-09.03.35:328][481]LogDirectoryWatcher: A directory notification for '../../../Engine/Plugins/Runtime/Oculus/OculusVR/Content/' was aborted.
[2017.12.10-09.03.35:328][481]LogDirectoryWatcher: A directory notification for '../../../Engine/Plugins/Runtime/Steam/SteamVR/Content/' was aborted.
[2017.12.10-09.03.44:068][481]LogExit: Object subsystem successfully closed.
[2017.12.10-09.03.47:457][481]LogD3D11RHI: Shutdown
[2017.12.10-09.03.47:518][481]LogD3D11RHI: CleanupD3DDevice
[2017.12.10-09.03.47:821][481]LogD3D11RHI: ~FD3D11DynamicRHI
[2017.12.10-09.03.50:692][481]LogModuleManager: Shutting down and abandoning module ThumbWars (559)
[2017.12.10-09.03.50:692][481]LogModuleManager: Shutting down and abandoning module ExternalImagePicker (556)
[2017.12.10-09.03.50:692][481]LogModuleManager: Shutting down and abandoning module MovieSceneCapture (554)
[2017.12.10-09.03.50:692][481]LogModuleManager: Shutting down and abandoning module HierarchicalLODOutliner (552)
[2017.12.10-09.03.50:692][481]LogModuleManager: Shutting down and abandoning module DesktopPlatform (550)
[2017.12.10-09.03.50:692][481]LogModuleManager: Shutting down and abandoning module SceneOutliner (548)
[2017.12.10-09.03.50:706][481]LogModuleManager: Shutting down and abandoning module AddContentDialog (546)
[2017.12.10-09.03.50:789][481]LogDirectoryWatcher: A directory notification for 'C:/Program Files/Epic Games/UE_4.18/FeaturePacks/' was aborted.
[2017.12.10-09.03.50:821][481]LogModuleManager: Shutting down and abandoning module WidgetCarousel (545)
[2017.12.10-09.03.50:821][481]LogModuleManager: Shutting down and abandoning module EditorWidgets (542)
[2017.12.10-09.03.50:821][481]LogModuleManager: Shutting down and abandoning module CollectionManager (540)
[2017.12.10-09.03.50:864][481]LogDirectoryWatcher: A directory notification for 'C:/Users/Default.SixCore-PC/Desktop/Thumb_Wars/ThumbWars/Content/Collections/' was aborted.
[2017.12.10-09.03.50:864][481]LogDirectoryWatcher: A directory notification for 'C:/Users/Default.SixCore-PC/Desktop/Thumb_Wars/ThumbWars/Content/Developers/Default/Collections/' was aborted.
[2017.12.10-09.03.50:864][481]LogDirectoryWatcher: A directory notification for 'C:/Users/Default.SixCore-PC/Desktop/Thumb_Wars/ThumbWars/Saved/Collections/' was aborted.
[2017.12.10-09.03.50:864][481]LogModuleManager: Shutting down and abandoning module HierarchicalLODUtilities (538)
[2017.12.10-09.03.50:910][481]LogModuleManager: Shutting down and abandoning module StatsViewer (536)
[2017.12.10-09.03.50:999][481]LogModuleManager: Shutting down and abandoning module FoliageEdit (534)
[2017.12.10-09.03.51:027][481]LogModuleManager: Shutting down and abandoning module LandscapeEditor (532)
[2017.12.10-09.03.51:161][481]LogModuleManager: Shutting down and abandoning module MeshPaintMode (530)
[2017.12.10-09.03.51:171][481]LogModuleManager: Shutting down and abandoning module SceneDepthPickerMode (528)
[2017.12.10-09.03.51:171][481]LogModuleManager: Shutting down and abandoning module ActorPickerMode (526)
[2017.12.10-09.03.51:171][481]LogModuleManager: Shutting down and abandoning module GeometryMode (524)
[2017.12.10-09.03.51:171][481]LogModuleManager: Shutting down and abandoning module TextureAlignMode (522)
[2017.12.10-09.03.51:171][481]LogModuleManager: Shutting down and abandoning module BspMode (520)
[2017.12.10-09.03.51:171][481]LogModuleManager: Shutting down and abandoning module PIEPreviewDeviceProfileSelector (518)
[2017.12.10-09.03.51:171][481]LogModuleManager: Shutting down and abandoning module HardwareSurvey (516)
[2017.12.10-09.03.51:171][481]LogModuleManager: Shutting down and abandoning module SequenceRecorderSections (514)
[2017.12.10-09.03.51:177][481]LogModuleManager: Shutting down and abandoning module AutomationWorker (512)
[2017.12.10-09.03.51:216][481]LogModuleManager: Shutting down and abandoning module MatineeToLevelSequence (510)
[2017.12.10-09.03.51:235][481]LogModuleManager: Shutting down and abandoning module LevelSequenceEditor (508)
[2017.12.10-09.03.51:492][481]LogModuleManager: Shutting down and abandoning module PlacementMode (507)
[2017.12.10-09.03.51:492][481]LogModuleManager: Shutting down and abandoning module WmfMediaFactory (504)
[2017.12.10-09.03.51:492][481]LogModuleManager: Shutting down and abandoning module WmfMediaEditor (502)
[2017.12.10-09.03.51:492][481]LogModuleManager: Shutting down and abandoning module OpenExrWrapper (500)
[2017.12.10-09.03.51:492][481]LogModuleManager: Shutting down and abandoning module ImgMediaFactory (498)
[2017.12.10-09.03.51:492][481]LogModuleManager: Shutting down and abandoning module ImgMediaEditor (496)
[2017.12.10-09.03.51:492][481]LogModuleManager: Shutting down and abandoning module AvfMediaFactory (494)
[2017.12.10-09.03.51:492][481]LogModuleManager: Shutting down and abandoning module AvfMediaEditor (492)
[2017.12.10-09.03.51:492][481]LogModuleManager: Shutting down and abandoning module AndroidMediaFactory (490)
[2017.12.10-09.03.51:492][481]LogModuleManager: Shutting down and abandoning module AndroidMediaEditor (488)
[2017.12.10-09.03.51:492][481]LogModuleManager: Shutting down and abandoning module CharacterAI (486)
[2017.12.10-09.03.51:492][481]LogModuleManager: Shutting down and abandoning module AudioCapture (484)
[2017.12.10-09.03.51:516][481]LogModuleManager: Shutting down and abandoning module SequenceRecorder (483)
[2017.12.10-09.03.51:517][481]LogModuleManager: Shutting down and abandoning module SmartSnapping (480)
[2017.12.10-09.03.51:517][481]LogModuleManager: Shutting down and abandoning module SessionServices (478)
[2017.12.10-09.03.51:517][481]LogModuleManager: Shutting down and abandoning module ViewportSnapping (476)
[2017.12.10-09.03.51:517][481]LogModuleManager: Shutting down and abandoning module ViewportInteraction (474)
[2017.12.10-09.03.51:517][481]LogModuleManager: Shutting down and abandoning module ClothPainter (472)
[2017.12.10-09.03.51:573][481]LogModuleManager: Shutting down and abandoning module SkeletalMeshEditor (471)
[2017.12.10-09.03.51:661][481]LogModuleManager: Shutting down and abandoning module LogVisualizer (468)
[2017.12.10-09.03.51:730][481]LogModuleManager: Shutting down and abandoning module IntroTutorials (466)
[2017.12.10-09.03.51:885][481]LogModuleManager: Shutting down and abandoning module GameProjectGeneration (465)
[2017.12.10-09.03.52:141][481]LogModuleManager: Shutting down and abandoning module IOSPlatformEditor (462)
[2017.12.10-09.03.52:141][481]LogModuleManager: Shutting down and abandoning module HTML5PlatformEditor (460)
[2017.12.10-09.03.52:141][481]LogModuleManager: Shutting down and abandoning module AndroidPlatformEditor (458)
[2017.12.10-09.03.52:141][481]LogModuleManager: Shutting down and abandoning module AndroidDeviceDetection (457)
[2017.12.10-09.03.52:731][481]LogModuleManager: Shutting down and abandoning module WindowsPlatformEditor (454)
[2017.12.10-09.03.52:731][481]LogModuleManager: Shutting down and abandoning module IOSRuntimeSettings (452)
[2017.12.10-09.03.52:731][481]LogModuleManager: Shutting down and abandoning module AndroidRuntimeSettings (450)
[2017.12.10-09.03.52:731][481]LogModuleManager: Shutting down and abandoning module InputBindingEditor (448)
[2017.12.10-09.03.52:783][481]LogModuleManager: Shutting down and abandoning module MergeActors (446)
[2017.12.10-09.03.52:866][481]LogModuleManager: Shutting down and abandoning module SizeMap (444)
[2017.12.10-09.03.52:866][481]LogModuleManager: Shutting down and abandoning module TreeMap (442)
[2017.12.10-09.03.53:022][481]LogModuleManager: Shutting down and abandoning module ReferenceViewer (440)
[2017.12.10-09.03.53:022][481]LogModuleManager: Shutting down and abandoning module LocalizationDashboard (438)
[2017.12.10-09.03.53:043][481]LogModuleManager: Shutting down and abandoning module LocalizationService (437)
[2017.12.10-09.03.53:097][481]LogModuleManager: Shutting down and abandoning module HardwareTargeting (434)
[2017.12.10-09.03.53:097][481]LogModuleManager: Shutting down and abandoning module DeviceProfileEditor (432)
[2017.12.10-09.03.53:097][481]LogModuleManager: Shutting down and abandoning module UndoHistory (430)
[2017.12.10-09.03.53:097][481]LogModuleManager: Shutting down and abandoning module XmlParser (428)
[2017.12.10-09.03.53:129][481]LogModuleManager: Shutting down and abandoning module Blutility (426)
[2017.12.10-09.03.53:129][481]LogModuleManager: Shutting down and abandoning module ProjectSettingsViewer (424)
[2017.12.10-09.03.53:129][481]LogModuleManager: Shutting down and abandoning module ProjectTargetPlatformEditor (423)
[2017.12.10-09.03.53:129][481]LogModuleManager: Shutting down and abandoning module EditorSettingsViewer (420)
[2017.12.10-09.03.53:129][481]LogModuleManager: Shutting down and abandoning module SettingsEditor (418)
[2017.12.10-09.03.53:129][481]LogModuleManager: Shutting down and abandoning module ProjectLauncher (416)
[2017.12.10-09.03.53:231][481]LogModuleManager: Shutting down and abandoning module SessionFrontend (414)
[2017.12.10-09.03.53:288][481]LogModuleManager: Shutting down and abandoning module ProfilerClient (412)
[2017.12.10-09.03.53:324][481]LogModuleManager: Shutting down and abandoning module DeviceManager (410)
[2017.12.10-09.03.53:376][481]LogModuleManager: Shutting down and abandoning module TargetDeviceServices (409)
[2017.12.10-09.03.53:548][481]LogModuleManager: Shutting down and abandoning module AutomationController (406)
[2017.12.10-09.03.53:679][481]LogModuleManager: Shutting down and abandoning module AutomationWindow (404)
[2017.12.10-09.03.53:820][481]LogModuleManager: Shutting down and abandoning module Layers (402)
[2017.12.10-09.03.53:978][481]LogModuleManager: Shutting down and abandoning module ComponentVisualizers (400)
[2017.12.10-09.03.53:978][481]LogModuleManager: Shutting down and abandoning module DetailCustomizations (398)
[2017.12.10-09.03.54:010][481]LogModuleManager: Shutting down and abandoning module PackagesDialog (396)
[2017.12.10-09.03.54:010][481]LogModuleManager: Shutting down and abandoning module Persona (394)
[2017.12.10-09.03.54:237][481]LogModuleManager: Shutting down and abandoning module AdvancedPreviewScene (393)
[2017.12.10-09.03.54:237][481]LogModuleManager: Shutting down and abandoning module AnimGraph (391)
[2017.12.10-09.03.54:237][481]LogModuleManager: Shutting down and abandoning module Kismet (388)
[2017.12.10-09.03.54:424][481]LogModuleManager: Shutting down and abandoning module ClassViewer (386)
[2017.12.10-09.03.54:424][481]LogModuleManager: Shutting down and abandoning module Toolbox (384)
[2017.12.10-09.03.54:424][481]LogModuleManager: Shutting down and abandoning module ModuleUI (382)
[2017.12.10-09.03.54:454][481]LogModuleManager: Shutting down and abandoning module MovieSceneTools (380)
[2017.12.10-09.03.54:737][481]LogModuleManager: Shutting down and abandoning module OutputLog (378)
[2017.12.10-09.03.54:792][481]LogModuleManager: Shutting down and abandoning module GammaUI (376)
[2017.12.10-09.03.54:822][481]LogModuleManager: Shutting down and abandoning module Documentation (374)
[2017.12.10-09.03.54:823][481]LogModuleManager: Shutting down and abandoning module MovieSceneTracks (372)
[2017.12.10-09.03.54:823][481]LogModuleManager: Shutting down and abandoning module MovieScene (370)
[2017.12.10-09.03.54:824][481]LogModuleManager: Shutting down and abandoning module StreamingPauseRendering (368)
[2017.12.10-09.03.54:824][481]LogModuleManager: Shutting down and abandoning module LauncherPlatform (366)
[2017.12.10-09.03.54:824][481]LogModuleManager: Shutting down and abandoning module AnalyticsET (364)
[2017.12.10-09.03.54:824][481]LogModuleManager: Shutting down and abandoning module PortalServices (362)
[2017.12.10-09.03.54:824][481]LogModuleManager: Shutting down and abandoning module PortalRpc (360)
[2017.12.10-09.03.54:824][481]LogModuleManager: Shutting down and abandoning module MessagingRpc (358)
[2017.12.10-09.03.54:824][481]LogModuleManager: Shutting down and abandoning module AIModule (356)
[2017.12.10-09.03.54:824][481]LogModuleManager: Shutting down and abandoning module GameplayDebugger (355)
[2017.12.10-09.03.54:824][481]LogModuleManager: Shutting down and abandoning module AITestSuite (353)
[2017.12.10-09.03.54:863][481]LogModuleManager: Shutting down and abandoning module ProfilerService (350)
[2017.12.10-09.03.54:968][481]LogModuleManager: Shutting down and abandoning module TaskGraph (348)
[2017.12.10-09.03.55:029][481]LogModuleManager: Shutting down and abandoning module SteamVRController (346)
[2017.12.10-09.03.55:029][481]LogModuleManager: Shutting down and abandoning module ProceduralMeshComponentEditor (344)
[2017.12.10-09.03.55:029][481]LogModuleManager: Shutting down and abandoning module ProceduralMeshComponent (342)
[2017.12.10-09.03.55:029][481]LogModuleManager: Shutting down and abandoning module OculusInput (340)
[2017.12.10-09.03.55:043][481]LogModuleManager: Shutting down and abandoning module MobilePatchingUtils (338)
[2017.12.10-09.03.55:043][481]LogModuleManager: Shutting down and abandoning module CustomMeshComponent (336)
[2017.12.10-09.03.55:044][481]LogModuleManager: Shutting down and abandoning module CableComponent (334)
[2017.12.10-09.03.55:073][481]LogModuleManager: Shutting down and abandoning module ArchVisCharacter (332)
[2017.12.10-09.03.55:073][481]LogModuleManager: Shutting down and abandoning module AndroidPermission (330)
[2017.12.10-09.03.55:073][481]LogModuleManager: Shutting down and abandoning module ActorSequence (326)
[2017.12.10-09.03.55:073][481]LogModuleManager: Shutting down and abandoning module MediaPlayerEditor (324)
[2017.12.10-09.03.55:269][481]LogModuleManager: Shutting down and abandoning module MediaCompositingEditor (322)
[2017.12.10-09.03.55:269][481]LogModuleManager: Shutting down and abandoning module MediaCompositing (320)
[2017.12.10-09.03.55:269][481]LogModuleManager: Shutting down and abandoning module HTML5Networking (318)
[2017.12.10-09.03.55:269][481]LogModuleManager: Shutting down and abandoning module AlembicImporter (316)
[2017.12.10-09.03.55:315][481]LogModuleManager: Shutting down and abandoning module AlembicLibrary (315)
[2017.12.10-09.03.55:315][481]LogModuleManager: Shutting down and abandoning module GeometryCache (314)
[2017.12.10-09.03.55:375][481]LogModuleManager: Shutting down and abandoning module GeometryCacheEd (313)
[2017.12.10-09.03.55:375][481]LogModuleManager: Shutting down and abandoning module SpeedTreeImporter (308)
[2017.12.10-09.03.55:375][481]LogModuleManager: Shutting down and abandoning module PluginBrowser (306)
[2017.12.10-09.03.55:452][481]LogModuleManager: Shutting down and abandoning module MobileLauncherProfileWizard (304)
[2017.12.10-09.03.55:550][481]LogModuleManager: Shutting down and abandoning module VisualStudioSourceCodeAccess (302)
[2017.12.10-09.03.55:550][481]LogModuleManager: Shutting down and abandoning module VisualStudioCodeSourceCodeAccess (300)
[2017.12.10-09.03.55:550][481]LogModuleManager: Shutting down and abandoning module UObjectPlugin (298)
[2017.12.10-09.03.55:550][481]LogModuleManager: Shutting down and abandoning module SubversionSourceControl (296)
[2017.12.10-09.03.55:642][481]LogModuleManager: Shutting down and abandoning module PerforceSourceControl (294)
[2017.12.10-09.03.55:685][481]LogModuleManager: Shutting down and abandoning module GitSourceControl (292)
[2017.12.10-09.03.55:704][481]LogModuleManager: Shutting down and abandoning module SourceControl (291)
[2017.12.10-09.03.55:793][481]LogModuleManager: Shutting down and abandoning module LightPropagationVolumeEditor (288)
[2017.12.10-09.03.55:793][481]LogModuleManager: Shutting down and abandoning module PaperTiledImporter (286)
[2017.12.10-09.03.55:793][481]LogModuleManager: Shutting down and abandoning module PaperSpriteSheetImporter (284)
[2017.12.10-09.03.55:793][481]LogModuleManager: Shutting down and abandoning module Paper2DEditor (282)
[2017.12.10-09.03.55:815][481]LogModuleManager: Shutting down and abandoning module MeshPaint (281)
[2017.12.10-09.03.55:858][481]LogModuleManager: Shutting down and abandoning module LevelEditor (279)
[2017.12.10-09.03.55:950][481]LogModuleManager: Shutting down and abandoning module PixelInspectorModule (278)
[2017.12.10-09.03.56:029][481]LogModuleManager: Shutting down and abandoning module MainFrame (276)
[2017.12.10-09.03.56:141][481]LogModuleManager: Shutting down and abandoning module HotReload (275)
[2017.12.10-09.03.56:141][481]LogDirectoryWatcher: A directory notification for 'C:/Users/Default.SixCore-PC/Desktop/Thumb_Wars/ThumbWars/Binaries/Win64' was aborted.
[2017.12.10-09.03.56:142][481]LogModuleManager: Shutting down and abandoning module RuntimePhysXCooking (268)
[2017.12.10-09.03.56:142][481]LogModuleManager: Shutting down and abandoning module PhysXVehiclesEditor (266)
[2017.12.10-09.03.56:142][481]LogModuleManager: Shutting down and abandoning module PhysXVehicles (264)
[2017.12.10-09.03.56:142][481]LogModuleManager: Shutting down and abandoning module OculusEditor (262)
[2017.12.10-09.03.56:142][481]LogModuleManager: Shutting down and abandoning module LocationServicesBPLibrary (260)
[2017.12.10-09.03.56:142][481]LogModuleManager: Shutting down and abandoning module ImmediatePhysicsEditor (258)
[2017.12.10-09.03.56:142][481]LogModuleManager: Shutting down and abandoning module ImmediatePhysics (256)
[2017.12.10-09.03.56:215][481]LogModuleManager: Shutting down and abandoning module UdpMessaging (254)
[2017.12.10-09.03.56:403][481]LogModuleManager: Shutting down and abandoning module TcpMessaging (252)
[2017.12.10-09.03.56:532][481]LogModuleManager: Shutting down and abandoning module GameplayTagsEditor (250)
[2017.12.10-09.03.56:726][481]LogModuleManager: Shutting down and abandoning module FacialAnimationEditor (248)
[2017.12.10-09.03.56:726][481]LogModuleManager: Shutting down and abandoning module FacialAnimation (246)
[2017.12.10-09.03.56:726][481]LogModuleManager: Shutting down and abandoning module AssetManagerEditor (244)
[2017.12.10-09.03.57:101][481]LogModuleManager: Shutting down and abandoning module GraphEditor (243)
[2017.12.10-09.03.57:626][481]LogModuleManager: Shutting down and abandoning module ContentBrowser (241)
[2017.12.10-09.03.57:671][481]LogModuleManager: Shutting down and abandoning module LightPropagationVolumeRuntime (238)
[2017.12.10-09.03.57:671][481]LogModuleManager: Shutting down and abandoning module Paper2D (236)
[2017.12.10-09.03.57:672][481]LogModuleManager: Shutting down and abandoning module WindowsMoviePlayer (234)
[2017.12.10-09.03.57:760][481]LogModuleManager: Shutting down and abandoning module WmfMedia (232)
[2017.12.10-09.03.57:780][481]LogModuleManager: Shutting down and abandoning module ImgMedia (230)
[2017.12.10-09.03.57:780][481]LogModuleManager: Shutting down and abandoning module PacketHandler (228)
[2017.12.10-09.03.57:780][481]LogModuleManager: Shutting down and abandoning module ClothingSystemEditor (226)
[2017.12.10-09.03.57:781][481]LogModuleManager: Shutting down and abandoning module ClothingSystemRuntime (224)
[2017.12.10-09.03.57:861][481]LogModuleManager: Shutting down and abandoning module MediaAssets (222)
[2017.12.10-09.03.57:861][481]LogModuleManager: Shutting down and abandoning module Media (221)
[2017.12.10-09.03.57:866][481]LogModuleManager: Shutting down and abandoning module Overlay (218)
[2017.12.10-09.03.57:866][481]LogModuleManager: Shutting down and abandoning module OverlayEditor (217)
[2017.12.10-09.03.57:866][481]LogModuleManager: Shutting down and abandoning module VREditor (214)
[2017.12.10-09.03.57:996][481]LogModuleManager: Shutting down and abandoning module StringTableEditor (212)
[2017.12.10-09.03.58:006][481]LogModuleManager: Shutting down and abandoning module GameplayTasksEditor (210)
[2017.12.10-09.03.58:006][481]LogModuleManager: Shutting down and abandoning module BehaviorTreeEditor (208)
[2017.12.10-09.03.58:242][481]LogModuleManager: Shutting down and abandoning module FunctionalTesting (206)
[2017.12.10-09.03.58:242][481]LogModuleManager: Shutting down and abandoning module CollisionAnalyzer (204)
[2017.12.10-09.03.58:424][481]LogModuleManager: Shutting down and abandoning module WorkspaceMenuStructure (203)
[2017.12.10-09.03.58:424][481]LogModuleManager: Shutting down and abandoning module UMG (200)
[2017.12.10-09.03.58:545][481]LogModuleManager: Shutting down and abandoning module UMGEditor (199)
[2017.12.10-09.03.58:646][481]LogModuleManager: Shutting down and abandoning module Sequencer (198)
[2017.12.10-09.03.58:708][481]LogModuleManager: Shutting down and abandoning module MessageLog (195)
[2017.12.10-09.03.58:708][481]LogModuleManager: Shutting down and abandoning module SlateReflector (190)
[2017.12.10-09.03.58:808][481]LogModuleManager: Shutting down and abandoning module Slate (188)
[2017.12.10-09.03.58:808][481]LogModuleManager: Shutting down and abandoning module EditorStyle (186)
[2017.12.10-09.03.58:879][481]LogModuleManager: Shutting down and abandoning module MRMesh (184)
[2017.12.10-09.03.58:879][481]LogModuleManager: Shutting down and abandoning module SourceCodeAccess (182)
[2017.12.10-09.03.58:913][481]LogModuleManager: Shutting down and abandoning module HeadMountedDisplay (180)
[2017.12.10-09.03.58:913][481]LogModuleManager: Shutting down and abandoning module XAudio2 (178)
[2017.12.10-09.03.58:913][481]LogModuleManager: Shutting down and abandoning module Networking (176)
[2017.12.10-09.03.58:913][481]LogModuleManager: Shutting down and abandoning module Core (172)
[2017.12.10-09.03.58:913][481]LogModuleManager: Shutting down and abandoning module LevelSequence (168)
[2017.12.10-09.03.58:950][481]LogModuleManager: Shutting down and abandoning module DirectoryWatcher (166)
[2017.12.10-09.03.58:952][481]LogModuleManager: Shutting down and abandoning module KismetCompiler (164)
[2017.12.10-09.03.58:952][481]LogModuleManager: Shutting down and abandoning module MeshUtilities (162)
[2017.12.10-09.03.59:067][481]LogModuleManager: Shutting down and abandoning module MeshMergeUtilities (161)
[2017.12.10-09.03.59:117][481]LogModuleManager: Shutting down and abandoning module MeshReductionInterface (160)
[2017.12.10-09.03.59:117][481]LogModuleManager: Shutting down and abandoning module SimplygonSwarm (159)
[2017.12.10-09.03.59:137][481]LogModuleManager: Shutting down and abandoning module SimplygonMeshReduction (157)
[2017.12.10-09.03.59:137][481]LogModuleManager: Shutting down and abandoning module QuadricMeshReduction (155)
[2017.12.10-09.03.59:166][481]LogModuleManager: Shutting down and abandoning module MaterialBaking (151)
[2017.12.10-09.03.59:191][481]LogModuleManager: Shutting down and abandoning module DerivedDataCache (148)
[2017.12.10-09.03.59:296][481]LogDerivedDataCache: Shutdown
[2017.12.10-09.03.59:296][481]LogModuleManager: Shutting down and abandoning module TargetPlatform (146)
[2017.12.10-09.03.59:296][481]LogModuleManager: Shutting down and abandoning module VulkanShaderFormat (145)
[2017.12.10-09.03.59:317][481]LogModuleManager: Shutting down and abandoning module ShaderFormatVectorVM (143)
[2017.12.10-09.03.59:342][481]LogModuleManager: Shutting down and abandoning module ShaderFormatOpenGL (141)
[2017.12.10-09.03.59:385][481]LogModuleManager: Shutting down and abandoning module ShaderFormatD3D (139)
[2017.12.10-09.03.59:427][481]LogModuleManager: Shutting down and abandoning module MetalShaderFormat (137)
[2017.12.10-09.03.59:472][481]LogModuleManager: Shutting down and abandoning module TextureFormatUncompressed (135)
[2017.12.10-09.03.59:472][481]LogModuleManager: Shutting down and abandoning module TextureFormatPVR (133)
[2017.12.10-09.03.59:472][481]LogModuleManager: Shutting down and abandoning module TextureFormatDXT (131)
[2017.12.10-09.03.59:503][481]LogModuleManager: Shutting down and abandoning module TextureFormatIntelISPCTexComp (129)
[2017.12.10-09.03.59:514][481]LogModuleManager: Shutting down and abandoning module TextureFormatASTC (127)
[2017.12.10-09.03.59:514][481]LogModuleManager: Shutting down and abandoning module ImageWrapper (126)
[2017.12.10-09.03.59:514][481]LogModuleManager: Shutting down and abandoning module TextureFormatAndroid (123)
[2017.12.10-09.03.59:514][481]LogModuleManager: Shutting down and abandoning module AudioFormatOpus (121)
[2017.12.10-09.03.59:514][481]LogModuleManager: Shutting down and abandoning module AudioFormatOgg (119)
[2017.12.10-09.03.59:514][481]LogModuleManager: Shutting down and abandoning module AudioFormatADPCM (117)
[2017.12.10-09.03.59:514][481]LogModuleManager: Shutting down and abandoning module LinuxTargetPlatform (115)
[2017.12.10-09.03.59:514][481]LogModuleManager: Shutting down and abandoning module LinuxServerTargetPlatform (113)
[2017.12.10-09.03.59:514][481]LogModuleManager: Shutting down and abandoning module LinuxNoEditorTargetPlatform (111)
[2017.12.10-09.03.59:514][481]LogModuleManager: Shutting down and abandoning module LinuxClientTargetPlatform (109)
[2017.12.10-09.03.59:514][481]LogModuleManager: Shutting down and abandoning module TVOSTargetPlatform (107)
[2017.12.10-09.03.59:514][481]LogModuleManager: Shutting down and abandoning module Messaging (105)
[2017.12.10-09.03.59:514][481]LogModuleManager: Shutting down and abandoning module IOSTargetPlatform (103)
[2017.12.10-09.03.59:514][481]LogModuleManager: Shutting down and abandoning module HTML5TargetPlatform (101)
[2017.12.10-09.03.59:514][481]LogModuleManager: Shutting down and abandoning module AndroidTargetPlatform (99)
[2017.12.10-09.03.59:515][481]LogModuleManager: Shutting down and abandoning module Android_PVRTCTargetPlatform (97)
[2017.12.10-09.03.59:515][481]LogModuleManager: Shutting down and abandoning module Android_MultiTargetPlatform (95)
[2017.12.10-09.03.59:515][481]LogModuleManager: Shutting down and abandoning module Android_ETC2TargetPlatform (93)
[2017.12.10-09.03.59:515][481]LogModuleManager: Shutting down and abandoning module Android_ETC1TargetPlatform (91)
[2017.12.10-09.03.59:515][481]LogModuleManager: Shutting down and abandoning module Android_DXTTargetPlatform (89)
[2017.12.10-09.03.59:515][481]LogModuleManager: Shutting down and abandoning module Android_ATCTargetPlatform (87)
[2017.12.10-09.03.59:515][481]LogModuleManager: Shutting down and abandoning module Android_ASTCTargetPlatform (85)
[2017.12.10-09.03.59:515][481]LogModuleManager: Shutting down and abandoning module WindowsTargetPlatform (83)
[2017.12.10-09.03.59:515][481]LogModuleManager: Shutting down and abandoning module WindowsServerTargetPlatform (81)
[2017.12.10-09.03.59:515][481]LogModuleManager: Shutting down and abandoning module WindowsNoEditorTargetPlatform (79)
[2017.12.10-09.03.59:515][481]LogModuleManager: Shutting down and abandoning module WindowsClientTargetPlatform (77)
[2017.12.10-09.03.59:515][481]LogModuleManager: Shutting down and abandoning module MacTargetPlatform (75)
[2017.12.10-09.03.59:515][481]LogModuleManager: Shutting down and abandoning module MacServerTargetPlatform (73)
[2017.12.10-09.03.59:515][481]LogModuleManager: Shutting down and abandoning module MacNoEditorTargetPlatform (71)
[2017.12.10-09.03.59:515][481]LogModuleManager: Shutting down and abandoning module MacClientTargetPlatform (69)
[2017.12.10-09.03.59:515][481]LogModuleManager: Shutting down and abandoning module AllDesktopTargetPlatform (67)
[2017.12.10-09.03.59:515][481]LogModuleManager: Shutting down and abandoning module InputCore (64)
[2017.12.10-09.03.59:515][481]LogModuleManager: Shutting down and abandoning module Settings (62)
[2017.12.10-09.03.59:515][481]LogModuleManager: Shutting down and abandoning module PhysXCooking (60)
[2017.12.10-09.03.59:515][481]LogModuleManager: Shutting down and abandoning module SteamVR (58)
[2017.12.10-09.03.59:515][481]LogModuleManager: Shutting down and abandoning module OculusHMD (56)
[2017.12.10-09.03.59:537][481]LogModuleManager: Shutting down and abandoning module ExampleDeviceProfileSelector (54)
[2017.12.10-09.03.59:538][481]LogModuleManager: Shutting down and abandoning module AppleARKit (52)
[2017.12.10-09.03.59:538][481]LogModuleManager: Shutting down and abandoning module AugmentedReality (51)
[2017.12.10-09.03.59:538][481]LogModuleManager: Shutting down and abandoning module OnlineBlueprintSupport (48)
[2017.12.10-09.03.59:538][481]LogModuleManager: Shutting down and abandoning module OnlineSubsystem (44)
[2017.12.10-09.03.59:636][481]LogModuleManager: Shutting down and abandoning module XMPP (43)
[2017.12.10-09.03.59:655][481]LogModuleManager: Shutting down and abandoning module HTTP (41)
[2017.12.10-09.03.59:655][481]LogHttp: Display: Http module shutting down, but needs to wait on 1 outstanding Http requests:
[2017.12.10-09.03.59:675][481]LogHttp: Display: 	verb=[POST] url=[https://datarouter.ol.epicgames.com/datarouter/api/v1/public/data?SessionID=%7B5D400704-4ADA-3E93-658A-D49BD5063147%7D&AppID=UEEditor.Rocket.Release&AppVersion=4.18.1-3754814%2B%2B%2BUE4%2BRelease-4.18&UserID=7a74afea4680f4b3709eae8eb132f4c2%7C93bea8dc1ef64c3fb728186a27d332e2%7C823d3a43-fc94-4b01-933d-be71a4c911c6&AppEnvironment=datacollector-binary&UploadType=eteventstream] status=Processing
[2017.12.10-09.03.59:684][481]LogModuleManager: Shutting down and abandoning module SSL (40)
[2017.12.10-09.03.59:696][481]LogModuleManager: Shutting down and abandoning module AnimationModifiers (36)
[2017.12.10-09.03.59:734][481]LogModuleManager: Shutting down and abandoning module PropertyEditor (35)
[2017.12.10-09.03.59:751][481]LogModuleManager: Shutting down and abandoning module AudioEditor (32)
[2017.12.10-09.03.59:820][481]LogModuleManager: Shutting down and abandoning module TextureCompressor (30)
[2017.12.10-09.04.00:120][481]LogModuleManager: Shutting down and abandoning module ShaderCore (28)
[2017.12.10-09.04.00:120][481]LogModuleManager: Shutting down and abandoning module Landscape (26)
[2017.12.10-09.04.00:120][481]LogModuleManager: Shutting down and abandoning module SlateRHIRenderer (24)
[2017.12.10-09.04.00:214][481]LogModuleManager: Shutting down and abandoning module OpenGLDrv (22)
[2017.12.10-09.04.00:296][481]LogModuleManager: Shutting down and abandoning module D3D11RHI (20)
[2017.12.10-09.04.00:297][481]LogModuleManager: Shutting down and abandoning module AnimGraphRuntime (18)
[2017.12.10-09.04.00:319][481]LogModuleManager: Shutting down and abandoning module Renderer (16)
[2017.12.10-09.04.00:319][481]LogModuleManager: Shutting down and abandoning module Engine (14)
[2017.12.10-09.04.00:319][481]LogModuleManager: Shutting down and abandoning module CoreUObject (12)
[2017.12.10-09.04.00:319][481]LogModuleManager: Shutting down and abandoning module NetworkFile (10)
[2017.12.10-09.04.00:336][481]LogModuleManager: Shutting down and abandoning module CookedIterativeFile (8)
[2017.12.10-09.04.00:336][481]LogModuleManager: Shutting down and abandoning module StreamingFile (6)
[2017.12.10-09.04.00:367][481]LogModuleManager: Shutting down and abandoning module SandboxFile (4)
[2017.12.10-09.04.00:367][481]LogModuleManager: Shutting down and abandoning module PakFile (2)
[2017.12.10-09.04.00:426][481]LogExit: Exiting.
[2017.12.10-09.04.00:453][481]Log file closed, 12/10/17 04:04:00
