Log file open, 12/11/17 00:50:00
LogWindows: Failed to load 'aqProf.dll' (GetLastError=126)
LogWindows: File 'aqProf.dll' does not exist
LogWindows: Failed to load 'VtuneApi.dll' (GetLastError=126)
LogWindows: File 'VtuneApi.dll' does not exist
LogWindows: Failed to load 'VtuneApi32e.dll' (GetLastError=126)
LogWindows: File 'VtuneApi32e.dll' does not exist
LogInit: Display: Running engine for game: ThumbWars
LogPlatformFile: Not using cached read wrapper
LogInit: Display: RandInit(313699164) SRandInit(313699164).
LogInit: Read version file with build ID '3709383'
LogInit: Overriding engine version to CL 3754814, compatible CL 3709383
LogInit: Registered custom module enumerator with build ID '3709383'
LogTaskGraph: Started task graph with 5 named threads and 14 total threads with 3 sets of task threads.
LogStats: Stats thread started at 0.196437
LogD3D11RHI: Aftermath initialized
LogPluginManager: Mounting plugin Paper2D
LogPluginManager: Mounting plugin LightPropagationVolume
LogPluginManager: Mounting plugin CodeLiteSourceCodeAccess
LogPluginManager: Mounting plugin GitSourceControl
LogPluginManager: Mounting plugin KDevelopSourceCodeAccess
LogPluginManager: Mounting plugin NullSourceCodeAccess
LogPluginManager: Mounting plugin PerforceSourceControl
LogPluginManager: Mounting plugin SubversionSourceControl
LogPluginManager: Mounting plugin UObjectPlugin
LogPluginManager: Mounting plugin VisualStudioCodeSourceCodeAccess
LogPluginManager: Mounting plugin VisualStudioSourceCodeAccess
LogPluginManager: Mounting plugin XCodeSourceCodeAccess
LogPluginManager: Mounting plugin AssetManagerEditor
LogPluginManager: Mounting plugin AudioCapture
LogPluginManager: Mounting plugin FacialAnimation
LogPluginManager: Mounting plugin GameplayTagsEditor
LogPluginManager: Mounting plugin MobileLauncherProfileWizard
LogPluginManager: Mounting plugin PluginBrowser
LogPluginManager: Mounting plugin SpeedTreeImporter
LogPluginManager: Mounting plugin AlembicImporter
LogPluginManager: Mounting plugin CharacterAI
LogPluginManager: Mounting plugin HTML5Networking
LogPluginManager: Mounting plugin AndroidMedia
LogPluginManager: Mounting plugin AvfMedia
LogPluginManager: Mounting plugin ImgMedia
LogPluginManager: Mounting plugin MediaCompositing
LogPluginManager: Mounting plugin MediaPlayerEditor
LogPluginManager: Mounting plugin WmfMedia
LogPluginManager: Mounting plugin TcpMessaging
LogPluginManager: Mounting plugin UdpMessaging
LogPluginManager: Mounting plugin ActorSequence
LogPluginManager: Mounting plugin LevelSequenceEditor
LogPluginManager: Mounting plugin MatineeToLevelSequence
LogPluginManager: Mounting plugin OnlineSubsystemGooglePlay
LogPluginManager: Mounting plugin OnlineSubsystemIOS
LogPluginManager: Mounting plugin OnlineSubsystem
LogPluginManager: Mounting plugin OnlineSubsystemNull
LogPluginManager: Mounting plugin OnlineSubsystemUtils
LogPluginManager: Mounting plugin AndroidDeviceProfileSelector
LogPluginManager: Mounting plugin AndroidMoviePlayer
LogPluginManager: Mounting plugin AndroidPermission
LogPluginManager: Mounting plugin AppleARKit
LogPluginManager: Mounting plugin AppleMoviePlayer
LogPluginManager: Mounting plugin ArchVisCharacter
LogPluginManager: Mounting plugin CableComponent
LogPluginManager: Mounting plugin CustomMeshComponent
LogPluginManager: Mounting plugin ExampleDeviceProfileSelector
LogPluginManager: Mounting plugin GoogleCloudMessaging
LogPluginManager: Mounting plugin ImmediatePhysics
LogPluginManager: Mounting plugin IOSDeviceProfileSelector
LogPluginManager: Mounting plugin LinuxDeviceProfileSelector
LogPluginManager: Mounting plugin LocationServicesBPLibrary
LogPluginManager: Mounting plugin MobilePatchingUtils
LogPluginManager: Mounting plugin OculusVR
LogPluginManager: Plugin shader directory ../../../Engine/Plugins/Runtime/Oculus/OculusVR/Shaders found
LogPluginManager: Mapping shader source directory ../../../Engine/Plugins/Runtime/Oculus/OculusVR/Shaders to virtual directory /Plugin/OculusVR
LogPluginManager: Mounting plugin PhysXVehicles
LogPluginManager: Mounting plugin ProceduralMeshComponent
LogPluginManager: Mounting plugin RuntimePhysXCooking
LogPluginManager: Mounting plugin SteamVR
LogPluginManager: Mounting plugin WindowsMoviePlayer
LogModuleManager: Warning: Module file ../../../../../../Users/Default.SixCore-PC/Desktop/Thumb_Wars/ThumbWars/Binaries/Win64/UE4Editor-ThumbWars-8956.dll is missing. This is likely a stale module that must be recompiled.
LogModuleManager: Display: Found up-to-date module file ../../../Engine/Plugins/2D/Paper2D/Binaries/Win64/UE4Editor-Paper2D.dll (API version 3709383).
LogModuleManager: Display: Found up-to-date module file ../../../Engine/Plugins/2D/Paper2D/Binaries/Win64/UE4Editor-Paper2DEditor.dll (API version 3709383).
LogModuleManager: Display: Found up-to-date module file ../../../Engine/Plugins/2D/Paper2D/Binaries/Win64/UE4Editor-PaperSpriteSheetImporter.dll (API version 3709383).
LogModuleManager: Display: Found up-to-date module file ../../../Engine/Plugins/2D/Paper2D/Binaries/Win64/UE4Editor-PaperTiledImporter.dll (API version 3709383).
LogModuleManager: Display: Found up-to-date module file ../../../Engine/Plugins/2D/Paper2D/Binaries/Win64/UE4Editor-SmartSnapping.dll (API version 3709383).
LogModuleManager: Display: Found up-to-date module file ../../../Engine/Plugins/Blendables/LightPropagationVolume/Binaries/Win64/UE4Editor-LightPropagationVolumeRuntime.dll (API version 3709383).
LogModuleManager: Display: Found up-to-date module file ../../../Engine/Plugins/Blendables/LightPropagationVolume/Binaries/Win64/UE4Editor-LightPropagationVolumeEditor.dll (API version 3709383).
LogModuleManager: Display: Found up-to-date module file ../../../Engine/Plugins/Developer/GitSourceControl/Binaries/Win64/UE4Editor-GitSourceControl.dll (API version 3709383).
LogModuleManager: Display: Found up-to-date module file ../../../Engine/Plugins/Developer/PerforceSourceControl/Binaries/Win64/UE4Editor-PerforceSourceControl.dll (API version 3709383).
LogModuleManager: Display: Found up-to-date module file ../../../Engine/Plugins/Developer/SubversionSourceControl/Binaries/Win64/UE4Editor-SubversionSourceControl.dll (API version 3709383).
LogModuleManager: Display: Found up-to-date module file ../../../Engine/Plugins/Developer/UObjectPlugin/Binaries/Win64/UE4Editor-UObjectPlugin.dll (API version 3709383).
LogModuleManager: Display: Found up-to-date module file ../../../Engine/Plugins/Developer/VisualStudioCodeSourceCodeAccess/Binaries/Win64/UE4Editor-VisualStudioCodeSourceCodeAccess.dll (API version 3709383).
LogModuleManager: Display: Found up-to-date module file ../../../Engine/Plugins/Developer/VisualStudioSourceCodeAccess/Binaries/Win64/UE4Editor-VisualStudioSourceCodeAccess.dll (API version 3709383).
LogModuleManager: Display: Found up-to-date module file ../../../Engine/Plugins/Editor/AssetManagerEditor/Binaries/Win64/UE4Editor-AssetManagerEditor.dll (API version 3709383).
LogModuleManager: Display: Found up-to-date module file ../../../Engine/Plugins/Editor/AudioCapture/Binaries/Win64/UE4Editor-AudioCapture.dll (API version 3709383).
LogModuleManager: Display: Found up-to-date module file ../../../Engine/Plugins/Editor/FacialAnimation/Binaries/Win64/UE4Editor-FacialAnimation.dll (API version 3709383).
LogModuleManager: Display: Found up-to-date module file ../../../Engine/Plugins/Editor/FacialAnimation/Binaries/Win64/UE4Editor-FacialAnimationEditor.dll (API version 3709383).
LogModuleManager: Display: Found up-to-date module file ../../../Engine/Plugins/Editor/GameplayTagsEditor/Binaries/Win64/UE4Editor-GameplayTagsEditor.dll (API version 3709383).
LogModuleManager: Display: Found up-to-date module file ../../../Engine/Plugins/Editor/MobileLauncherProfileWizard/Binaries/Win64/UE4Editor-MobileLauncherProfileWizard.dll (API version 3709383).
LogModuleManager: Display: Found up-to-date module file ../../../Engine/Plugins/Editor/PluginBrowser/Binaries/Win64/UE4Editor-PluginBrowser.dll (API version 3709383).
LogModuleManager: Display: Found up-to-date module file ../../../Engine/Plugins/Editor/SpeedTreeImporter/Binaries/Win64/UE4Editor-SpeedTreeImporter.dll (API version 3709383).
LogModuleManager: Display: Found up-to-date module file ../../../Engine/Plugins/Experimental/AlembicImporter/Binaries/Win64/UE4Editor-AlembicImporter.dll (API version 3709383).
LogModuleManager: Display: Found up-to-date module file ../../../Engine/Plugins/Experimental/AlembicImporter/Binaries/Win64/UE4Editor-AlembicLibrary.dll (API version 3709383).
LogModuleManager: Display: Found up-to-date module file ../../../Engine/Plugins/Experimental/CharacterAI/Binaries/Win64/UE4Editor-CharacterAI.dll (API version 3709383).
LogModuleManager: Display: Found up-to-date module file ../../../Engine/Plugins/Experimental/HTML5Networking/Binaries/Win64/UE4Editor-HTML5Networking.dll (API version 3709383).
LogModuleManager: Display: Found up-to-date module file ../../../Engine/Plugins/Media/AndroidMedia/Binaries/Win64/UE4Editor-AndroidMediaEditor.dll (API version 3709383).
LogModuleManager: Display: Found up-to-date module file ../../../Engine/Plugins/Media/AndroidMedia/Binaries/Win64/UE4Editor-AndroidMediaFactory.dll (API version 3709383).
LogModuleManager: Display: Found up-to-date module file ../../../Engine/Plugins/Media/AvfMedia/Binaries/Win64/UE4Editor-AvfMediaEditor.dll (API version 3709383).
LogModuleManager: Display: Found up-to-date module file ../../../Engine/Plugins/Media/AvfMedia/Binaries/Win64/UE4Editor-AvfMediaFactory.dll (API version 3709383).
LogModuleManager: Display: Found up-to-date module file ../../../Engine/Plugins/Media/AvfMedia/Binaries/Win64/UE4Editor-AvfMediaFactory.dll (API version 3709383).
LogModuleManager: Display: Found up-to-date module file ../../../Engine/Plugins/Media/ImgMedia/Binaries/Win64/UE4Editor-ImgMedia.dll (API version 3709383).
LogModuleManager: Display: Found up-to-date module file ../../../Engine/Plugins/Media/ImgMedia/Binaries/Win64/UE4Editor-ImgMediaEditor.dll (API version 3709383).
LogModuleManager: Display: Found up-to-date module file ../../../Engine/Plugins/Media/ImgMedia/Binaries/Win64/UE4Editor-ImgMediaFactory.dll (API version 3709383).
LogModuleManager: Display: Found up-to-date module file ../../../Engine/Plugins/Media/ImgMedia/Binaries/Win64/UE4Editor-ImgMediaFactory.dll (API version 3709383).
LogModuleManager: Display: Found up-to-date module file ../../../Engine/Plugins/Media/ImgMedia/Binaries/Win64/UE4Editor-OpenExrWrapper.dll (API version 3709383).
LogModuleManager: Display: Found up-to-date module file ../../../Engine/Plugins/Media/MediaCompositing/Binaries/Win64/UE4Editor-MediaCompositing.dll (API version 3709383).
LogModuleManager: Display: Found up-to-date module file ../../../Engine/Plugins/Media/MediaCompositing/Binaries/Win64/UE4Editor-MediaCompositingEditor.dll (API version 3709383).
LogModuleManager: Display: Found up-to-date module file ../../../Engine/Plugins/Media/MediaPlayerEditor/Binaries/Win64/UE4Editor-MediaPlayerEditor.dll (API version 3709383).
LogModuleManager: Display: Found up-to-date module file ../../../Engine/Plugins/Media/WmfMedia/Binaries/Win64/UE4Editor-WmfMedia.dll (API version 3709383).
LogModuleManager: Display: Found up-to-date module file ../../../Engine/Plugins/Media/WmfMedia/Binaries/Win64/UE4Editor-WmfMediaEditor.dll (API version 3709383).
LogModuleManager: Display: Found up-to-date module file ../../../Engine/Plugins/Media/WmfMedia/Binaries/Win64/UE4Editor-WmfMediaFactory.dll (API version 3709383).
LogModuleManager: Display: Found up-to-date module file ../../../Engine/Plugins/Media/WmfMedia/Binaries/Win64/UE4Editor-WmfMediaFactory.dll (API version 3709383).
LogModuleManager: Display: Found up-to-date module file ../../../Engine/Plugins/Messaging/TcpMessaging/Binaries/Win64/UE4Editor-TcpMessaging.dll (API version 3709383).
LogModuleManager: Display: Found up-to-date module file ../../../Engine/Plugins/Messaging/UdpMessaging/Binaries/Win64/UE4Editor-UdpMessaging.dll (API version 3709383).
LogModuleManager: Display: Found up-to-date module file ../../../Engine/Plugins/MovieScene/ActorSequence/Binaries/Win64/UE4Editor-ActorSequence.dll (API version 3709383).
LogModuleManager: Display: Found up-to-date module file ../../../Engine/Plugins/MovieScene/LevelSequenceEditor/Binaries/Win64/UE4Editor-LevelSequenceEditor.dll (API version 3709383).
LogModuleManager: Display: Found up-to-date module file ../../../Engine/Plugins/MovieScene/MatineeToLevelSequence/Binaries/Win64/UE4Editor-MatineeToLevelSequence.dll (API version 3709383).
LogModuleManager: Display: Found up-to-date module file ../../../Engine/Plugins/Online/OnlineSubsystem/Binaries/Win64/UE4Editor-OnlineSubsystem.dll (API version 3709383).
LogModuleManager: Display: Found up-to-date module file ../../../Engine/Plugins/Online/OnlineSubsystemNull/Binaries/Win64/UE4Editor-OnlineSubsystemNull.dll (API version 3709383).
LogModuleManager: Display: Found up-to-date module file ../../../Engine/Plugins/Online/OnlineSubsystemUtils/Binaries/Win64/UE4Editor-OnlineSubsystemUtils.dll (API version 3709383).
LogModuleManager: Display: Found up-to-date module file ../../../Engine/Plugins/Online/OnlineSubsystemUtils/Binaries/Win64/UE4Editor-OnlineBlueprintSupport.dll (API version 3709383).
LogModuleManager: Display: Found up-to-date module file ../../../Engine/Plugins/Runtime/AndroidDeviceProfileSelector/Binaries/Win64/UE4Editor-AndroidDeviceProfileSelector.dll (API version 3709383).
LogModuleManager: Display: Found up-to-date module file ../../../Engine/Plugins/Runtime/AndroidPermission/Binaries/Win64/UE4Editor-AndroidPermission.dll (API version 3709383).
LogModuleManager: Display: Found up-to-date module file ../../../Engine/Plugins/Runtime/AppleARKit/Binaries/Win64/UE4Editor-AppleARKit.dll (API version 3709383).
LogModuleManager: Display: Found up-to-date module file ../../../Engine/Plugins/Runtime/ArchVisCharacter/Binaries/Win64/UE4Editor-ArchVisCharacter.dll (API version 3709383).
LogModuleManager: Display: Found up-to-date module file ../../../Engine/Plugins/Runtime/CableComponent/Binaries/Win64/UE4Editor-CableComponent.dll (API version 3709383).
LogModuleManager: Display: Found up-to-date module file ../../../Engine/Plugins/Runtime/CustomMeshComponent/Binaries/Win64/UE4Editor-CustomMeshComponent.dll (API version 3709383).
LogModuleManager: Display: Found up-to-date module file ../../../Engine/Plugins/Runtime/ExampleDeviceProfileSelector/Binaries/Win64/UE4Editor-ExampleDeviceProfileSelector.dll (API version 3709383).
LogModuleManager: Display: Found up-to-date module file ../../../Engine/Plugins/Runtime/ImmediatePhysics/Binaries/Win64/UE4Editor-ImmediatePhysics.dll (API version 3709383).
LogModuleManager: Display: Found up-to-date module file ../../../Engine/Plugins/Runtime/ImmediatePhysics/Binaries/Win64/UE4Editor-ImmediatePhysicsEditor.dll (API version 3709383).
LogModuleManager: Display: Found up-to-date module file ../../../Engine/Plugins/Runtime/LocationServicesBPLibrary/Binaries/Win64/UE4Editor-LocationServicesBPLibrary.dll (API version 3709383).
LogModuleManager: Display: Found up-to-date module file ../../../Engine/Plugins/Runtime/MobilePatchingUtils/Binaries/Win64/UE4Editor-MobilePatchingUtils.dll (API version 3709383).
LogModuleManager: Display: Found up-to-date module file ../../../Engine/Plugins/Runtime/Oculus/OculusVR/Binaries/Win64/UE4Editor-OculusHMD.dll (API version 3709383).
LogModuleManager: Display: Found up-to-date module file ../../../Engine/Plugins/Runtime/Oculus/OculusVR/Binaries/Win64/UE4Editor-OculusInput.dll (API version 3709383).
LogModuleManager: Display: Found up-to-date module file ../../../Engine/Plugins/Runtime/Oculus/OculusVR/Binaries/Win64/UE4Editor-OculusEditor.dll (API version 3709383).
LogModuleManager: Display: Found up-to-date module file ../../../Engine/Plugins/Runtime/PhysXVehicles/Binaries/Win64/UE4Editor-PhysXVehicles.dll (API version 3709383).
LogModuleManager: Display: Found up-to-date module file ../../../Engine/Plugins/Runtime/PhysXVehicles/Binaries/Win64/UE4Editor-PhysXVehiclesEditor.dll (API version 3709383).
LogModuleManager: Display: Found up-to-date module file ../../../Engine/Plugins/Runtime/ProceduralMeshComponent/Binaries/Win64/UE4Editor-ProceduralMeshComponent.dll (API version 3709383).
LogModuleManager: Display: Found up-to-date module file ../../../Engine/Plugins/Runtime/ProceduralMeshComponent/Binaries/Win64/UE4Editor-ProceduralMeshComponentEditor.dll (API version 3709383).
LogModuleManager: Display: Found up-to-date module file ../../../Engine/Plugins/Runtime/RuntimePhysXCooking/Binaries/Win64/UE4Editor-RuntimePhysXCooking.dll (API version 3709383).
LogModuleManager: Display: Found up-to-date module file ../../../Engine/Plugins/Runtime/Steam/SteamVR/Binaries/Win64/UE4Editor-SteamVR.dll (API version 3709383).
LogModuleManager: Display: Found up-to-date module file ../../../Engine/Plugins/Runtime/Steam/SteamVR/Binaries/Win64/UE4Editor-SteamVRController.dll (API version 3709383).
LogModuleManager: Display: Found up-to-date module file ../../../Engine/Plugins/Runtime/WindowsMoviePlayer/Binaries/Win64/UE4Editor-WindowsMoviePlayer.dll (API version 3709383).
LogInit: Warning: Incompatible or missing module: UE4Editor-ThumbWars.dll
Running C:/Program Files/Epic Games/UE_4.18/Engine/Binaries/DotNET/UnrealBuildTool.exe ThumbWars Development Win64 -project="C:/Users/Default.SixCore-PC/Desktop/Thumb_Wars/ThumbWars/ThumbWars.uproject" -editorrecompile -progress -NoHotReloadFromIDE
Using 'git status' to determine working set for adaptive non-unity build.
Creating makefile for ThumbWars (no existing makefile)
@progress push 5%
Parsing headers for ThumbWarsEditor
  Running UnrealHeaderTool "C:\Users\Default.SixCore-PC\Desktop\Thumb_Wars\ThumbWars\ThumbWars.uproject" "C:\Users\Default.SixCore-PC\Desktop\Thumb_Wars\ThumbWars\Intermediate\Build\Win64\ThumbWarsEditor\Development\ThumbWarsEditor.uhtmanifest" -LogCmds="loginit warning, logexit warning, logdatabase error" -Unattended -WarningsAsErrors -installed
Reflection code generated for ThumbWarsEditor in 11.6331298 seconds
@progress pop
Performing 6 actions (4 in parallel)
FPSCharacter.cpp
FPSCharacter.gen.cpp
ThumbWars.cpp
ThumbWars.init.gen.cpp
[5/6] Link UE4Editor-ThumbWars.dll
[6/6] Link UE4Editor-ThumbWars.lib
   Creating library C:\Users\Default.SixCore-PC\Desktop\Thumb_Wars\ThumbWars\Intermediate\Build\Win64\UE4Editor\Development\UE4Editor-ThumbWars.suppressed.lib and object C:\Users\Default.SixCore-PC\Desktop\Thumb_Wars\ThumbWars\Intermediate\Build\Win64\UE4Editor\Development\UE4Editor-ThumbWars.suppressed.exp
   Creating library C:\Users\Default.SixCore-PC\Desktop\Thumb_Wars\ThumbWars\Intermediate\Build\Win64\UE4Editor\Development\UE4Editor-ThumbWars.lib and object C:\Users\Default.SixCore-PC\Desktop\Thumb_Wars\ThumbWars\Intermediate\Build\Win64\UE4Editor\Development\UE4Editor-ThumbWars.exp
Total build time: 21.35 seconds (Local executor: 2.42 seconds)
LogModuleManager: Display: Found up-to-date module file ../../../../../../Users/Default.SixCore-PC/Desktop/Thumb_Wars/ThumbWars/Binaries/Win64/UE4Editor-ThumbWars.dll (API version 3709383).
LogModuleManager: Display: Found up-to-date module file ../../../Engine/Plugins/2D/Paper2D/Binaries/Win64/UE4Editor-Paper2D.dll (API version 3709383).
LogModuleManager: Display: Found up-to-date module file ../../../Engine/Plugins/2D/Paper2D/Binaries/Win64/UE4Editor-Paper2DEditor.dll (API version 3709383).
LogModuleManager: Display: Found up-to-date module file ../../../Engine/Plugins/2D/Paper2D/Binaries/Win64/UE4Editor-PaperSpriteSheetImporter.dll (API version 3709383).
LogModuleManager: Display: Found up-to-date module file ../../../Engine/Plugins/2D/Paper2D/Binaries/Win64/UE4Editor-PaperTiledImporter.dll (API version 3709383).
LogModuleManager: Display: Found up-to-date module file ../../../Engine/Plugins/2D/Paper2D/Binaries/Win64/UE4Editor-SmartSnapping.dll (API version 3709383).
LogModuleManager: Display: Found up-to-date module file ../../../Engine/Plugins/Blendables/LightPropagationVolume/Binaries/Win64/UE4Editor-LightPropagationVolumeRuntime.dll (API version 3709383).
LogModuleManager: Display: Found up-to-date module file ../../../Engine/Plugins/Blendables/LightPropagationVolume/Binaries/Win64/UE4Editor-LightPropagationVolumeEditor.dll (API version 3709383).
LogModuleManager: Display: Found up-to-date module file ../../../Engine/Plugins/Developer/GitSourceControl/Binaries/Win64/UE4Editor-GitSourceControl.dll (API version 3709383).
LogModuleManager: Display: Found up-to-date module file ../../../Engine/Plugins/Developer/PerforceSourceControl/Binaries/Win64/UE4Editor-PerforceSourceControl.dll (API version 3709383).
LogModuleManager: Display: Found up-to-date module file ../../../Engine/Plugins/Developer/SubversionSourceControl/Binaries/Win64/UE4Editor-SubversionSourceControl.dll (API version 3709383).
LogModuleManager: Display: Found up-to-date module file ../../../Engine/Plugins/Developer/UObjectPlugin/Binaries/Win64/UE4Editor-UObjectPlugin.dll (API version 3709383).
LogModuleManager: Display: Found up-to-date module file ../../../Engine/Plugins/Developer/VisualStudioCodeSourceCodeAccess/Binaries/Win64/UE4Editor-VisualStudioCodeSourceCodeAccess.dll (API version 3709383).
LogModuleManager: Display: Found up-to-date module file ../../../Engine/Plugins/Developer/VisualStudioSourceCodeAccess/Binaries/Win64/UE4Editor-VisualStudioSourceCodeAccess.dll (API version 3709383).
LogModuleManager: Display: Found up-to-date module file ../../../Engine/Plugins/Editor/AssetManagerEditor/Binaries/Win64/UE4Editor-AssetManagerEditor.dll (API version 3709383).
LogModuleManager: Display: Found up-to-date module file ../../../Engine/Plugins/Editor/AudioCapture/Binaries/Win64/UE4Editor-AudioCapture.dll (API version 3709383).
LogModuleManager: Display: Found up-to-date module file ../../../Engine/Plugins/Editor/FacialAnimation/Binaries/Win64/UE4Editor-FacialAnimation.dll (API version 3709383).
LogModuleManager: Display: Found up-to-date module file ../../../Engine/Plugins/Editor/FacialAnimation/Binaries/Win64/UE4Editor-FacialAnimationEditor.dll (API version 3709383).
LogModuleManager: Display: Found up-to-date module file ../../../Engine/Plugins/Editor/GameplayTagsEditor/Binaries/Win64/UE4Editor-GameplayTagsEditor.dll (API version 3709383).
LogModuleManager: Display: Found up-to-date module file ../../../Engine/Plugins/Editor/MobileLauncherProfileWizard/Binaries/Win64/UE4Editor-MobileLauncherProfileWizard.dll (API version 3709383).
LogModuleManager: Display: Found up-to-date module file ../../../Engine/Plugins/Editor/PluginBrowser/Binaries/Win64/UE4Editor-PluginBrowser.dll (API version 3709383).
LogModuleManager: Display: Found up-to-date module file ../../../Engine/Plugins/Editor/SpeedTreeImporter/Binaries/Win64/UE4Editor-SpeedTreeImporter.dll (API version 3709383).
LogModuleManager: Display: Found up-to-date module file ../../../Engine/Plugins/Experimental/AlembicImporter/Binaries/Win64/UE4Editor-AlembicImporter.dll (API version 3709383).
LogModuleManager: Display: Found up-to-date module file ../../../Engine/Plugins/Experimental/AlembicImporter/Binaries/Win64/UE4Editor-AlembicLibrary.dll (API version 3709383).
LogModuleManager: Display: Found up-to-date module file ../../../Engine/Plugins/Experimental/CharacterAI/Binaries/Win64/UE4Editor-CharacterAI.dll (API version 3709383).
LogModuleManager: Display: Found up-to-date module file ../../../Engine/Plugins/Experimental/HTML5Networking/Binaries/Win64/UE4Editor-HTML5Networking.dll (API version 3709383).
LogModuleManager: Display: Found up-to-date module file ../../../Engine/Plugins/Media/AndroidMedia/Binaries/Win64/UE4Editor-AndroidMediaEditor.dll (API version 3709383).
LogModuleManager: Display: Found up-to-date module file ../../../Engine/Plugins/Media/AndroidMedia/Binaries/Win64/UE4Editor-AndroidMediaFactory.dll (API version 3709383).
LogModuleManager: Display: Found up-to-date module file ../../../Engine/Plugins/Media/AvfMedia/Binaries/Win64/UE4Editor-AvfMediaEditor.dll (API version 3709383).
LogModuleManager: Display: Found up-to-date module file ../../../Engine/Plugins/Media/AvfMedia/Binaries/Win64/UE4Editor-AvfMediaFactory.dll (API version 3709383).
LogModuleManager: Display: Found up-to-date module file ../../../Engine/Plugins/Media/AvfMedia/Binaries/Win64/UE4Editor-AvfMediaFactory.dll (API version 3709383).
LogModuleManager: Display: Found up-to-date module file ../../../Engine/Plugins/Media/ImgMedia/Binaries/Win64/UE4Editor-ImgMedia.dll (API version 3709383).
LogModuleManager: Display: Found up-to-date module file ../../../Engine/Plugins/Media/ImgMedia/Binaries/Win64/UE4Editor-ImgMediaEditor.dll (API version 3709383).
LogModuleManager: Display: Found up-to-date module file ../../../Engine/Plugins/Media/ImgMedia/Binaries/Win64/UE4Editor-ImgMediaFactory.dll (API version 3709383).
LogModuleManager: Display: Found up-to-date module file ../../../Engine/Plugins/Media/ImgMedia/Binaries/Win64/UE4Editor-ImgMediaFactory.dll (API version 3709383).
LogModuleManager: Display: Found up-to-date module file ../../../Engine/Plugins/Media/ImgMedia/Binaries/Win64/UE4Editor-OpenExrWrapper.dll (API version 3709383).
LogModuleManager: Display: Found up-to-date module file ../../../Engine/Plugins/Media/MediaCompositing/Binaries/Win64/UE4Editor-MediaCompositing.dll (API version 3709383).
LogModuleManager: Display: Found up-to-date module file ../../../Engine/Plugins/Media/MediaCompositing/Binaries/Win64/UE4Editor-MediaCompositingEditor.dll (API version 3709383).
LogModuleManager: Display: Found up-to-date module file ../../../Engine/Plugins/Media/MediaPlayerEditor/Binaries/Win64/UE4Editor-MediaPlayerEditor.dll (API version 3709383).
LogModuleManager: Display: Found up-to-date module file ../../../Engine/Plugins/Media/WmfMedia/Binaries/Win64/UE4Editor-WmfMedia.dll (API version 3709383).
LogModuleManager: Display: Found up-to-date module file ../../../Engine/Plugins/Media/WmfMedia/Binaries/Win64/UE4Editor-WmfMediaEditor.dll (API version 3709383).
LogModuleManager: Display: Found up-to-date module file ../../../Engine/Plugins/Media/WmfMedia/Binaries/Win64/UE4Editor-WmfMediaFactory.dll (API version 3709383).
LogModuleManager: Display: Found up-to-date module file ../../../Engine/Plugins/Media/WmfMedia/Binaries/Win64/UE4Editor-WmfMediaFactory.dll (API version 3709383).
LogModuleManager: Display: Found up-to-date module file ../../../Engine/Plugins/Messaging/TcpMessaging/Binaries/Win64/UE4Editor-TcpMessaging.dll (API version 3709383).
LogModuleManager: Display: Found up-to-date module file ../../../Engine/Plugins/Messaging/UdpMessaging/Binaries/Win64/UE4Editor-UdpMessaging.dll (API version 3709383).
LogModuleManager: Display: Found up-to-date module file ../../../Engine/Plugins/MovieScene/ActorSequence/Binaries/Win64/UE4Editor-ActorSequence.dll (API version 3709383).
LogModuleManager: Display: Found up-to-date module file ../../../Engine/Plugins/MovieScene/LevelSequenceEditor/Binaries/Win64/UE4Editor-LevelSequenceEditor.dll (API version 3709383).
LogModuleManager: Display: Found up-to-date module file ../../../Engine/Plugins/MovieScene/MatineeToLevelSequence/Binaries/Win64/UE4Editor-MatineeToLevelSequence.dll (API version 3709383).
LogModuleManager: Display: Found up-to-date module file ../../../Engine/Plugins/Online/OnlineSubsystem/Binaries/Win64/UE4Editor-OnlineSubsystem.dll (API version 3709383).
LogModuleManager: Display: Found up-to-date module file ../../../Engine/Plugins/Online/OnlineSubsystemNull/Binaries/Win64/UE4Editor-OnlineSubsystemNull.dll (API version 3709383).
LogModuleManager: Display: Found up-to-date module file ../../../Engine/Plugins/Online/OnlineSubsystemUtils/Binaries/Win64/UE4Editor-OnlineSubsystemUtils.dll (API version 3709383).
LogModuleManager: Display: Found up-to-date module file ../../../Engine/Plugins/Online/OnlineSubsystemUtils/Binaries/Win64/UE4Editor-OnlineBlueprintSupport.dll (API version 3709383).
LogModuleManager: Display: Found up-to-date module file ../../../Engine/Plugins/Runtime/AndroidDeviceProfileSelector/Binaries/Win64/UE4Editor-AndroidDeviceProfileSelector.dll (API version 3709383).
LogModuleManager: Display: Found up-to-date module file ../../../Engine/Plugins/Runtime/AndroidPermission/Binaries/Win64/UE4Editor-AndroidPermission.dll (API version 3709383).
LogModuleManager: Display: Found up-to-date module file ../../../Engine/Plugins/Runtime/AppleARKit/Binaries/Win64/UE4Editor-AppleARKit.dll (API version 3709383).
LogModuleManager: Display: Found up-to-date module file ../../../Engine/Plugins/Runtime/ArchVisCharacter/Binaries/Win64/UE4Editor-ArchVisCharacter.dll (API version 3709383).
LogModuleManager: Display: Found up-to-date module file ../../../Engine/Plugins/Runtime/CableComponent/Binaries/Win64/UE4Editor-CableComponent.dll (API version 3709383).
LogModuleManager: Display: Found up-to-date module file ../../../Engine/Plugins/Runtime/CustomMeshComponent/Binaries/Win64/UE4Editor-CustomMeshComponent.dll (API version 3709383).
LogModuleManager: Display: Found up-to-date module file ../../../Engine/Plugins/Runtime/ExampleDeviceProfileSelector/Binaries/Win64/UE4Editor-ExampleDeviceProfileSelector.dll (API version 3709383).
LogModuleManager: Display: Found up-to-date module file ../../../Engine/Plugins/Runtime/ImmediatePhysics/Binaries/Win64/UE4Editor-ImmediatePhysics.dll (API version 3709383).
LogModuleManager: Display: Found up-to-date module file ../../../Engine/Plugins/Runtime/ImmediatePhysics/Binaries/Win64/UE4Editor-ImmediatePhysicsEditor.dll (API version 3709383).
LogModuleManager: Display: Found up-to-date module file ../../../Engine/Plugins/Runtime/LocationServicesBPLibrary/Binaries/Win64/UE4Editor-LocationServicesBPLibrary.dll (API version 3709383).
LogModuleManager: Display: Found up-to-date module file ../../../Engine/Plugins/Runtime/MobilePatchingUtils/Binaries/Win64/UE4Editor-MobilePatchingUtils.dll (API version 3709383).
LogModuleManager: Display: Found up-to-date module file ../../../Engine/Plugins/Runtime/Oculus/OculusVR/Binaries/Win64/UE4Editor-OculusHMD.dll (API version 3709383).
LogModuleManager: Display: Found up-to-date module file ../../../Engine/Plugins/Runtime/Oculus/OculusVR/Binaries/Win64/UE4Editor-OculusInput.dll (API version 3709383).
LogModuleManager: Display: Found up-to-date module file ../../../Engine/Plugins/Runtime/Oculus/OculusVR/Binaries/Win64/UE4Editor-OculusEditor.dll (API version 3709383).
LogModuleManager: Display: Found up-to-date module file ../../../Engine/Plugins/Runtime/PhysXVehicles/Binaries/Win64/UE4Editor-PhysXVehicles.dll (API version 3709383).
LogModuleManager: Display: Found up-to-date module file ../../../Engine/Plugins/Runtime/PhysXVehicles/Binaries/Win64/UE4Editor-PhysXVehiclesEditor.dll (API version 3709383).
LogModuleManager: Display: Found up-to-date module file ../../../Engine/Plugins/Runtime/ProceduralMeshComponent/Binaries/Win64/UE4Editor-ProceduralMeshComponent.dll (API version 3709383).
LogModuleManager: Display: Found up-to-date module file ../../../Engine/Plugins/Runtime/ProceduralMeshComponent/Binaries/Win64/UE4Editor-ProceduralMeshComponentEditor.dll (API version 3709383).
LogModuleManager: Display: Found up-to-date module file ../../../Engine/Plugins/Runtime/RuntimePhysXCooking/Binaries/Win64/UE4Editor-RuntimePhysXCooking.dll (API version 3709383).
LogModuleManager: Display: Found up-to-date module file ../../../Engine/Plugins/Runtime/Steam/SteamVR/Binaries/Win64/UE4Editor-SteamVR.dll (API version 3709383).
LogModuleManager: Display: Found up-to-date module file ../../../Engine/Plugins/Runtime/Steam/SteamVR/Binaries/Win64/UE4Editor-SteamVRController.dll (API version 3709383).
LogModuleManager: Display: Found up-to-date module file ../../../Engine/Plugins/Runtime/WindowsMoviePlayer/Binaries/Win64/UE4Editor-WindowsMoviePlayer.dll (API version 3709383).
LogInit: Using libcurl 7.47.1
LogInit:  - built for x86_64-pc-win32
LogInit:  - supports SSL with OpenSSL/1.0.2g
LogInit:  - supports HTTP deflate (compression) using libz 1.2.8
LogInit:  - other features:
LogInit:      CURL_VERSION_SSL
LogInit:      CURL_VERSION_LIBZ
LogInit:      CURL_VERSION_IPV6
LogInit:      CURL_VERSION_ASYNCHDNS
LogInit:      CURL_VERSION_LARGEFILE
LogInit:      CURL_VERSION_IDN
LogInit:  CurlRequestOptions (configurable via config and command line):
LogInit:  - bVerifyPeer = false  - Libcurl will NOT verify peer certificate
LogInit:  - bUseHttpProxy = false  - Libcurl will NOT use HTTP proxy
LogInit:  - bDontReuseConnections = false  - Libcurl will reuse connections
LogInit:  - CertBundlePath = nullptr  - Libcurl will use whatever was configured at build time.
LogInit: Build: ++UE4+Release-4.18-CL-3754814
LogInit: Engine Version: 4.18.1-3754814+++UE4+Release-4.18
LogInit: Compatible Engine Version: 4.18.0-3709383+++UE4+Release-4.18
LogInit: Net CL: 3709383
LogDevObjectVersion: Number of dev versions registered: 16
LogDevObjectVersion:   Dev-Blueprints (B0D832E4-1F89-4F0D-ACCF-7EB736FD4AA2): 10
LogDevObjectVersion:   Dev-Build (E1C64328-A22C-4D53-A36C-8E866417BD8C): 0
LogDevObjectVersion:   Dev-Core (375EC13C-06E4-48FB-B500-84F0262A717E): 2
LogDevObjectVersion:   Dev-Editor (E4B068ED-F494-42E9-A231-DA0B2E46BB41): 20
LogDevObjectVersion:   Dev-Framework (CFFC743F-43B0-4480-9391-14DF171D2073): 30
LogDevObjectVersion:   Dev-Mobile (B02B49B5-BB20-44E9-A304-32B752E40360): 0
LogDevObjectVersion:   Dev-Networking (A4E4105C-59A1-49B5-A7C5-40C4547EDFEE): 0
LogDevObjectVersion:   Dev-Online (39C831C9-5AE6-47DC-9A44-9C173E1C8E7C): 0
LogDevObjectVersion:   Dev-Physics (78F01B33-EBEA-4F98-B9B4-84EACCB95AA2): 0
LogDevObjectVersion:   Dev-Platform (6631380F-2D4D-43E0-8009-CF276956A95A): 0
LogDevObjectVersion:   Dev-Rendering (12F88B9F-8875-4AFC-A67C-D90C383ABD29): 20
LogDevObjectVersion:   Dev-Sequencer (7B5AE74C-D270-4C10-A958-57980B212A5A): 4
LogDevObjectVersion:   Dev-VR (D7296918-1DD6-4BDD-9DE2-64A83CC13884): 0
LogDevObjectVersion:   Dev-LoadTimes (C2A15278-BFE7-4AFE-6C17-90FF531DF755): 1
LogDevObjectVersion:   Private-Geometry (6EACA3D4-40EC-4CC1-B786-8BED09428FC5): 1
LogDevObjectVersion:   Dev-AnimPhys (29E575DD-E0A3-4627-9D10-D276232CDCEA): 12
LogInit: Compiled (64-bit): Nov 14 2017 02:05:55
LogInit: Compiled with Visual C++: 19.00.24215.01
LogInit: Build Configuration: Development
LogInit: Branch Name: ++UE4+Release-4.18
LogInit: Command line:  
LogInit: Base directory: C:/Program Files/Epic Games/UE_4.18/Engine/Binaries/Win64/
LogInit: Installed Engine Build: 1
LogInit: Presizing for max 8388607 objects, including 0 objects not considered by GC, pre-allocating 0 bytes for permanent pool.
LogInit: Object subsystem initialized
[2017.12.11-05.50.27:816][  0]LogInit: Selected Device Profile: [Windows]
[2017.12.11-05.50.27:816][  0]LogInit: Applying CVar settings loaded from the selected device profile: [Windows]
[2017.12.11-05.50.27:835][  0]LogInit: Computer: SIXCORE-PC
[2017.12.11-05.50.27:835][  0]LogInit: User: Default
[2017.12.11-05.50.27:835][  0]LogInit: CPU Page size=4096, Cores=4
[2017.12.11-05.50.27:835][  0]LogInit: High frequency timer resolution =3.433242 MHz
[2017.12.11-05.50.27:836][  0]LogMemory: Memory total: Physical=16.0GB (16GB approx)
[2017.12.11-05.50.27:836][  0]LogMemory: Platform Memory Stats for Windows
[2017.12.11-05.50.27:836][  0]LogMemory: Process Physical Memory: 275.77 MB used, 275.77 MB peak
[2017.12.11-05.50.27:836][  0]LogMemory: Process Virtual Memory: 273.04 MB used, 273.04 MB peak
[2017.12.11-05.50.27:836][  0]LogMemory: Physical Memory: 7493.67 MB used,  8871.88 MB free, 16365.55 MB total
[2017.12.11-05.50.27:836][  0]LogMemory: Virtual Memory: 639.53 MB used,  8871.88 MB free, 8388608.00 MB total
[2017.12.11-05.50.28:088][  0]LogInit: Using OS detected language (en-US).
[2017.12.11-05.50.28:088][  0]LogInit: Using OS detected locale (en-US).
[2017.12.11-05.50.28:091][  0]LogTextLocalizationManager: No specific localization for 'en-US' exists, so the 'en' localization will be used.
[2017.12.11-05.50.28:640][  0]LogWindows: Failed to load 'shcore.dll' (GetLastError=126)
[2017.12.11-05.50.28:640][  0]LogWindows: File 'shcore.dll' does not exist
[2017.12.11-05.50.28:640][  0]LogInit: Setting process to DPI aware
[2017.12.11-05.50.28:643][  0]LogWindows: Failed to load 'shcore.dll' (GetLastError=126)
[2017.12.11-05.50.28:643][  0]LogWindows: File 'shcore.dll' does not exist
[2017.12.11-05.50.28:643][  0]LogInit: Setting process to DPI aware
[2017.12.11-05.50.28:980][  0]LogD3D11RHI: D3D11 adapters:
[2017.12.11-05.50.29:011][  0]LogD3D11RHI:    0. 'NVIDIA GeForce GTX 950' (Feature Level 11_0)
[2017.12.11-05.50.29:011][  0]LogD3D11RHI:       1970/0/7926 MB DedicatedVideo/DedicatedSystem/SharedSystem, Outputs:2, VendorId:0x10de
[2017.12.11-05.50.29:011][  0]LogD3D11RHI: Chosen D3D11 Adapter: 0
[2017.12.11-05.50.29:021][  0]LogD3D11RHI: Creating new Direct3DDevice
[2017.12.11-05.50.29:021][  0]LogD3D11RHI:     GPU DeviceId: 0x1402 (for the marketing name, search the web for "GPU Device Id")
[2017.12.11-05.50.29:021][  0]LogWindows: EnumDisplayDevices:
[2017.12.11-05.50.29:022][  0]LogWindows:    0. 'NVIDIA GeForce GTX 950' (P:1 D:1)
[2017.12.11-05.50.29:023][  0]LogWindows:    1. 'NVIDIA GeForce GTX 950' (P:0 D:1)
[2017.12.11-05.50.29:023][  0]LogWindows:    2. 'NVIDIA GeForce GTX 950' (P:0 D:0)
[2017.12.11-05.50.29:024][  0]LogWindows:    3. 'NVIDIA GeForce GTX 950' (P:0 D:0)
[2017.12.11-05.50.29:024][  0]LogWindows:    4. 'RDPDD Chained DD' (P:0 D:0)
[2017.12.11-05.50.29:024][  0]LogWindows:    5. 'RDP Encoder Mirror Driver' (P:0 D:0)
[2017.12.11-05.50.29:025][  0]LogWindows:    6. 'RDP Reflector Display Driver' (P:0 D:0)
[2017.12.11-05.50.29:025][  0]LogWindows: DebugString: GetVideoDriverDetailsInvalid PrimaryIsNotTheChoosenAdapter GetVideoDriverDetailsInvalid PrimaryIsNotTheChoosenAdapter GetVideoDriverDetailsInvalid PrimaryIsNotTheChoosenAdapter FoundDriverCount:4 
[2017.12.11-05.50.29:025][  0]LogD3D11RHI:     Adapter Name: NVIDIA GeForce GTX 950
[2017.12.11-05.50.29:025][  0]LogD3D11RHI:   Driver Version: 385.69 (internal:22.21.13.8569, unified:385.69)
[2017.12.11-05.50.29:025][  0]LogD3D11RHI:      Driver Date: 9-16-2017
[2017.12.11-05.50.29:025][  0]LogRHI: Texture pool is 1379 MB (70% of 1970 MB)
[2017.12.11-05.50.29:040][  0]LogD3D11RHI: Async texture creation enabled
[2017.12.11-05.50.29:058][  0]LogD3D11RHI: GPU Timing Frequency: 1000.000000 (Debug: 2 2)
[2017.12.11-05.50.29:110][  0]LogShaderCompilers: Guid format shader working directory is -13 characters bigger than the processId version (../../../../../../Users/Default.SixCore-PC/Desktop/Thumb_Wars/ThumbWars/Intermediate/Shaders/WorkingDirectory/29152/).
[2017.12.11-05.50.29:110][  0]LogShaderCompilers: Cleaned the shader compiler working directory 'C:/Users/Default.SixCore-PC/AppData/Local/Temp/UnrealShaderWorkingDir/2596198642ABEEF721EAAB8F0041DBCE/'.
[2017.12.11-05.50.29:110][  0]LogShaderCompilers: Display: Using Local Shader Compiler.
[2017.12.11-05.50.30:570][  0]LogTemp: Display: Loaded TP AllDesktopTargetPlatform
[2017.12.11-05.50.30:660][  0]LogTemp: Display: Loaded TP MacClientTargetPlatform
[2017.12.11-05.50.30:748][  0]LogTemp: Display: Loaded TP MacNoEditorTargetPlatform
[2017.12.11-05.50.30:837][  0]LogTemp: Display: Loaded TP MacServerTargetPlatform
[2017.12.11-05.50.30:926][  0]LogTemp: Display: Loaded TP MacTargetPlatform
[2017.12.11-05.50.31:016][  0]LogTemp: Display: Loaded TP WindowsClientTargetPlatform
[2017.12.11-05.50.31:104][  0]LogTemp: Display: Loaded TP WindowsNoEditorTargetPlatform
[2017.12.11-05.50.31:193][  0]LogTemp: Display: Loaded TP WindowsServerTargetPlatform
[2017.12.11-05.50.31:269][  0]LogTemp: Display: Loaded TP WindowsTargetPlatform
[2017.12.11-05.50.31:357][  0]LogTemp: Display: Loaded TP Android_ASTCTargetPlatform
[2017.12.11-05.50.31:445][  0]LogTemp: Display: Loaded TP Android_ATCTargetPlatform
[2017.12.11-05.50.31:531][  0]LogTemp: Display: Loaded TP Android_DXTTargetPlatform
[2017.12.11-05.50.31:618][  0]LogTemp: Display: Loaded TP Android_ETC1TargetPlatform
[2017.12.11-05.50.31:705][  0]LogTemp: Display: Loaded TP Android_ETC2TargetPlatform
[2017.12.11-05.50.31:878][  0]LogTemp: Display: Loaded TP Android_MultiTargetPlatform
[2017.12.11-05.50.31:878][  0]LogTemp: Display: Loaded TP Android_PVRTCTargetPlatform
[2017.12.11-05.50.31:967][  0]LogTemp: Display: Loaded TP AndroidTargetPlatform
[2017.12.11-05.50.32:035][  0]LogTemp: Display: Loaded TP HTML5TargetPlatform
[2017.12.11-05.50.32:172][  0]LogTemp: Display: Loaded TP IOSTargetPlatform
[2017.12.11-05.50.32:218][  0]LogTemp: Display: Loaded TP TVOSTargetPlatform
[2017.12.11-05.50.32:307][  0]LogTemp: Display: Loaded TP LinuxClientTargetPlatform
[2017.12.11-05.50.32:394][  0]LogTemp: Display: Loaded TP LinuxNoEditorTargetPlatform
[2017.12.11-05.50.32:482][  0]LogTemp: Display: Loaded TP LinuxServerTargetPlatform
[2017.12.11-05.50.32:570][  0]LogTemp: Display: Loaded TP LinuxTargetPlatform
[2017.12.11-05.50.32:570][  0]LogTargetPlatformManager: Display: Building Assets For Windows
[2017.12.11-05.50.33:324][  0]LogDerivedDataCache: Display: Max Cache Size: 512 MB
[2017.12.11-05.50.33:487][  0]LogDerivedDataCache: Loaded boot cache 0.16s 78MB C:/Users/Default.SixCore-PC/AppData/Local/UnrealEngine/4.18/DerivedDataCache/Boot.ddc.
[2017.12.11-05.50.33:487][  0]LogDerivedDataCache: Display: Loaded Boot cache: C:/Users/Default.SixCore-PC/AppData/Local/UnrealEngine/4.18/DerivedDataCache/Boot.ddc
[2017.12.11-05.50.33:487][  0]LogDerivedDataCache: FDerivedDataBackendGraph:  Pak pak cache file ../../../../../../Users/Default.SixCore-PC/Desktop/Thumb_Wars/ThumbWars/DerivedDataCache/DDC.ddp not found, will not use a pak cache.
[2017.12.11-05.50.33:487][  0]LogDerivedDataCache: Unable to find inner node Pak for hierarchical cache Hierarchy.
[2017.12.11-05.50.33:487][  0]LogDerivedDataCache: FDerivedDataBackendGraph:  CompressedPak pak cache file ../../../../../../Users/Default.SixCore-PC/Desktop/Thumb_Wars/ThumbWars/DerivedDataCache/Compressed.ddp not found, will not use a pak cache.
[2017.12.11-05.50.33:487][  0]LogDerivedDataCache: Unable to find inner node CompressedPak for hierarchical cache Hierarchy.
[2017.12.11-05.50.33:515][  0]LogDerivedDataCache: Display: Pak cache opened for reading ../../../Engine/DerivedDataCache/Compressed.ddp.
[2017.12.11-05.50.33:527][  0]LogDerivedDataCache: Using Local data cache path C:/Users/Default.SixCore-PC/AppData/Local/UnrealEngine/Common/DerivedDataCache: Writable
[2017.12.11-05.50.33:545][  0]LogMaterial: Verifying Global Shaders for PCD3D_SM5
[2017.12.11-05.50.33:545][  0]LogSlate: Using Freetype 2.6.0
[2017.12.11-05.50.33:546][  0]LogSlate: SlateFontCache - WITH_FREETYPE: 1, WITH_HARFBUZZ: 1
[2017.12.11-05.50.33:546][  0]LogSlate: SlateFontCache - WITH_FREETYPE: 1, WITH_HARFBUZZ: 1
[2017.12.11-05.50.34:125][  0]LogInit: Selected Device Profile: [Windows]
[2017.12.11-05.50.34:658][  0]LogSimplygon: Simplygon DLL not present - disabling.
[2017.12.11-05.50.34:729][  0]LogMeshReduction: Using SimplygonSwarm for distributed automatic mesh merging
[2017.12.11-05.50.34:729][  0]LogMeshReduction: Using QuadricMeshReduction for automatic static mesh reduction
[2017.12.11-05.50.34:729][  0]LogMeshReduction: No automatic skeletal mesh reduction module available
[2017.12.11-05.50.34:729][  0]LogMeshReduction: No automatic mesh merging module available
[2017.12.11-05.50.34:729][  0]LogMeshMerging: No automatic mesh merging module available
[2017.12.11-05.50.34:773][  0]LogNetVersion: ThumbWars , NetCL: 3709383, EngineNetVer: 2, GameNetVer: 0 (Checksum: 4286042774)
[2017.12.11-05.50.35:001][  0]LogAssetRegistry: FAssetRegistry took 0.0273 seconds to start up
[2017.12.11-05.50.35:723][  0]LogPackageLocalizationCache: Processed 7 localized package path(s) for 2 prioritized culture(s) in 0.074485 seconds
[2017.12.11-05.50.35:730][  0]LogUObjectArray: 35900 objects as part of root set at end of initial load.
[2017.12.11-05.50.35:730][  0]LogUObjectAllocator: 7372024 out of 0 bytes used by permanent object pool.
[2017.12.11-05.50.35:730][  0]LogUObjectArray: CloseDisregardForGC: 0/0 objects in disregard for GC pool
[2017.12.11-05.50.35:815][  0]LogInit: WinSock: version 1.1 (2.2), MaxSocks=32767, MaxUdp=65467
[2017.12.11-05.50.39:888][  0]LogTcpMessaging: Initializing TcpMessaging bridge
[2017.12.11-05.50.39:944][  0]LogUdpMessaging: Initializing bridge on interface 0.0.0.0:0 to multicast group 230.0.0.1:6666.
[2017.12.11-05.50.41:081][  0]LogMaterial: Uniform references updated for custom material expression Custom.
[2017.12.11-05.50.41:769][  0]SourceControl: Source control is disabled
[2017.12.11-05.50.41:769][  0]SourceControl: Source control is disabled
[2017.12.11-05.50.41:856][  0]SourceControl: Source control is disabled
[2017.12.11-05.50.41:951][  0]SourceControl: Source control is disabled
[2017.12.11-05.50.43:347][  0]LogAndroidPermission: UAndroidPermissionCallbackProxy::GetInstance
[2017.12.11-05.50.43:784][  0]LogOcInput: OculusInput pre-init called
[2017.12.11-05.50.44:206][  0]LogEngine: Initializing Engine...
[2017.12.11-05.50.44:211][  0]LogHMD: Failed to initialize OpenVR with code 105
[2017.12.11-05.50.44:540][  0]LogStats: UGameplayTagsManager::ConstructGameplayTagTree: Construct from data asset -  0.000 s
[2017.12.11-05.50.44:540][  0]LogStats: UGameplayTagsManager::ConstructGameplayTagTree: GameplayTagTreeChangedEvent.Broadcast -  0.000 s
[2017.12.11-05.50.44:775][  0]LogAIModule: Creating AISystem for world Untitled
[2017.12.11-05.50.44:818][  0]LogInit: XAudio2 using 'Speakers (Plantronics GameCom 818)' : 2 channels at 44.1 kHz using 16 bits per sample (channel mask 0x3)
[2017.12.11-05.50.44:830][  0]LogInit: FAudioDevice initialized.
[2017.12.11-05.50.46:812][  0]LogDerivedDataCache: Saved boot cache 1.98s 78MB C:/Users/Default.SixCore-PC/AppData/Local/UnrealEngine/4.18/DerivedDataCache/Boot.ddc.
[2017.12.11-05.50.46:852][  0]LogInit: Texture streaming: Enabled
[2017.12.11-05.50.47:062][  0]LogEngineSessionManager: EngineSessionManager initialized
[2017.12.11-05.50.47:289][  0]LogInit: Transaction tracking system initialized
[2017.12.11-05.50.47:834][  0]BlueprintLog: New page: Editor Load
[2017.12.11-05.50.49:360][  0]LocalizationService: Localization service is disabled
[2017.12.11-05.50.50:652][  0]LogConsoleResponse: Display: 
[2017.12.11-05.50.50:887][  0]LogCook: Display: Max memory allowance for cook 16384mb min free memory 0mb
[2017.12.11-05.50.50:887][  0]LogCook: Display: Mobile HDR setting 1
[2017.12.11-05.50.50:887][  0]LogGameplayTags: Display: UGameplayTagsManager::DoneAddingNativeTags. DelegateIsBound: 0
[2017.12.11-05.50.51:941][  0]LogFileCache: Scanning file cache for directory 'C:/Users/Default.SixCore-PC/Desktop/Thumb_Wars/ThumbWars/Content/' took 0.01s
[2017.12.11-05.50.52:865][  0]SourceControl: Source control is disabled
[2017.12.11-05.50.52:865][  0]Cmd: MAP LOAD FILE="../../../Engine/Content/Maps/Templates/Template_Default.umap" TEMPLATE=1 SHOWPROGRESS=1 FEATURELEVEL=3
[2017.12.11-05.50.52:866][  0]LightingResults: New page: Lighting Build
[2017.12.11-05.50.52:938][  0]MapCheck: New page: Map Check
[2017.12.11-05.50.52:938][  0]LightingResults: New page: Lighting Build
[2017.12.11-05.50.53:330][  0]LogAIModule: Creating AISystem for world Untitled_1
[2017.12.11-05.50.53:338][  0]LogEditorServer: Finished looking for orphan Actors (0.000 secs)
[2017.12.11-05.50.53:366][  0]Cmd: MAP CHECKDEP NOCLEARLOG
[2017.12.11-05.50.53:434][  0]MapCheck: Map check complete: 0 Error(s), 0 Warning(s), took 67.959ms to complete.
[2017.12.11-05.50.53:434][  0]LogFileHelpers: Loading map 'Template_Default' took 0.569
[2017.12.11-05.50.53:631][  0]LogCollectionManager: Loaded 0 collections in 0.002218 seconds
[2017.12.11-05.50.53:748][  0]LogFileCache: Scanning file cache for directory 'C:/Users/Default.SixCore-PC/Desktop/Thumb_Wars/ThumbWars/Saved/Collections/' took 0.01s
[2017.12.11-05.50.53:748][  0]LogFileCache: Scanning file cache for directory 'C:/Users/Default.SixCore-PC/Desktop/Thumb_Wars/ThumbWars/Content/Developers/Default/Collections/' took 0.01s
[2017.12.11-05.50.53:748][  0]LogFileCache: Scanning file cache for directory 'C:/Users/Default.SixCore-PC/Desktop/Thumb_Wars/ThumbWars/Content/Collections/' took 0.01s
[2017.12.11-05.50.53:749][  0]LogCollectionManager: Rebuilt the GUID cache for 0 collections in 0.000000 seconds
[2017.12.11-05.50.53:764][  0]LogContentBrowser: Native class hierarchy populated in 0.0151 seconds. Added 2364 classes and 521 folders.
[2017.12.11-05.50.53:874][  0]LogContentBrowser: Native class hierarchy updated for 'WidgetCarousel' in 0.0009 seconds. Added 0 classes and 0 folders.
[2017.12.11-05.50.53:934][  0]LogContentBrowser: Native class hierarchy updated for 'AddContentDialog' in 0.0007 seconds. Added 0 classes and 0 folders.
[2017.12.11-05.50.54:012][  0]LogContentBrowser: Native class hierarchy updated for 'SceneOutliner' in 0.0007 seconds. Added 1 classes and 2 folders.
[2017.12.11-05.50.54:095][  0]LogSlate: Took 0.000278 seconds to synchronously load lazily loaded font '../../../Engine/Content/Slate/Fonts/Roboto-Regular.ttf' (155K)
[2017.12.11-05.50.54:098][  0]LogSlate: Took 0.000216 seconds to synchronously load lazily loaded font '../../../Engine/Content/Slate/Fonts/Roboto-Bold.ttf' (160K)
[2017.12.11-05.50.54:106][  0]LogSlate: Took 0.000241 seconds to synchronously load lazily loaded font '../../../Engine/Content/Editor/Slate/Fonts/FontAwesome.ttf' (139K)
[2017.12.11-05.50.54:106][  0]LogSlate: Took 0.000142 seconds to synchronously load lazily loaded font '../../../Engine/Content/Editor/Slate/Fonts/DroidSansMono.ttf' (77K)
[2017.12.11-05.50.54:300][  0]LogRenderer: Reallocating scene render targets to support 844x420 Format 10 NumSamples 1 (Frame:1).
[2017.12.11-05.50.54:573][  0]LogContentBrowser: Native class hierarchy updated for 'HierarchicalLODOutliner' in 0.0007 seconds. Added 1 classes and 2 folders.
[2017.12.11-05.50.54:573][  0]LogLoad: (Engine Initialization) Total time: 55.75 seconds
[2017.12.11-05.50.54:573][  0]LogLoad: (Engine Initialization) Total Blueprint compile time: 0.00 seconds
[2017.12.11-05.50.54:573][  0]LogExternalProfiler: Found external profiler: VSPerf
[2017.12.11-05.50.54:573][  0]LogExternalProfiler: Using external profiler: VSPerf
[2017.12.11-05.50.54:606][  0]LogContentStreaming: Texture pool size now 1000 MB
[2017.12.11-05.50.54:675][  1]LogAssetRegistry: Asset discovery search completed in 19.6941 seconds
[2017.12.11-05.50.54:678][  1]LogCollectionManager: Rebuilt the object cache for 0 collections in 0.000000 seconds (found 0 objects)
[2017.12.11-05.50.54:678][  1]LogCollectionManager: Fixed up redirectors for 0 collections in 0.000269 seconds (updated 0 objects)
[2017.12.11-05.50.57:849][352]LogSlate: Took 0.000234 seconds to synchronously load lazily loaded font '../../../Engine/Content/Slate/Fonts/Roboto-Light.ttf' (159K)
[2017.12.11-05.50.59:332][527]LogSlate: Took 0.000283 seconds to synchronously load lazily loaded font '../../../Engine/Content/Slate/Fonts/Roboto-Light.ttf' (159K)
[2017.12.11-05.50.59:383][527]LogAIModule: Creating AISystem for world TestLevel
[2017.12.11-05.50.59:425][527]Cmd: MAP LOAD FILE="../../../../../../Users/Default.SixCore-PC/Desktop/Thumb_Wars/ThumbWars/Content/Levels/TestLevel.umap" TEMPLATE=0 SHOWPROGRESS=1 FEATURELEVEL=3
[2017.12.11-05.50.59:426][527]LightingResults: New page: Lighting Build
[2017.12.11-05.50.59:426][527]LoadErrors: New page: Loading map: TestLevel.umap
[2017.12.11-05.50.59:427][527]MapCheck: New page: Map Check
[2017.12.11-05.50.59:427][527]LightingResults: New page: Lighting Build
[2017.12.11-05.50.59:534][527]LogEditorServer: Finished looking for orphan Actors (0.000 secs)
[2017.12.11-05.50.59:612][527]Cmd: MAP CHECKDEP NOCLEARLOG
[2017.12.11-05.50.59:685][527]MapCheck: Map check complete: 0 Error(s), 0 Warning(s), took 73.574ms to complete.
[2017.12.11-05.50.59:686][527]LogFileHelpers: Loading map 'TestLevel' took 0.262
[2017.12.11-05.51.03:130][865]LogContentBrowser: Native class hierarchy updated for 'BlueprintGraph' in 0.0014 seconds. Added 116 classes and 0 folders.
[2017.12.11-05.51.04:102][865]LogSlate: Took 0.000213 seconds to synchronously load lazily loaded font '../../../Engine/Content/Slate/Fonts/Roboto-Regular.ttf' (155K)
[2017.12.11-05.51.17:475][290]LogSlate: Took 0.000315 seconds to synchronously load lazily loaded font '../../../Engine/Content/Editor/Slate/Fonts/Roboto-BoldCondensed.ttf' (158K)
[2017.12.11-05.51.29:281][679]Running C:/Program Files/Epic Games/UE_4.18/Engine/Binaries/DotNET/UnrealBuildTool.exe  -projectfiles -project="C:/Users/Default.SixCore-PC/Desktop/Thumb_Wars/ThumbWars/ThumbWars.uproject" -game -rocket -progress
[2017.12.11-05.51.29:675][679]Discovering modules, targets and source code for project...
[2017.12.11-05.51.34:900][679]LogVSAccessor: Warning: Couldn't access Visual Studio
[2017.12.11-05.51.34:921][679]Candidate modules for hot reload:
[2017.12.11-05.51.34:921][679]  ThumbWars
[2017.12.11-05.51.34:921][679]Launching UnrealBuildTool... [C:/Program Files/Epic Games/UE_4.18/Engine/Binaries/DotNET/UnrealBuildTool.exe ThumbWars -ModuleWithSuffix ThumbWars 5398 Win64 Development -editorrecompile -canskiplink "C:/Users/Default.SixCore-PC/Desktop/Thumb_Wars/ThumbWars/ThumbWars.uproject" ]
[2017.12.11-05.51.55:721][679]CompilerResultsLog: New page: Compilation - Dec 10, 2017, 7:51:55 PM
[2017.12.11-05.51.55:722][679]CompilerResultsLog: Using 'git status' to determine working set for adaptive non-unity build.
[2017.12.11-05.51.55:722][679]CompilerResultsLog: Creating makefile for hot reloading ThumbWars (game project files are newer)
[2017.12.11-05.51.55:722][679]CompilerResultsLog: Compiling game modules for hot reload
[2017.12.11-05.51.55:723][679]CompilerResultsLog: Parsing headers for ThumbWarsEditor
[2017.12.11-05.51.55:723][679]CompilerResultsLog:   Running UnrealHeaderTool "C:\Users\Default.SixCore-PC\Desktop\Thumb_Wars\ThumbWars\ThumbWars.uproject" "C:\Users\Default.SixCore-PC\Desktop\Thumb_Wars\ThumbWars\Intermediate\Build\Win64\ThumbWarsEditor\Development\ThumbWarsEditor.uhtmanifest" -LogCmds="loginit warning, logexit warning, logdatabase error" -Unattended -WarningsAsErrors -installed
[2017.12.11-05.51.55:723][679]CompilerResultsLog: Reflection code generated for ThumbWarsEditor in 11.5098699 seconds
[2017.12.11-05.51.55:724][679]CompilerResultsLog: Performing 5 actions (4 in parallel)
[2017.12.11-05.51.55:724][679]CompilerResultsLog: FPSProjectile.cpp
[2017.12.11-05.51.55:724][679]CompilerResultsLog: FPSProjectile.gen.cpp
[2017.12.11-05.51.55:724][679]CompilerResultsLog: ThumbWars.init.gen.cpp
[2017.12.11-05.51.55:724][679]CompilerResultsLog: [4/5] Link UE4Editor-ThumbWars-5398.dll
[2017.12.11-05.51.55:724][679]CompilerResultsLog: [5/5] Link UE4Editor-ThumbWars-5398.lib
[2017.12.11-05.51.55:724][679]CompilerResultsLog:    Creating library C:\Users\Default.SixCore-PC\Desktop\Thumb_Wars\ThumbWars\Intermediate\Build\Win64\UE4Editor\Development\UE4Editor-ThumbWars-5398.suppressed.lib and object C:\Users\Default.SixCore-PC\Desktop\Thumb_Wars\ThumbWars\Intermediate\Build\Win64\UE4Editor\Development\UE4Editor-ThumbWars-5398.suppressed.exp
[2017.12.11-05.51.55:725][679]CompilerResultsLog:    Creating library C:\Users\Default.SixCore-PC\Desktop\Thumb_Wars\ThumbWars\Intermediate\Build\Win64\UE4Editor\Development\UE4Editor-ThumbWars-5398.lib and object C:\Users\Default.SixCore-PC\Desktop\Thumb_Wars\ThumbWars\Intermediate\Build\Win64\UE4Editor\Development\UE4Editor-ThumbWars-5398.exp
[2017.12.11-05.51.55:725][679]CompilerResultsLog: Total build time: 20.50 seconds (Local executor: 1.92 seconds)
[2017.12.11-05.51.55:726][679]LogMainFrame: MainFrame: Module compiling took 20.825 seconds
[2017.12.11-05.51.55:845][679]LogClass: Could not find existing class FPSProjectile in package /Script/ThumbWars for HotReload, assuming new class
[2017.12.11-05.51.55:850][679]LogContentBrowser: Native class hierarchy updated for 'ThumbWars' in 0.0007 seconds. Added 2 classes and 2 folders.
[2017.12.11-05.51.55:854][679]Display: HotReload successful (4 functions remapped  0 scriptstructs remapped)
[2017.12.11-05.51.56:414][679]LogContentBrowser: Native class hierarchy populated in 0.0155 seconds. Added 2367 classes and 525 folders.
[2017.12.11-05.51.56:415][679]Display: HotReload took 21.5s.
[2017.12.11-05.51.56:416][679]Warning: HotReload operation took 21.5s.
[2017.12.11-05.51.56:554][679]LogHotReload: New module detected: UE4Editor-ThumbWars-5398.dll
[2017.12.11-05.51.56:588][680]LogHotReload: Starting Hot-Reload from IDE
[2017.12.11-05.51.56:853][680]LogContentBrowser: Native class hierarchy updated for 'ThumbWars' in 0.0010 seconds. Added 2 classes and 2 folders.
[2017.12.11-05.51.56:857][680]Display: HotReload successful (0 functions remapped  0 scriptstructs remapped)
[2017.12.11-05.51.57:376][680]LogContentBrowser: Native class hierarchy populated in 0.0221 seconds. Added 2367 classes and 525 folders.
[2017.12.11-05.51.57:395][680]Display: HotReload took  0.8s.
[2017.12.11-06.09.12:543][114]LogSlate: Only BGRA pngs, bmps or icos are supported in by External Image Picker
[2017.12.11-06.09.12:654][116]LogTemp: Executing iPhonePackager certificates Engine -bundlename com.YourCompany.ThumbWars
[2017.12.11-06.09.12:657][116]LogTemp: CWD: C:\Program Files\Epic Games\UE_4.18\Engine\Binaries\DotNET\IOS
[2017.12.11-06.09.12:657][116]LogTemp: Initial Dir: C:\Program Files\Epic Games\UE_4.18
[2017.12.11-06.09.12:657][116]LogTemp: Env CWD: C:\Program Files\Epic Games\UE_4.18\Engine\Binaries\DotNET\IOS
[2017.12.11-06.09.12:660][116]LogTemp: BranchPath = SIXCORE-PC/C/Program Files/Epic Games/UE_4.18/Engine/Binaries --- GameBranchPath = SIXCORE-PC/C/Program Files/Epic Games/UE_4.18/Engine/Binaries
[2017.12.11-06.09.12:676][116]LogTemp: IPP ERROR: Could not find provision directory 'C:\Users\Default.SixCore-PC\AppData\Local/Apple Computer/MobileDevice/Provisioning Profiles/'.
[2017.12.11-06.11.02:736][844]Cmd: QUIT_EDITOR
[2017.12.11-06.11.02:772][844]LogExit: Preparing to exit.
[2017.12.11-06.11.03:058][844]LogDirectoryWatcher: A directory notification for 'C:/Users/Default.SixCore-PC/Desktop/Thumb_Wars/ThumbWars/Content/' was aborted.
[2017.12.11-06.11.03:105][844]LogExit: Editor shut down
[2017.12.11-06.11.03:113][844]LogExit: Transaction tracking system shut down
[2017.12.11-06.11.03:312][844]LogDirectoryWatcher: A directory notification for '../../../Engine/Content/' was aborted.
[2017.12.11-06.11.03:313][844]LogDirectoryWatcher: A directory notification for '../../../../../../Users/Default.SixCore-PC/Desktop/Thumb_Wars/ThumbWars/Content/' was aborted.
[2017.12.11-06.11.03:313][844]LogDirectoryWatcher: A directory notification for '../../../Engine/Plugins/2D/Paper2D/Content/' was aborted.
[2017.12.11-06.11.03:313][844]LogDirectoryWatcher: A directory notification for '../../../Engine/Plugins/Media/MediaCompositing/Content/' was aborted.
[2017.12.11-06.11.03:313][844]LogDirectoryWatcher: A directory notification for '../../../Engine/Plugins/Runtime/AppleARKit/Content/' was aborted.
[2017.12.11-06.11.03:313][844]LogDirectoryWatcher: A directory notification for '../../../Engine/Plugins/Runtime/Oculus/OculusVR/Content/' was aborted.
[2017.12.11-06.11.03:313][844]LogDirectoryWatcher: A directory notification for '../../../Engine/Plugins/Runtime/Steam/SteamVR/Content/' was aborted.
[2017.12.11-06.11.03:466][844]LogExit: Object subsystem successfully closed.
[2017.12.11-06.11.03:483][844]LogD3D11RHI: Shutdown
[2017.12.11-06.11.03:483][844]LogD3D11RHI: CleanupD3DDevice
[2017.12.11-06.11.03:485][844]LogD3D11RHI: ~FD3D11DynamicRHI
[2017.12.11-06.11.03:506][844]LogModuleManager: Shutting down and abandoning module ExternalImagePicker (558)
[2017.12.11-06.11.03:506][844]LogModuleManager: Shutting down and abandoning module ThumbWars (556)
[2017.12.11-06.11.03:506][844]LogModuleManager: Shutting down and abandoning module BlueprintGraph (554)
[2017.12.11-06.11.03:506][844]LogModuleManager: Shutting down and abandoning module HierarchicalLODOutliner (552)
[2017.12.11-06.11.03:506][844]LogModuleManager: Shutting down and abandoning module SceneOutliner (550)
[2017.12.11-06.11.03:506][844]LogModuleManager: Shutting down and abandoning module AddContentDialog (548)
[2017.12.11-06.11.03:507][844]LogDirectoryWatcher: A directory notification for 'C:/Program Files/Epic Games/UE_4.18/FeaturePacks/' was aborted.
[2017.12.11-06.11.03:508][844]LogModuleManager: Shutting down and abandoning module WidgetCarousel (547)
[2017.12.11-06.11.03:508][844]LogModuleManager: Shutting down and abandoning module EditorWidgets (544)
[2017.12.11-06.11.03:508][844]LogModuleManager: Shutting down and abandoning module CollectionManager (542)
[2017.12.11-06.11.03:508][844]LogDirectoryWatcher: A directory notification for 'C:/Users/Default.SixCore-PC/Desktop/Thumb_Wars/ThumbWars/Content/Collections/' was aborted.
[2017.12.11-06.11.03:508][844]LogDirectoryWatcher: A directory notification for 'C:/Users/Default.SixCore-PC/Desktop/Thumb_Wars/ThumbWars/Content/Developers/Default/Collections/' was aborted.
[2017.12.11-06.11.03:508][844]LogDirectoryWatcher: A directory notification for 'C:/Users/Default.SixCore-PC/Desktop/Thumb_Wars/ThumbWars/Saved/Collections/' was aborted.
[2017.12.11-06.11.03:508][844]LogModuleManager: Shutting down and abandoning module HierarchicalLODUtilities (540)
[2017.12.11-06.11.03:508][844]LogModuleManager: Shutting down and abandoning module StatsViewer (538)
[2017.12.11-06.11.03:508][844]LogModuleManager: Shutting down and abandoning module FoliageEdit (536)
[2017.12.11-06.11.03:508][844]LogModuleManager: Shutting down and abandoning module LandscapeEditor (534)
[2017.12.11-06.11.03:509][844]LogModuleManager: Shutting down and abandoning module MeshPaintMode (532)
[2017.12.11-06.11.03:509][844]LogModuleManager: Shutting down and abandoning module SceneDepthPickerMode (530)
[2017.12.11-06.11.03:509][844]LogModuleManager: Shutting down and abandoning module ActorPickerMode (528)
[2017.12.11-06.11.03:509][844]LogModuleManager: Shutting down and abandoning module GeometryMode (526)
[2017.12.11-06.11.03:509][844]LogModuleManager: Shutting down and abandoning module TextureAlignMode (524)
[2017.12.11-06.11.03:509][844]LogModuleManager: Shutting down and abandoning module BspMode (522)
[2017.12.11-06.11.03:509][844]LogModuleManager: Shutting down and abandoning module PIEPreviewDeviceProfileSelector (520)
[2017.12.11-06.11.03:509][844]LogModuleManager: Shutting down and abandoning module HardwareSurvey (518)
[2017.12.11-06.11.03:509][844]LogModuleManager: Shutting down and abandoning module SequenceRecorderSections (516)
[2017.12.11-06.11.03:509][844]LogModuleManager: Shutting down and abandoning module AutomationWorker (514)
[2017.12.11-06.11.03:509][844]LogModuleManager: Shutting down and abandoning module MatineeToLevelSequence (512)
[2017.12.11-06.11.03:509][844]LogModuleManager: Shutting down and abandoning module LevelSequenceEditor (510)
[2017.12.11-06.11.03:509][844]LogModuleManager: Shutting down and abandoning module PlacementMode (509)
[2017.12.11-06.11.03:509][844]LogModuleManager: Shutting down and abandoning module WmfMediaFactory (506)
[2017.12.11-06.11.03:509][844]LogModuleManager: Shutting down and abandoning module WmfMediaEditor (504)
[2017.12.11-06.11.03:509][844]LogModuleManager: Shutting down and abandoning module OpenExrWrapper (502)
[2017.12.11-06.11.03:509][844]LogModuleManager: Shutting down and abandoning module ImgMediaFactory (500)
[2017.12.11-06.11.03:509][844]LogModuleManager: Shutting down and abandoning module ImgMediaEditor (498)
[2017.12.11-06.11.03:509][844]LogModuleManager: Shutting down and abandoning module AvfMediaFactory (496)
[2017.12.11-06.11.03:509][844]LogModuleManager: Shutting down and abandoning module AvfMediaEditor (494)
[2017.12.11-06.11.03:509][844]LogModuleManager: Shutting down and abandoning module AndroidMediaFactory (492)
[2017.12.11-06.11.03:509][844]LogModuleManager: Shutting down and abandoning module AndroidMediaEditor (490)
[2017.12.11-06.11.03:509][844]LogModuleManager: Shutting down and abandoning module CharacterAI (488)
[2017.12.11-06.11.03:509][844]LogModuleManager: Shutting down and abandoning module AudioCapture (486)
[2017.12.11-06.11.03:509][844]LogModuleManager: Shutting down and abandoning module SequenceRecorder (485)
[2017.12.11-06.11.03:509][844]LogModuleManager: Shutting down and abandoning module SmartSnapping (482)
[2017.12.11-06.11.03:509][844]LogModuleManager: Shutting down and abandoning module SessionServices (480)
[2017.12.11-06.11.03:509][844]LogModuleManager: Shutting down and abandoning module ViewportSnapping (478)
[2017.12.11-06.11.03:510][844]LogModuleManager: Shutting down and abandoning module ViewportInteraction (476)
[2017.12.11-06.11.03:510][844]LogModuleManager: Shutting down and abandoning module ClothPainter (474)
[2017.12.11-06.11.03:510][844]LogModuleManager: Shutting down and abandoning module SkeletalMeshEditor (473)
[2017.12.11-06.11.03:510][844]LogModuleManager: Shutting down and abandoning module LogVisualizer (470)
[2017.12.11-06.11.03:510][844]LogModuleManager: Shutting down and abandoning module IntroTutorials (468)
[2017.12.11-06.11.03:510][844]LogModuleManager: Shutting down and abandoning module GameProjectGeneration (467)
[2017.12.11-06.11.03:510][844]LogModuleManager: Shutting down and abandoning module IOSPlatformEditor (464)
[2017.12.11-06.11.03:510][844]LogModuleManager: Shutting down and abandoning module HTML5PlatformEditor (462)
[2017.12.11-06.11.03:510][844]LogModuleManager: Shutting down and abandoning module AndroidPlatformEditor (460)
[2017.12.11-06.11.03:510][844]LogModuleManager: Shutting down and abandoning module AndroidDeviceDetection (459)
[2017.12.11-06.11.04:135][844]LogModuleManager: Shutting down and abandoning module WindowsPlatformEditor (456)
[2017.12.11-06.11.04:135][844]LogModuleManager: Shutting down and abandoning module IOSRuntimeSettings (454)
[2017.12.11-06.11.04:135][844]LogModuleManager: Shutting down and abandoning module AndroidRuntimeSettings (452)
[2017.12.11-06.11.04:135][844]LogModuleManager: Shutting down and abandoning module InputBindingEditor (450)
[2017.12.11-06.11.04:135][844]LogModuleManager: Shutting down and abandoning module MergeActors (448)
[2017.12.11-06.11.04:135][844]LogModuleManager: Shutting down and abandoning module SizeMap (446)
[2017.12.11-06.11.04:135][844]LogModuleManager: Shutting down and abandoning module TreeMap (444)
[2017.12.11-06.11.04:135][844]LogModuleManager: Shutting down and abandoning module ReferenceViewer (442)
[2017.12.11-06.11.04:135][844]LogModuleManager: Shutting down and abandoning module LocalizationDashboard (440)
[2017.12.11-06.11.04:135][844]LogModuleManager: Shutting down and abandoning module LocalizationService (439)
[2017.12.11-06.11.04:136][844]LogModuleManager: Shutting down and abandoning module HardwareTargeting (436)
[2017.12.11-06.11.04:136][844]LogModuleManager: Shutting down and abandoning module DeviceProfileEditor (434)
[2017.12.11-06.11.04:136][844]LogModuleManager: Shutting down and abandoning module UndoHistory (432)
[2017.12.11-06.11.04:136][844]LogModuleManager: Shutting down and abandoning module XmlParser (430)
[2017.12.11-06.11.04:136][844]LogModuleManager: Shutting down and abandoning module Blutility (428)
[2017.12.11-06.11.04:136][844]LogModuleManager: Shutting down and abandoning module ProjectSettingsViewer (426)
[2017.12.11-06.11.04:136][844]LogModuleManager: Shutting down and abandoning module ProjectTargetPlatformEditor (425)
[2017.12.11-06.11.04:136][844]LogModuleManager: Shutting down and abandoning module EditorSettingsViewer (422)
[2017.12.11-06.11.04:136][844]LogModuleManager: Shutting down and abandoning module SettingsEditor (420)
[2017.12.11-06.11.04:136][844]LogModuleManager: Shutting down and abandoning module ProjectLauncher (418)
[2017.12.11-06.11.04:136][844]LogModuleManager: Shutting down and abandoning module SessionFrontend (416)
[2017.12.11-06.11.04:136][844]LogModuleManager: Shutting down and abandoning module ProfilerClient (414)
[2017.12.11-06.11.04:136][844]LogModuleManager: Shutting down and abandoning module DeviceManager (412)
[2017.12.11-06.11.04:136][844]LogModuleManager: Shutting down and abandoning module TargetDeviceServices (411)
[2017.12.11-06.11.04:176][844]LogModuleManager: Shutting down and abandoning module AutomationController (408)
[2017.12.11-06.11.04:176][844]LogModuleManager: Shutting down and abandoning module AutomationWindow (406)
[2017.12.11-06.11.04:176][844]LogModuleManager: Shutting down and abandoning module Layers (404)
[2017.12.11-06.11.04:176][844]LogModuleManager: Shutting down and abandoning module ComponentVisualizers (402)
[2017.12.11-06.11.04:176][844]LogModuleManager: Shutting down and abandoning module DetailCustomizations (400)
[2017.12.11-06.11.04:176][844]LogModuleManager: Shutting down and abandoning module PackagesDialog (398)
[2017.12.11-06.11.04:176][844]LogModuleManager: Shutting down and abandoning module Persona (396)
[2017.12.11-06.11.04:176][844]LogModuleManager: Shutting down and abandoning module AdvancedPreviewScene (395)
[2017.12.11-06.11.04:176][844]LogModuleManager: Shutting down and abandoning module AnimGraph (393)
[2017.12.11-06.11.04:176][844]LogModuleManager: Shutting down and abandoning module Kismet (390)
[2017.12.11-06.11.04:196][844]LogModuleManager: Shutting down and abandoning module ClassViewer (388)
[2017.12.11-06.11.04:198][844]LogModuleManager: Shutting down and abandoning module Toolbox (386)
[2017.12.11-06.11.04:198][844]LogModuleManager: Shutting down and abandoning module ModuleUI (384)
[2017.12.11-06.11.04:198][844]LogModuleManager: Shutting down and abandoning module MovieSceneTools (382)
[2017.12.11-06.11.04:198][844]LogModuleManager: Shutting down and abandoning module OutputLog (380)
[2017.12.11-06.11.04:198][844]LogModuleManager: Shutting down and abandoning module GammaUI (378)
[2017.12.11-06.11.04:198][844]LogModuleManager: Shutting down and abandoning module Documentation (376)
[2017.12.11-06.11.04:198][844]LogModuleManager: Shutting down and abandoning module MovieSceneTracks (374)
[2017.12.11-06.11.04:198][844]LogModuleManager: Shutting down and abandoning module MovieScene (372)
[2017.12.11-06.11.04:198][844]LogModuleManager: Shutting down and abandoning module StreamingPauseRendering (370)
[2017.12.11-06.11.04:198][844]LogModuleManager: Shutting down and abandoning module LauncherPlatform (368)
[2017.12.11-06.11.04:198][844]LogModuleManager: Shutting down and abandoning module AnalyticsET (366)
[2017.12.11-06.11.04:198][844]LogModuleManager: Shutting down and abandoning module PortalServices (364)
[2017.12.11-06.11.04:198][844]LogModuleManager: Shutting down and abandoning module PortalRpc (362)
[2017.12.11-06.11.04:198][844]LogModuleManager: Shutting down and abandoning module MessagingRpc (360)
[2017.12.11-06.11.04:198][844]LogModuleManager: Shutting down and abandoning module AIModule (358)
[2017.12.11-06.11.04:199][844]LogModuleManager: Shutting down and abandoning module GameplayDebugger (357)
[2017.12.11-06.11.04:199][844]LogModuleManager: Shutting down and abandoning module AITestSuite (355)
[2017.12.11-06.11.04:199][844]LogModuleManager: Shutting down and abandoning module ProfilerService (352)
[2017.12.11-06.11.04:260][844]LogModuleManager: Shutting down and abandoning module TaskGraph (350)
[2017.12.11-06.11.04:260][844]LogModuleManager: Shutting down and abandoning module SteamVRController (348)
[2017.12.11-06.11.04:261][844]LogModuleManager: Shutting down and abandoning module ProceduralMeshComponentEditor (346)
[2017.12.11-06.11.04:261][844]LogModuleManager: Shutting down and abandoning module ProceduralMeshComponent (344)
[2017.12.11-06.11.04:261][844]LogModuleManager: Shutting down and abandoning module OculusInput (342)
[2017.12.11-06.11.04:261][844]LogModuleManager: Shutting down and abandoning module MobilePatchingUtils (340)
[2017.12.11-06.11.04:261][844]LogModuleManager: Shutting down and abandoning module CustomMeshComponent (338)
[2017.12.11-06.11.04:261][844]LogModuleManager: Shutting down and abandoning module CableComponent (336)
[2017.12.11-06.11.04:261][844]LogModuleManager: Shutting down and abandoning module ArchVisCharacter (334)
[2017.12.11-06.11.04:261][844]LogModuleManager: Shutting down and abandoning module AndroidPermission (332)
[2017.12.11-06.11.04:261][844]LogModuleManager: Shutting down and abandoning module ActorSequence (328)
[2017.12.11-06.11.04:261][844]LogModuleManager: Shutting down and abandoning module MediaPlayerEditor (326)
[2017.12.11-06.11.04:261][844]LogModuleManager: Shutting down and abandoning module MediaCompositingEditor (324)
[2017.12.11-06.11.04:261][844]LogModuleManager: Shutting down and abandoning module MediaCompositing (322)
[2017.12.11-06.11.04:261][844]LogModuleManager: Shutting down and abandoning module HTML5Networking (320)
[2017.12.11-06.11.04:261][844]LogModuleManager: Shutting down and abandoning module AlembicImporter (318)
[2017.12.11-06.11.04:261][844]LogModuleManager: Shutting down and abandoning module AlembicLibrary (317)
[2017.12.11-06.11.04:261][844]LogModuleManager: Shutting down and abandoning module GeometryCache (316)
[2017.12.11-06.11.04:261][844]LogModuleManager: Shutting down and abandoning module GeometryCacheEd (315)
[2017.12.11-06.11.04:261][844]LogModuleManager: Shutting down and abandoning module SpeedTreeImporter (310)
[2017.12.11-06.11.04:261][844]LogModuleManager: Shutting down and abandoning module PluginBrowser (308)
[2017.12.11-06.11.04:261][844]LogModuleManager: Shutting down and abandoning module MobileLauncherProfileWizard (306)
[2017.12.11-06.11.04:261][844]LogModuleManager: Shutting down and abandoning module VisualStudioSourceCodeAccess (304)
[2017.12.11-06.11.04:261][844]LogModuleManager: Shutting down and abandoning module VisualStudioCodeSourceCodeAccess (302)
[2017.12.11-06.11.04:261][844]LogModuleManager: Shutting down and abandoning module UObjectPlugin (300)
[2017.12.11-06.11.04:261][844]LogModuleManager: Shutting down and abandoning module SubversionSourceControl (298)
[2017.12.11-06.11.04:261][844]LogModuleManager: Shutting down and abandoning module PerforceSourceControl (296)
[2017.12.11-06.11.04:261][844]LogModuleManager: Shutting down and abandoning module GitSourceControl (294)
[2017.12.11-06.11.04:261][844]LogModuleManager: Shutting down and abandoning module SourceControl (293)
[2017.12.11-06.11.04:262][844]LogModuleManager: Shutting down and abandoning module LightPropagationVolumeEditor (290)
[2017.12.11-06.11.04:262][844]LogModuleManager: Shutting down and abandoning module PaperTiledImporter (288)
[2017.12.11-06.11.04:262][844]LogModuleManager: Shutting down and abandoning module PaperSpriteSheetImporter (286)
[2017.12.11-06.11.04:262][844]LogModuleManager: Shutting down and abandoning module Paper2DEditor (284)
[2017.12.11-06.11.04:262][844]LogModuleManager: Shutting down and abandoning module MeshPaint (283)
[2017.12.11-06.11.04:262][844]LogModuleManager: Shutting down and abandoning module LevelEditor (281)
[2017.12.11-06.11.04:263][844]LogModuleManager: Shutting down and abandoning module PixelInspectorModule (280)
[2017.12.11-06.11.04:263][844]LogModuleManager: Shutting down and abandoning module MainFrame (278)
[2017.12.11-06.11.04:263][844]LogModuleManager: Shutting down and abandoning module HotReload (277)
[2017.12.11-06.11.04:263][844]LogDirectoryWatcher: A directory notification for 'C:/Users/Default.SixCore-PC/Desktop/Thumb_Wars/ThumbWars/Binaries/Win64' was aborted.
[2017.12.11-06.11.04:264][844]LogModuleManager: Shutting down and abandoning module RuntimePhysXCooking (270)
[2017.12.11-06.11.04:264][844]LogModuleManager: Shutting down and abandoning module PhysXVehiclesEditor (268)
[2017.12.11-06.11.04:264][844]LogModuleManager: Shutting down and abandoning module PhysXVehicles (266)
[2017.12.11-06.11.04:264][844]LogModuleManager: Shutting down and abandoning module OculusEditor (264)
[2017.12.11-06.11.04:264][844]LogModuleManager: Shutting down and abandoning module LocationServicesBPLibrary (262)
[2017.12.11-06.11.04:264][844]LogModuleManager: Shutting down and abandoning module ImmediatePhysicsEditor (260)
[2017.12.11-06.11.04:265][844]LogModuleManager: Shutting down and abandoning module ImmediatePhysics (258)
[2017.12.11-06.11.04:265][844]LogModuleManager: Shutting down and abandoning module UdpMessaging (256)
[2017.12.11-06.11.04:365][844]LogModuleManager: Shutting down and abandoning module TcpMessaging (254)
[2017.12.11-06.11.04:465][844]LogModuleManager: Shutting down and abandoning module GameplayTagsEditor (252)
[2017.12.11-06.11.04:465][844]LogModuleManager: Shutting down and abandoning module FacialAnimationEditor (250)
[2017.12.11-06.11.04:465][844]LogModuleManager: Shutting down and abandoning module FacialAnimation (248)
[2017.12.11-06.11.04:465][844]LogModuleManager: Shutting down and abandoning module AssetManagerEditor (246)
[2017.12.11-06.11.04:465][844]LogModuleManager: Shutting down and abandoning module GraphEditor (245)
[2017.12.11-06.11.04:465][844]LogModuleManager: Shutting down and abandoning module ContentBrowser (243)
[2017.12.11-06.11.04:466][844]LogModuleManager: Shutting down and abandoning module LightPropagationVolumeRuntime (240)
[2017.12.11-06.11.04:466][844]LogModuleManager: Shutting down and abandoning module Paper2D (238)
[2017.12.11-06.11.04:466][844]LogModuleManager: Shutting down and abandoning module WindowsMoviePlayer (236)
[2017.12.11-06.11.04:466][844]LogModuleManager: Shutting down and abandoning module WmfMedia (234)
[2017.12.11-06.11.04:467][844]LogModuleManager: Shutting down and abandoning module ImgMedia (232)
[2017.12.11-06.11.04:467][844]LogModuleManager: Shutting down and abandoning module PacketHandler (230)
[2017.12.11-06.11.04:467][844]LogModuleManager: Shutting down and abandoning module ClothingSystemEditor (228)
[2017.12.11-06.11.04:467][844]LogModuleManager: Shutting down and abandoning module ClothingSystemRuntime (226)
[2017.12.11-06.11.04:468][844]LogModuleManager: Shutting down and abandoning module MediaAssets (224)
[2017.12.11-06.11.04:468][844]LogModuleManager: Shutting down and abandoning module Media (223)
[2017.12.11-06.11.04:473][844]LogModuleManager: Shutting down and abandoning module Overlay (220)
[2017.12.11-06.11.04:473][844]LogModuleManager: Shutting down and abandoning module OverlayEditor (219)
[2017.12.11-06.11.04:473][844]LogModuleManager: Shutting down and abandoning module VREditor (216)
[2017.12.11-06.11.04:473][844]LogModuleManager: Shutting down and abandoning module StringTableEditor (214)
[2017.12.11-06.11.04:473][844]LogModuleManager: Shutting down and abandoning module GameplayTasksEditor (212)
[2017.12.11-06.11.04:473][844]LogModuleManager: Shutting down and abandoning module BehaviorTreeEditor (210)
[2017.12.11-06.11.04:473][844]LogModuleManager: Shutting down and abandoning module FunctionalTesting (208)
[2017.12.11-06.11.04:473][844]LogModuleManager: Shutting down and abandoning module CollisionAnalyzer (206)
[2017.12.11-06.11.04:473][844]LogModuleManager: Shutting down and abandoning module WorkspaceMenuStructure (205)
[2017.12.11-06.11.04:473][844]LogModuleManager: Shutting down and abandoning module UMG (202)
[2017.12.11-06.11.04:474][844]LogModuleManager: Shutting down and abandoning module UMGEditor (201)
[2017.12.11-06.11.04:474][844]LogModuleManager: Shutting down and abandoning module Sequencer (200)
[2017.12.11-06.11.04:474][844]LogModuleManager: Shutting down and abandoning module MessageLog (197)
[2017.12.11-06.11.04:474][844]LogModuleManager: Shutting down and abandoning module SlateReflector (192)
[2017.12.11-06.11.04:474][844]LogModuleManager: Shutting down and abandoning module Slate (190)
[2017.12.11-06.11.04:474][844]LogModuleManager: Shutting down and abandoning module EditorStyle (188)
[2017.12.11-06.11.04:477][844]LogModuleManager: Shutting down and abandoning module MRMesh (186)
[2017.12.11-06.11.04:477][844]LogModuleManager: Shutting down and abandoning module SourceCodeAccess (184)
[2017.12.11-06.11.04:477][844]LogModuleManager: Shutting down and abandoning module HeadMountedDisplay (182)
[2017.12.11-06.11.04:477][844]LogModuleManager: Shutting down and abandoning module XAudio2 (180)
[2017.12.11-06.11.04:477][844]LogModuleManager: Shutting down and abandoning module Networking (178)
[2017.12.11-06.11.04:477][844]LogModuleManager: Shutting down and abandoning module Core (174)
[2017.12.11-06.11.04:477][844]LogModuleManager: Shutting down and abandoning module LevelSequence (170)
[2017.12.11-06.11.04:477][844]LogModuleManager: Shutting down and abandoning module DirectoryWatcher (168)
[2017.12.11-06.11.04:479][844]LogModuleManager: Shutting down and abandoning module KismetCompiler (166)
[2017.12.11-06.11.04:479][844]LogModuleManager: Shutting down and abandoning module MeshUtilities (164)
[2017.12.11-06.11.04:479][844]LogModuleManager: Shutting down and abandoning module MeshMergeUtilities (163)
[2017.12.11-06.11.04:479][844]LogModuleManager: Shutting down and abandoning module MeshReductionInterface (162)
[2017.12.11-06.11.04:479][844]LogModuleManager: Shutting down and abandoning module SimplygonSwarm (161)
[2017.12.11-06.11.04:479][844]LogModuleManager: Shutting down and abandoning module SimplygonMeshReduction (159)
[2017.12.11-06.11.04:479][844]LogModuleManager: Shutting down and abandoning module QuadricMeshReduction (157)
[2017.12.11-06.11.04:479][844]LogModuleManager: Shutting down and abandoning module MaterialBaking (153)
[2017.12.11-06.11.04:479][844]LogModuleManager: Shutting down and abandoning module DerivedDataCache (150)
[2017.12.11-06.11.04:533][844]LogDerivedDataCache: Shutdown
[2017.12.11-06.11.04:533][844]LogModuleManager: Shutting down and abandoning module TargetPlatform (148)
[2017.12.11-06.11.04:534][844]LogModuleManager: Shutting down and abandoning module VulkanShaderFormat (147)
[2017.12.11-06.11.04:534][844]LogModuleManager: Shutting down and abandoning module ShaderFormatVectorVM (145)
[2017.12.11-06.11.04:534][844]LogModuleManager: Shutting down and abandoning module ShaderFormatOpenGL (143)
[2017.12.11-06.11.04:534][844]LogModuleManager: Shutting down and abandoning module ShaderFormatD3D (141)
[2017.12.11-06.11.04:534][844]LogModuleManager: Shutting down and abandoning module MetalShaderFormat (139)
[2017.12.11-06.11.04:534][844]LogModuleManager: Shutting down and abandoning module TextureFormatUncompressed (137)
[2017.12.11-06.11.04:534][844]LogModuleManager: Shutting down and abandoning module TextureFormatPVR (135)
[2017.12.11-06.11.04:534][844]LogModuleManager: Shutting down and abandoning module TextureFormatDXT (133)
[2017.12.11-06.11.04:534][844]LogModuleManager: Shutting down and abandoning module TextureFormatIntelISPCTexComp (131)
[2017.12.11-06.11.04:534][844]LogModuleManager: Shutting down and abandoning module TextureFormatASTC (129)
[2017.12.11-06.11.04:534][844]LogModuleManager: Shutting down and abandoning module ImageWrapper (128)
[2017.12.11-06.11.04:534][844]LogModuleManager: Shutting down and abandoning module TextureFormatAndroid (125)
[2017.12.11-06.11.04:534][844]LogModuleManager: Shutting down and abandoning module AudioFormatOpus (123)
[2017.12.11-06.11.04:534][844]LogModuleManager: Shutting down and abandoning module AudioFormatOgg (121)
[2017.12.11-06.11.04:534][844]LogModuleManager: Shutting down and abandoning module AudioFormatADPCM (119)
[2017.12.11-06.11.04:534][844]LogModuleManager: Shutting down and abandoning module LinuxTargetPlatform (117)
[2017.12.11-06.11.04:534][844]LogModuleManager: Shutting down and abandoning module LinuxServerTargetPlatform (115)
[2017.12.11-06.11.04:534][844]LogModuleManager: Shutting down and abandoning module LinuxNoEditorTargetPlatform (113)
[2017.12.11-06.11.04:534][844]LogModuleManager: Shutting down and abandoning module LinuxClientTargetPlatform (111)
[2017.12.11-06.11.04:534][844]LogModuleManager: Shutting down and abandoning module TVOSTargetPlatform (109)
[2017.12.11-06.11.04:534][844]LogModuleManager: Shutting down and abandoning module Messaging (107)
[2017.12.11-06.11.04:534][844]LogModuleManager: Shutting down and abandoning module IOSTargetPlatform (105)
[2017.12.11-06.11.04:534][844]LogModuleManager: Shutting down and abandoning module HTML5TargetPlatform (103)
[2017.12.11-06.11.04:534][844]LogModuleManager: Shutting down and abandoning module AndroidTargetPlatform (101)
[2017.12.11-06.11.04:534][844]LogModuleManager: Shutting down and abandoning module Android_PVRTCTargetPlatform (99)
[2017.12.11-06.11.04:534][844]LogModuleManager: Shutting down and abandoning module Android_MultiTargetPlatform (97)
[2017.12.11-06.11.04:534][844]LogModuleManager: Shutting down and abandoning module Android_ETC2TargetPlatform (95)
[2017.12.11-06.11.04:534][844]LogModuleManager: Shutting down and abandoning module Android_ETC1TargetPlatform (93)
[2017.12.11-06.11.04:534][844]LogModuleManager: Shutting down and abandoning module Android_DXTTargetPlatform (91)
[2017.12.11-06.11.04:534][844]LogModuleManager: Shutting down and abandoning module Android_ATCTargetPlatform (89)
[2017.12.11-06.11.04:534][844]LogModuleManager: Shutting down and abandoning module Android_ASTCTargetPlatform (87)
[2017.12.11-06.11.04:534][844]LogModuleManager: Shutting down and abandoning module WindowsTargetPlatform (85)
[2017.12.11-06.11.04:534][844]LogModuleManager: Shutting down and abandoning module WindowsServerTargetPlatform (83)
[2017.12.11-06.11.04:534][844]LogModuleManager: Shutting down and abandoning module WindowsNoEditorTargetPlatform (81)
[2017.12.11-06.11.04:534][844]LogModuleManager: Shutting down and abandoning module WindowsClientTargetPlatform (79)
[2017.12.11-06.11.04:534][844]LogModuleManager: Shutting down and abandoning module MacTargetPlatform (77)
[2017.12.11-06.11.04:535][844]LogModuleManager: Shutting down and abandoning module MacServerTargetPlatform (75)
[2017.12.11-06.11.04:535][844]LogModuleManager: Shutting down and abandoning module MacNoEditorTargetPlatform (73)
[2017.12.11-06.11.04:535][844]LogModuleManager: Shutting down and abandoning module MacClientTargetPlatform (71)
[2017.12.11-06.11.04:535][844]LogModuleManager: Shutting down and abandoning module AllDesktopTargetPlatform (69)
[2017.12.11-06.11.04:535][844]LogModuleManager: Shutting down and abandoning module InputCore (66)
[2017.12.11-06.11.04:535][844]LogModuleManager: Shutting down and abandoning module Settings (64)
[2017.12.11-06.11.04:535][844]LogModuleManager: Shutting down and abandoning module PhysXCooking (62)
[2017.12.11-06.11.04:535][844]LogModuleManager: Shutting down and abandoning module SteamVR (60)
[2017.12.11-06.11.04:535][844]LogModuleManager: Shutting down and abandoning module OculusHMD (58)
[2017.12.11-06.11.04:535][844]LogModuleManager: Shutting down and abandoning module ExampleDeviceProfileSelector (56)
[2017.12.11-06.11.04:535][844]LogModuleManager: Shutting down and abandoning module AppleARKit (54)
[2017.12.11-06.11.04:535][844]LogModuleManager: Shutting down and abandoning module AugmentedReality (53)
[2017.12.11-06.11.04:535][844]LogModuleManager: Shutting down and abandoning module OnlineBlueprintSupport (50)
[2017.12.11-06.11.04:535][844]LogModuleManager: Shutting down and abandoning module OnlineSubsystem (46)
[2017.12.11-06.11.04:535][844]LogModuleManager: Shutting down and abandoning module XMPP (45)
[2017.12.11-06.11.04:535][844]LogModuleManager: Shutting down and abandoning module HTTP (43)
[2017.12.11-06.11.04:535][844]LogHttp: Display: Http module shutting down, but needs to wait on 1 outstanding Http requests:
[2017.12.11-06.11.04:535][844]LogHttp: Display: 	verb=[POST] url=[https://datarouter.ol.epicgames.com/datarouter/api/v1/public/data?SessionID=%7BE8FF480C-4C30-BC46-A615-588DC0AEA8F0%7D&AppID=UEEditor.Rocket.Release&AppVersion=4.18.1-3754814%2B%2B%2BUE4%2BRelease-4.18&UserID=7a74afea4680f4b3709eae8eb132f4c2%7C93bea8dc1ef64c3fb728186a27d332e2%7C823d3a43-fc94-4b01-933d-be71a4c911c6&AppEnvironment=datacollector-binary&UploadType=eteventstream] status=Processing
[2017.12.11-06.11.04:552][844]LogModuleManager: Shutting down and abandoning module SSL (42)
[2017.12.11-06.11.04:553][844]LogModuleManager: Shutting down and abandoning module DesktopPlatform (38)
[2017.12.11-06.11.04:553][844]LogModuleManager: Shutting down and abandoning module AnimationModifiers (36)
[2017.12.11-06.11.04:553][844]LogModuleManager: Shutting down and abandoning module PropertyEditor (35)
[2017.12.11-06.11.04:553][844]LogModuleManager: Shutting down and abandoning module AudioEditor (32)
[2017.12.11-06.11.04:553][844]LogModuleManager: Shutting down and abandoning module TextureCompressor (30)
[2017.12.11-06.11.04:554][844]LogModuleManager: Shutting down and abandoning module ShaderCore (28)
[2017.12.11-06.11.04:554][844]LogModuleManager: Shutting down and abandoning module Landscape (26)
[2017.12.11-06.11.04:554][844]LogModuleManager: Shutting down and abandoning module SlateRHIRenderer (24)
[2017.12.11-06.11.04:555][844]LogModuleManager: Shutting down and abandoning module OpenGLDrv (22)
[2017.12.11-06.11.04:555][844]LogModuleManager: Shutting down and abandoning module D3D11RHI (20)
[2017.12.11-06.11.04:556][844]LogModuleManager: Shutting down and abandoning module AnimGraphRuntime (18)
[2017.12.11-06.11.04:556][844]LogModuleManager: Shutting down and abandoning module Renderer (16)
[2017.12.11-06.11.04:556][844]LogModuleManager: Shutting down and abandoning module Engine (14)
[2017.12.11-06.11.04:556][844]LogModuleManager: Shutting down and abandoning module CoreUObject (12)
[2017.12.11-06.11.04:556][844]LogModuleManager: Shutting down and abandoning module NetworkFile (10)
[2017.12.11-06.11.04:556][844]LogModuleManager: Shutting down and abandoning module CookedIterativeFile (8)
[2017.12.11-06.11.04:556][844]LogModuleManager: Shutting down and abandoning module StreamingFile (6)
[2017.12.11-06.11.04:556][844]LogModuleManager: Shutting down and abandoning module SandboxFile (4)
[2017.12.11-06.11.04:556][844]LogModuleManager: Shutting down and abandoning module PakFile (2)
[2017.12.11-06.11.04:560][844]LogExit: Exiting.
[2017.12.11-06.11.04:588][844]Log file closed, 12/11/17 01:11:04
